Using pre-set license
Built from '2020.3/staging' branch; Version is '2020.3.20f1 (41c4e627c95f) revision 4310246'; Using compiler version '192528614'; Build Type 'Release'
OS: 'Windows 10 Home Single Language; OS build 16299.431; Version 1709; 64bit' Language: 'en' Physical Memory: 8074 MB
BatchMode: 1, IsHumanControllingUs: 0, StartBugReporterOnCrash: 0, Is64bit: 1, IsPro: 0

COMMAND LINE ARGUMENTS:
C:\Program Files\Unity\Hub\Editor\2020.3.20f1\Editor\Unity.exe
-adb2
-batchMode
-noUpm
-name
AssetImportWorker0
-projectPath
C:/Users/admin/Documents/GitHub/TowerDefenseGame/TowerDefence
-logFile
Logs/AssetImportWorker0.log
-srvPort
50802
Successfully changed project path to: C:/Users/admin/Documents/GitHub/TowerDefenseGame/TowerDefence
C:/Users/admin/Documents/GitHub/TowerDefenseGame/TowerDefence
Using Asset Import Pipeline V2.
Refreshing native plugins compatible for Editor in 152.61 ms, found 3 plugins.
Preloading 0 native plugins for Editor in 0.00 ms.
Initialize engine version: 2020.3.20f1 (41c4e627c95f)
[Subsystems] Discovering subsystems at path C:/Program Files/Unity/Hub/Editor/2020.3.20f1/Editor/Data/Resources/UnitySubsystems
[Subsystems] Discovering subsystems at path C:/Users/admin/Documents/GitHub/TowerDefenseGame/TowerDefence/Assets
GfxDevice: creating device client; threaded=0
Direct3D:
    Version:  Direct3D 11.0 [level 11.0]
    Renderer: NVIDIA GeForce 820M (ID=0x1140)
    Vendor:   
    VRAM:     1990 MB
    Driver:   23.21.13.9135
Initialize mono
Mono path[0] = 'C:/Program Files/Unity/Hub/Editor/2020.3.20f1/Editor/Data/Managed'
Mono path[1] = 'C:/Program Files/Unity/Hub/Editor/2020.3.20f1/Editor/Data/MonoBleedingEdge/lib/mono/unityjit'
Mono config path = 'C:/Program Files/Unity/Hub/Editor/2020.3.20f1/Editor/Data/MonoBleedingEdge/etc'
Using monoOptions --debugger-agent=transport=dt_socket,embedding=1,server=y,suspend=n,address=127.0.0.1:56608
Begin MonoManager ReloadAssembly
Registering precompiled unity dll's ...
Register platform support module: C:/Program Files/Unity/Hub/Editor/2020.3.20f1/Editor/Data/PlaybackEngines/WindowsStandaloneSupport/UnityEditor.WindowsStandalone.Extensions.dll
Registered in 0.045775 seconds.
Native extension for WindowsStandalone target not found
Refreshing native plugins compatible for Editor in 230.12 ms, found 3 plugins.
Preloading 0 native plugins for Editor in 0.00 ms.
Mono: successfully reloaded assembly
- Completed reload, in 13.230 seconds
Domain Reload Profiling:
	ReloadAssembly (13231ms)
		BeginReloadAssembly (428ms)
			ExecutionOrderSort (0ms)
			DisableScriptedObjects (0ms)
			BackupInstance (0ms)
			ReleaseScriptingObjects (0ms)
			CreateAndSetChildDomain (3ms)
		EndReloadAssembly (2018ms)
			LoadAssemblies (395ms)
			RebuildTransferFunctionScriptingTraits (0ms)
			SetupTypeCache (867ms)
			ReleaseScriptCaches (0ms)
			RebuildScriptCaches (95ms)
			SetupLoadedEditorAssemblies (656ms)
				LogAssemblyErrors (0ms)
				InitializePlatformSupportModulesInManaged (19ms)
				SetLoadedEditorAssemblies (1ms)
				RefreshPlugins (231ms)
				BeforeProcessingInitializeOnLoad (42ms)
				ProcessInitializeOnLoadAttributes (270ms)
				ProcessInitializeOnLoadMethodAttributes (93ms)
				AfterProcessingInitializeOnLoad (0ms)
				EditorAssembliesLoaded (0ms)
			ExecutionOrderSort2 (0ms)
			AwakeInstancesAfterBackupRestoration (0ms)
Platform modules already initialized, skipping
Registering precompiled user dll's ...
Registered in 0.038049 seconds.
Begin MonoManager ReloadAssembly
Native extension for WindowsStandalone target not found
Refreshing native plugins compatible for Editor in 229.41 ms, found 3 plugins.
Preloading 0 native plugins for Editor in 0.00 ms.
Mono: successfully reloaded assembly
- Completed reload, in  6.017 seconds
Domain Reload Profiling:
	ReloadAssembly (6022ms)
		BeginReloadAssembly (822ms)
			ExecutionOrderSort (0ms)
			DisableScriptedObjects (17ms)
			BackupInstance (0ms)
			ReleaseScriptingObjects (0ms)
			CreateAndSetChildDomain (61ms)
		EndReloadAssembly (4776ms)
			LoadAssemblies (818ms)
			RebuildTransferFunctionScriptingTraits (0ms)
			SetupTypeCache (1252ms)
			ReleaseScriptCaches (1ms)
			RebuildScriptCaches (214ms)
			SetupLoadedEditorAssemblies (2128ms)
				LogAssemblyErrors (0ms)
				InitializePlatformSupportModulesInManaged (16ms)
				SetLoadedEditorAssemblies (1ms)
				RefreshPlugins (230ms)
				BeforeProcessingInitializeOnLoad (603ms)
				ProcessInitializeOnLoadAttributes (1095ms)
				ProcessInitializeOnLoadMethodAttributes (45ms)
				AfterProcessingInitializeOnLoad (138ms)
				EditorAssembliesLoaded (0ms)
			ExecutionOrderSort2 (0ms)
			AwakeInstancesAfterBackupRestoration (15ms)
Platform modules already initialized, skipping
========================================================================
Worker process is ready to serve import requests
Launched and connected shader compiler UnityShaderCompiler.exe after 0.24 seconds
Refreshing native plugins compatible for Editor in 1.09 ms, found 3 plugins.
Preloading 0 native plugins for Editor in 0.00 ms.
Unloading 2249 Unused Serialized files (Serialized files now loaded: 0)
System memory in use before: 99.4 MB.
System memory in use after: 99.5 MB.

Unloading 25 unused Assets to reduce memory usage. Loaded Objects now: 2690.
Total: 7.488733 ms (FindLiveObjects: 0.435938 ms CreateObjectMapping: 0.632569 ms MarkObjects: 6.268971 ms  DeleteObjects: 0.149094 ms)

AssetImportParameters requested are different than current active one (requested -> active):
  custom:framework-win-MediaFoundation: 216162199b28c13a410421893ffa2e32 -> 
  custom:video-decoder-ogg-theora: a1e56fd34408186e4bbccfd4996cb3dc -> 
  custom:container-muxer-webm: aa71ff27fc2769a1b78a27578f13a17b -> 
  custom:container-demuxer-webm: 4f35f7cbe854078d1ac9338744f61a02 -> 
  custom:container-demuxer-ogg: 62fdf1f143b41e24485cea50d1cbac27 -> 
  custom:video-encoder-webm-vp8: eb34c28f22e8b96e1ab97ce403110664 -> 
  custom:video-codec-MediaFoundation-h265: 746d11721c4dcdbdad8f713fa42b33f4 -> 
  custom:video-decoder-webm-vp8: 9c59270c3fd7afecdb556c50c9e8de78 -> 
  custom:audio-decoder-ogg-vorbis: bf7c407c2cedff20999df2af8eb42d56 -> 
  custom:audio-encoder-webm-vorbis: bf7c407c2cedff20999df2af8eb42d56 -> 
========================================================================
Received Import Request.
  path: Assets/ScriptableObject/Debuff_And_Buff/Slow_Basic_2.asset
  artifactKey: Guid(6d5798658316b204c933c182e8ec857a) Importer(815301076,1909f56bfc062723c751e8b465ee728b)
Start importing Assets/ScriptableObject/Debuff_And_Buff/Slow_Basic_2.asset using Guid(6d5798658316b204c933c182e8ec857a) Importer(815301076,1909f56bfc062723c751e8b465ee728b)  -> (artifact id: '50a622faeaddb6f53c251827b71efe01') in 0.153174 seconds 
  Import took 0.167276 seconds .

========================================================================
Received Import Request.
  Time since last request: 0.000909 seconds.
  path: Assets/ScriptableObject/Debuff_And_Buff/Slow_Basic.asset
  artifactKey: Guid(ca9c4b1f8f0d0904c8f3d2d0ed722c33) Importer(815301076,1909f56bfc062723c751e8b465ee728b)
Start importing Assets/ScriptableObject/Debuff_And_Buff/Slow_Basic.asset using Guid(ca9c4b1f8f0d0904c8f3d2d0ed722c33) Importer(815301076,1909f56bfc062723c751e8b465ee728b)  -> (artifact id: 'ba87a14209ca5314f7c4ec725e653352') in 0.057720 seconds 
  Import took 0.077321 seconds .

========================================================================
Received Import Request.
  Time since last request: 0.000683 seconds.
  path: Assets/ScriptableObject/Debuff_And_Buff/Slow_Stacking.asset
  artifactKey: Guid(634810e9c6d1d2147a78be1e0acf4014) Importer(815301076,1909f56bfc062723c751e8b465ee728b)
Start importing Assets/ScriptableObject/Debuff_And_Buff/Slow_Stacking.asset using Guid(634810e9c6d1d2147a78be1e0acf4014) Importer(815301076,1909f56bfc062723c751e8b465ee728b)  -> (artifact id: 'f0d9d57da49315257bf26466b684fda7') in 0.062257 seconds 
  Import took 0.080162 seconds .

========================================================================
Received Prepare
Refreshing native plugins compatible for Editor in 26.63 ms, found 3 plugins.
Preloading 0 native plugins for Editor in 0.00 ms.
Unloading 13 Unused Serialized files (Serialized files now loaded: 0)
System memory in use before: 53.7 MB.
System memory in use after: 53.8 MB.

Unloading 12 unused Assets to reduce memory usage. Loaded Objects now: 2690.
Total: 7.603795 ms (FindLiveObjects: 0.381378 ms CreateObjectMapping: 0.345725 ms MarkObjects: 6.811327 ms  DeleteObjects: 0.062663 ms)

AssetImportParameters requested are different than current active one (requested -> active):
  custom:framework-win-MediaFoundation: 216162199b28c13a410421893ffa2e32 -> 
  custom:video-decoder-ogg-theora: a1e56fd34408186e4bbccfd4996cb3dc -> 
  custom:container-muxer-webm: aa71ff27fc2769a1b78a27578f13a17b -> 
  custom:container-demuxer-webm: 4f35f7cbe854078d1ac9338744f61a02 -> 
  custom:container-demuxer-ogg: 62fdf1f143b41e24485cea50d1cbac27 -> 
  custom:video-encoder-webm-vp8: eb34c28f22e8b96e1ab97ce403110664 -> 
  custom:video-codec-MediaFoundation-h265: 746d11721c4dcdbdad8f713fa42b33f4 -> 
  custom:video-decoder-webm-vp8: 9c59270c3fd7afecdb556c50c9e8de78 -> 
  custom:audio-decoder-ogg-vorbis: bf7c407c2cedff20999df2af8eb42d56 -> 
  custom:audio-encoder-webm-vorbis: bf7c407c2cedff20999df2af8eb42d56 -> 
========================================================================
Received Prepare
Registering precompiled user dll's ...
Registered in 0.030706 seconds.
Begin MonoManager ReloadAssembly
Native extension for WindowsStandalone target not found
Refreshing native plugins compatible for Editor in 1.10 ms, found 3 plugins.
Preloading 0 native plugins for Editor in 0.00 ms.
Mono: successfully reloaded assembly
- Completed reload, in  4.305 seconds
Domain Reload Profiling:
	ReloadAssembly (4306ms)
		BeginReloadAssembly (574ms)
			ExecutionOrderSort (0ms)
			DisableScriptedObjects (16ms)
			BackupInstance (0ms)
			ReleaseScriptingObjects (0ms)
			CreateAndSetChildDomain (110ms)
		EndReloadAssembly (3296ms)
			LoadAssemblies (671ms)
			RebuildTransferFunctionScriptingTraits (0ms)
			SetupTypeCache (969ms)
			ReleaseScriptCaches (3ms)
			RebuildScriptCaches (145ms)
			SetupLoadedEditorAssemblies (1299ms)
				LogAssemblyErrors (0ms)
				InitializePlatformSupportModulesInManaged (18ms)
				SetLoadedEditorAssemblies (1ms)
				RefreshPlugins (2ms)
				BeforeProcessingInitializeOnLoad (534ms)
				ProcessInitializeOnLoadAttributes (605ms)
				ProcessInitializeOnLoadMethodAttributes (18ms)
				AfterProcessingInitializeOnLoad (121ms)
				EditorAssembliesLoaded (0ms)
			ExecutionOrderSort2 (0ms)
			AwakeInstancesAfterBackupRestoration (33ms)
Platform modules already initialized, skipping
Refreshing native plugins compatible for Editor in 0.99 ms, found 3 plugins.
Preloading 0 native plugins for Editor in 0.00 ms.
Unloading 2226 Unused Serialized files (Serialized files now loaded: 0)
System memory in use before: 97.7 MB.
System memory in use after: 97.8 MB.

Unloading 14 unused Assets to reduce memory usage. Loaded Objects now: 2693.
Total: 7.039830 ms (FindLiveObjects: 0.363552 ms CreateObjectMapping: 0.296567 ms MarkObjects: 6.346219 ms  DeleteObjects: 0.031331 ms)

AssetImportParameters requested are different than current active one (requested -> active):
  custom:framework-win-MediaFoundation: 216162199b28c13a410421893ffa2e32 -> 
  custom:video-decoder-ogg-theora: a1e56fd34408186e4bbccfd4996cb3dc -> 
  custom:container-muxer-webm: aa71ff27fc2769a1b78a27578f13a17b -> 
  custom:container-demuxer-webm: 4f35f7cbe854078d1ac9338744f61a02 -> 
  custom:container-demuxer-ogg: 62fdf1f143b41e24485cea50d1cbac27 -> 
  custom:video-encoder-webm-vp8: eb34c28f22e8b96e1ab97ce403110664 -> 
  custom:video-codec-MediaFoundation-h265: 746d11721c4dcdbdad8f713fa42b33f4 -> 
  custom:video-decoder-webm-vp8: 9c59270c3fd7afecdb556c50c9e8de78 -> 
  custom:audio-decoder-ogg-vorbis: bf7c407c2cedff20999df2af8eb42d56 -> 
  custom:audio-encoder-webm-vorbis: bf7c407c2cedff20999df2af8eb42d56 -> 
========================================================================
Received Import Request.
  Time since last request: 56.213791 seconds.
  path: Assets/enemy/Basic Enemy .prefab
  artifactKey: Guid(fa225b58fa1f0ec49956f8e7dfc5e969) Importer(815301076,1909f56bfc062723c751e8b465ee728b)
Start importing Assets/enemy/Basic Enemy .prefab using Guid(fa225b58fa1f0ec49956f8e7dfc5e969) Importer(815301076,1909f56bfc062723c751e8b465ee728b)  -> (artifact id: '34dd1d786de0a851443409d9502f6b72') in 0.381890 seconds 
  Import took 0.394638 seconds .

========================================================================
Received Import Request.
  Time since last request: 27.192194 seconds.
  path: Assets/enemy/Basic Enemy .prefab
  artifactKey: Guid(fa225b58fa1f0ec49956f8e7dfc5e969) Importer(815301076,1909f56bfc062723c751e8b465ee728b)
Start importing Assets/enemy/Basic Enemy .prefab using Guid(fa225b58fa1f0ec49956f8e7dfc5e969) Importer(815301076,1909f56bfc062723c751e8b465ee728b)  -> (artifact id: '9debf5fea3a283abfb59ee4ac1a33774') in 0.120957 seconds 
  Import took 0.140073 seconds .

========================================================================
Received Import Request.
  Time since last request: 5.438001 seconds.
  path: Assets/enemy/Basic Enemy .prefab
  artifactKey: Guid(fa225b58fa1f0ec49956f8e7dfc5e969) Importer(815301076,1909f56bfc062723c751e8b465ee728b)
Start importing Assets/enemy/Basic Enemy .prefab using Guid(fa225b58fa1f0ec49956f8e7dfc5e969) Importer(815301076,1909f56bfc062723c751e8b465ee728b)  -> (artifact id: 'a360f54f7e170d399016efcf3d76a99b') in 0.206999 seconds 
  Import took 0.221406 seconds .

========================================================================
Received Import Request.
  Time since last request: 2.790082 seconds.
  path: Assets/enemy/Basic Enemy .prefab
  artifactKey: Guid(fa225b58fa1f0ec49956f8e7dfc5e969) Importer(815301076,1909f56bfc062723c751e8b465ee728b)
Start importing Assets/enemy/Basic Enemy .prefab using Guid(fa225b58fa1f0ec49956f8e7dfc5e969) Importer(815301076,1909f56bfc062723c751e8b465ee728b)  -> (artifact id: 'b8a0dff6f4504739f06dfb0932d89943') in 0.124654 seconds 
  Import took 0.144520 seconds .

========================================================================
Received Import Request.
  Time since last request: 7.692433 seconds.
  path: Assets/enemy/Basic Enemy .prefab
  artifactKey: Guid(fa225b58fa1f0ec49956f8e7dfc5e969) Importer(815301076,1909f56bfc062723c751e8b465ee728b)
Start importing Assets/enemy/Basic Enemy .prefab using Guid(fa225b58fa1f0ec49956f8e7dfc5e969) Importer(815301076,1909f56bfc062723c751e8b465ee728b)  -> (artifact id: '6f9ecd10eab34dd1bcc6e1cafbd26f24') in 0.114259 seconds 
  Import took 0.128563 seconds .

========================================================================
Received Import Request.
  Time since last request: 15.187599 seconds.
  path: Assets/enemy/Basic Enemy .prefab
  artifactKey: Guid(fa225b58fa1f0ec49956f8e7dfc5e969) Importer(815301076,1909f56bfc062723c751e8b465ee728b)
Start importing Assets/enemy/Basic Enemy .prefab using Guid(fa225b58fa1f0ec49956f8e7dfc5e969) Importer(815301076,1909f56bfc062723c751e8b465ee728b)  -> (artifact id: '2ae4e10a18b81356eb2b4844db281259') in 0.117191 seconds 
  Import took 0.132871 seconds .

========================================================================
Received Import Request.
  Time since last request: 4.094996 seconds.
  path: Assets/enemy/Basic Enemy .prefab
  artifactKey: Guid(fa225b58fa1f0ec49956f8e7dfc5e969) Importer(815301076,1909f56bfc062723c751e8b465ee728b)
Start importing Assets/enemy/Basic Enemy .prefab using Guid(fa225b58fa1f0ec49956f8e7dfc5e969) Importer(815301076,1909f56bfc062723c751e8b465ee728b)  -> (artifact id: 'b78e73ba515f8ab9a5608d3cf770a100') in 0.212694 seconds 
  Import took 0.236992 seconds .

========================================================================
Received Import Request.
  Time since last request: 1.941625 seconds.
  path: Assets/enemy/Basic Enemy .prefab
  artifactKey: Guid(fa225b58fa1f0ec49956f8e7dfc5e969) Importer(815301076,1909f56bfc062723c751e8b465ee728b)
Start importing Assets/enemy/Basic Enemy .prefab using Guid(fa225b58fa1f0ec49956f8e7dfc5e969) Importer(815301076,1909f56bfc062723c751e8b465ee728b)  -> (artifact id: '5fdb0d827deb695c947c6e744b86d12c') in 0.151865 seconds 
  Import took 0.167768 seconds .

========================================================================
Received Import Request.
  Time since last request: 1.620800 seconds.
  path: Assets/enemy/Basic Enemy .prefab
  artifactKey: Guid(fa225b58fa1f0ec49956f8e7dfc5e969) Importer(815301076,1909f56bfc062723c751e8b465ee728b)
Start importing Assets/enemy/Basic Enemy .prefab using Guid(fa225b58fa1f0ec49956f8e7dfc5e969) Importer(815301076,1909f56bfc062723c751e8b465ee728b)  -> (artifact id: '8cda9f7c3790d4bbddb8d0a3e587db22') in 0.171123 seconds 
  Import took 0.192203 seconds .

========================================================================
Received Import Request.
  Time since last request: 1.281609 seconds.
  path: Assets/enemy/Basic Enemy .prefab
  artifactKey: Guid(fa225b58fa1f0ec49956f8e7dfc5e969) Importer(815301076,1909f56bfc062723c751e8b465ee728b)
Start importing Assets/enemy/Basic Enemy .prefab using Guid(fa225b58fa1f0ec49956f8e7dfc5e969) Importer(815301076,1909f56bfc062723c751e8b465ee728b)  -> (artifact id: 'ffb74cc5dec91d1741026924ff8ce9b2') in 0.231232 seconds 
  Import took 0.252736 seconds .

========================================================================
Received Import Request.
  Time since last request: 9.064696 seconds.
  path: Assets/enemy/Basic Enemy .prefab
  artifactKey: Guid(fa225b58fa1f0ec49956f8e7dfc5e969) Importer(815301076,1909f56bfc062723c751e8b465ee728b)
Start importing Assets/enemy/Basic Enemy .prefab using Guid(fa225b58fa1f0ec49956f8e7dfc5e969) Importer(815301076,1909f56bfc062723c751e8b465ee728b)  -> (artifact id: 'a33337756dda6ccbe60a218f3f2ac8ec') in 0.135450 seconds 
  Import took 0.154165 seconds .

========================================================================
Received Import Request.
  Time since last request: 6.733999 seconds.
  path: Assets/enemy/Basic Enemy .prefab
  artifactKey: Guid(fa225b58fa1f0ec49956f8e7dfc5e969) Importer(815301076,1909f56bfc062723c751e8b465ee728b)
Start importing Assets/enemy/Basic Enemy .prefab using Guid(fa225b58fa1f0ec49956f8e7dfc5e969) Importer(815301076,1909f56bfc062723c751e8b465ee728b)  -> (artifact id: '43051df346c674202327eabad330caa3') in 0.095527 seconds 
  Import took 0.107233 seconds .

========================================================================
Received Import Request.
  Time since last request: 8.165757 seconds.
  path: Assets/enemy/Basic Enemy .prefab
  artifactKey: Guid(fa225b58fa1f0ec49956f8e7dfc5e969) Importer(815301076,1909f56bfc062723c751e8b465ee728b)
Start importing Assets/enemy/Basic Enemy .prefab using Guid(fa225b58fa1f0ec49956f8e7dfc5e969) Importer(815301076,1909f56bfc062723c751e8b465ee728b)  -> (artifact id: 'bbc3913849d410f7a2141ff0ad82988b') in 0.102071 seconds 
  Import took 0.119086 seconds .

========================================================================
Received Import Request.
  Time since last request: 6.679825 seconds.
  path: Assets/enemy/Basic Enemy .prefab
  artifactKey: Guid(fa225b58fa1f0ec49956f8e7dfc5e969) Importer(815301076,1909f56bfc062723c751e8b465ee728b)
Start importing Assets/enemy/Basic Enemy .prefab using Guid(fa225b58fa1f0ec49956f8e7dfc5e969) Importer(815301076,1909f56bfc062723c751e8b465ee728b)  -> (artifact id: '90490549b69d562a89fb7a093ee87327') in 0.099089 seconds 
  Import took 0.245720 seconds .

========================================================================
Received Prepare
Registering precompiled user dll's ...
Registered in 0.028975 seconds.
Begin MonoManager ReloadAssembly
Native extension for WindowsStandalone target not found
Refreshing native plugins compatible for Editor in 0.88 ms, found 3 plugins.
Preloading 0 native plugins for Editor in 0.00 ms.
Mono: successfully reloaded assembly
- Completed reload, in  4.110 seconds
Domain Reload Profiling:
	ReloadAssembly (4112ms)
		BeginReloadAssembly (617ms)
			ExecutionOrderSort (0ms)
			DisableScriptedObjects (16ms)
			BackupInstance (0ms)
			ReleaseScriptingObjects (0ms)
			CreateAndSetChildDomain (103ms)
		EndReloadAssembly (3187ms)
			LoadAssemblies (620ms)
			RebuildTransferFunctionScriptingTraits (0ms)
			SetupTypeCache (967ms)
			ReleaseScriptCaches (2ms)
			RebuildScriptCaches (159ms)
			SetupLoadedEditorAssemblies (1318ms)
				LogAssemblyErrors (0ms)
				InitializePlatformSupportModulesInManaged (20ms)
				SetLoadedEditorAssemblies (1ms)
				RefreshPlugins (1ms)
				BeforeProcessingInitializeOnLoad (497ms)
				ProcessInitializeOnLoadAttributes (668ms)
				ProcessInitializeOnLoadMethodAttributes (16ms)
				AfterProcessingInitializeOnLoad (116ms)
				EditorAssembliesLoaded (0ms)
			ExecutionOrderSort2 (0ms)
			AwakeInstancesAfterBackupRestoration (24ms)
Platform modules already initialized, skipping
Refreshing native plugins compatible for Editor in 0.91 ms, found 3 plugins.
Preloading 0 native plugins for Editor in 0.00 ms.
Unloading 2226 Unused Serialized files (Serialized files now loaded: 0)
System memory in use before: 100.8 MB.
System memory in use after: 100.9 MB.

Unloading 14 unused Assets to reduce memory usage. Loaded Objects now: 2703.
Total: 10.436581 ms (FindLiveObjects: 0.369494 ms CreateObjectMapping: 0.276580 ms MarkObjects: 9.688950 ms  DeleteObjects: 0.098856 ms)

AssetImportParameters requested are different than current active one (requested -> active):
  custom:framework-win-MediaFoundation: 216162199b28c13a410421893ffa2e32 -> 
  custom:video-decoder-ogg-theora: a1e56fd34408186e4bbccfd4996cb3dc -> 
  custom:container-muxer-webm: aa71ff27fc2769a1b78a27578f13a17b -> 
  custom:container-demuxer-webm: 4f35f7cbe854078d1ac9338744f61a02 -> 
  custom:container-demuxer-ogg: 62fdf1f143b41e24485cea50d1cbac27 -> 
  custom:video-encoder-webm-vp8: eb34c28f22e8b96e1ab97ce403110664 -> 
  custom:video-codec-MediaFoundation-h265: 746d11721c4dcdbdad8f713fa42b33f4 -> 
  custom:video-decoder-webm-vp8: 9c59270c3fd7afecdb556c50c9e8de78 -> 
  custom:audio-decoder-ogg-vorbis: bf7c407c2cedff20999df2af8eb42d56 -> 
  custom:audio-encoder-webm-vorbis: bf7c407c2cedff20999df2af8eb42d56 -> 
========================================================================
Received Prepare
Registering precompiled user dll's ...
Registered in 0.028004 seconds.
Begin MonoManager ReloadAssembly
Native extension for WindowsStandalone target not found
Refreshing native plugins compatible for Editor in 0.89 ms, found 3 plugins.
Preloading 0 native plugins for Editor in 0.00 ms.
Mono: successfully reloaded assembly
- Completed reload, in  5.644 seconds
Domain Reload Profiling:
	ReloadAssembly (5646ms)
		BeginReloadAssembly (1382ms)
			ExecutionOrderSort (0ms)
			DisableScriptedObjects (29ms)
			BackupInstance (0ms)
			ReleaseScriptingObjects (0ms)
			CreateAndSetChildDomain (158ms)
		EndReloadAssembly (3724ms)
			LoadAssemblies (1443ms)
			RebuildTransferFunctionScriptingTraits (0ms)
			SetupTypeCache (1186ms)
			ReleaseScriptCaches (4ms)
			RebuildScriptCaches (145ms)
			SetupLoadedEditorAssemblies (1475ms)
				LogAssemblyErrors (0ms)
				InitializePlatformSupportModulesInManaged (19ms)
				SetLoadedEditorAssemblies (1ms)
				RefreshPlugins (1ms)
				BeforeProcessingInitializeOnLoad (717ms)
				ProcessInitializeOnLoadAttributes (620ms)
				ProcessInitializeOnLoadMethodAttributes (14ms)
				AfterProcessingInitializeOnLoad (101ms)
				EditorAssembliesLoaded (0ms)
			ExecutionOrderSort2 (0ms)
			AwakeInstancesAfterBackupRestoration (18ms)
Platform modules already initialized, skipping
Refreshing native plugins compatible for Editor in 0.98 ms, found 3 plugins.
Preloading 0 native plugins for Editor in 0.00 ms.
Unloading 2226 Unused Serialized files (Serialized files now loaded: 0)
System memory in use before: 100.9 MB.
System memory in use after: 101.0 MB.

Unloading 14 unused Assets to reduce memory usage. Loaded Objects now: 2706.
Total: 6.185781 ms (FindLiveObjects: 0.291706 ms CreateObjectMapping: 0.154496 ms MarkObjects: 5.702306 ms  DeleteObjects: 0.035113 ms)

AssetImportParameters requested are different than current active one (requested -> active):
  custom:framework-win-MediaFoundation: 216162199b28c13a410421893ffa2e32 -> 
  custom:video-decoder-ogg-theora: a1e56fd34408186e4bbccfd4996cb3dc -> 
  custom:container-muxer-webm: aa71ff27fc2769a1b78a27578f13a17b -> 
  custom:container-demuxer-webm: 4f35f7cbe854078d1ac9338744f61a02 -> 
  custom:container-demuxer-ogg: 62fdf1f143b41e24485cea50d1cbac27 -> 
  custom:video-encoder-webm-vp8: eb34c28f22e8b96e1ab97ce403110664 -> 
  custom:video-codec-MediaFoundation-h265: 746d11721c4dcdbdad8f713fa42b33f4 -> 
  custom:video-decoder-webm-vp8: 9c59270c3fd7afecdb556c50c9e8de78 -> 
  custom:audio-decoder-ogg-vorbis: bf7c407c2cedff20999df2af8eb42d56 -> 
  custom:audio-encoder-webm-vorbis: bf7c407c2cedff20999df2af8eb42d56 -> 
========================================================================
Received Prepare
Registering precompiled user dll's ...
Registered in 0.027551 seconds.
Begin MonoManager ReloadAssembly
Native extension for WindowsStandalone target not found
Refreshing native plugins compatible for Editor in 0.87 ms, found 3 plugins.
Preloading 0 native plugins for Editor in 0.00 ms.
Mono: successfully reloaded assembly
- Completed reload, in  3.171 seconds
Domain Reload Profiling:
	ReloadAssembly (3172ms)
		BeginReloadAssembly (486ms)
			ExecutionOrderSort (0ms)
			DisableScriptedObjects (13ms)
			BackupInstance (0ms)
			ReleaseScriptingObjects (0ms)
			CreateAndSetChildDomain (81ms)
		EndReloadAssembly (2432ms)
			LoadAssemblies (526ms)
			RebuildTransferFunctionScriptingTraits (0ms)
			SetupTypeCache (708ms)
			ReleaseScriptCaches (3ms)
			RebuildScriptCaches (107ms)
			SetupLoadedEditorAssemblies (981ms)
				LogAssemblyErrors (0ms)
				InitializePlatformSupportModulesInManaged (17ms)
				SetLoadedEditorAssemblies (1ms)
				RefreshPlugins (1ms)
				BeforeProcessingInitializeOnLoad (408ms)
				ProcessInitializeOnLoadAttributes (442ms)
				ProcessInitializeOnLoadMethodAttributes (14ms)
				AfterProcessingInitializeOnLoad (98ms)
				EditorAssembliesLoaded (0ms)
			ExecutionOrderSort2 (0ms)
			AwakeInstancesAfterBackupRestoration (19ms)
Platform modules already initialized, skipping
Refreshing native plugins compatible for Editor in 0.92 ms, found 3 plugins.
Preloading 0 native plugins for Editor in 0.00 ms.
Unloading 2226 Unused Serialized files (Serialized files now loaded: 0)
System memory in use before: 100.9 MB.
System memory in use after: 101.0 MB.

Unloading 14 unused Assets to reduce memory usage. Loaded Objects now: 2709.
Total: 5.985368 ms (FindLiveObjects: 0.293866 ms CreateObjectMapping: 0.156657 ms MarkObjects: 5.498112 ms  DeleteObjects: 0.033492 ms)

AssetImportParameters requested are different than current active one (requested -> active):
  custom:framework-win-MediaFoundation: 216162199b28c13a410421893ffa2e32 -> 
  custom:video-decoder-ogg-theora: a1e56fd34408186e4bbccfd4996cb3dc -> 
  custom:container-muxer-webm: aa71ff27fc2769a1b78a27578f13a17b -> 
  custom:container-demuxer-webm: 4f35f7cbe854078d1ac9338744f61a02 -> 
  custom:container-demuxer-ogg: 62fdf1f143b41e24485cea50d1cbac27 -> 
  custom:video-encoder-webm-vp8: eb34c28f22e8b96e1ab97ce403110664 -> 
  custom:video-codec-MediaFoundation-h265: 746d11721c4dcdbdad8f713fa42b33f4 -> 
  custom:video-decoder-webm-vp8: 9c59270c3fd7afecdb556c50c9e8de78 -> 
  custom:audio-decoder-ogg-vorbis: bf7c407c2cedff20999df2af8eb42d56 -> 
  custom:audio-encoder-webm-vorbis: bf7c407c2cedff20999df2af8eb42d56 -> 
========================================================================
Received Prepare
Registering precompiled user dll's ...
Registered in 0.025854 seconds.
Begin MonoManager ReloadAssembly
Native extension for WindowsStandalone target not found
Refreshing native plugins compatible for Editor in 1.32 ms, found 3 plugins.
Preloading 0 native plugins for Editor in 0.00 ms.
Mono: successfully reloaded assembly
- Completed reload, in  4.654 seconds
Domain Reload Profiling:
	ReloadAssembly (4656ms)
		BeginReloadAssembly (604ms)
			ExecutionOrderSort (0ms)
			DisableScriptedObjects (19ms)
			BackupInstance (0ms)
			ReleaseScriptingObjects (0ms)
			CreateAndSetChildDomain (112ms)
		EndReloadAssembly (3670ms)
			LoadAssemblies (676ms)
			RebuildTransferFunctionScriptingTraits (3ms)
			SetupTypeCache (1172ms)
			ReleaseScriptCaches (5ms)
			RebuildScriptCaches (150ms)
			SetupLoadedEditorAssemblies (1417ms)
				LogAssemblyErrors (0ms)
				InitializePlatformSupportModulesInManaged (19ms)
				SetLoadedEditorAssemblies (1ms)
				RefreshPlugins (2ms)
				BeforeProcessingInitializeOnLoad (575ms)
				ProcessInitializeOnLoadAttributes (685ms)
				ProcessInitializeOnLoadMethodAttributes (22ms)
				AfterProcessingInitializeOnLoad (114ms)
				EditorAssembliesLoaded (0ms)
			ExecutionOrderSort2 (0ms)
			AwakeInstancesAfterBackupRestoration (24ms)
Platform modules already initialized, skipping
Refreshing native plugins compatible for Editor in 5.61 ms, found 3 plugins.
Preloading 0 native plugins for Editor in 0.00 ms.
Unloading 2226 Unused Serialized files (Serialized files now loaded: 0)
System memory in use before: 100.8 MB.
System memory in use after: 100.9 MB.

Unloading 14 unused Assets to reduce memory usage. Loaded Objects now: 2712.
Total: 8.754411 ms (FindLiveObjects: 0.672544 ms CreateObjectMapping: 0.289545 ms MarkObjects: 7.722638 ms  DeleteObjects: 0.066444 ms)

AssetImportParameters requested are different than current active one (requested -> active):
  custom:framework-win-MediaFoundation: 216162199b28c13a410421893ffa2e32 -> 
  custom:video-decoder-ogg-theora: a1e56fd34408186e4bbccfd4996cb3dc -> 
  custom:container-muxer-webm: aa71ff27fc2769a1b78a27578f13a17b -> 
  custom:container-demuxer-webm: 4f35f7cbe854078d1ac9338744f61a02 -> 
  custom:container-demuxer-ogg: 62fdf1f143b41e24485cea50d1cbac27 -> 
  custom:video-encoder-webm-vp8: eb34c28f22e8b96e1ab97ce403110664 -> 
  custom:video-codec-MediaFoundation-h265: 746d11721c4dcdbdad8f713fa42b33f4 -> 
  custom:video-decoder-webm-vp8: 9c59270c3fd7afecdb556c50c9e8de78 -> 
  custom:audio-decoder-ogg-vorbis: bf7c407c2cedff20999df2af8eb42d56 -> 
  custom:audio-encoder-webm-vorbis: bf7c407c2cedff20999df2af8eb42d56 -> 
========================================================================
Received Prepare
Registering precompiled user dll's ...
Registered in 0.025168 seconds.
Begin MonoManager ReloadAssembly
Native extension for WindowsStandalone target not found
Refreshing native plugins compatible for Editor in 3.00 ms, found 3 plugins.
Preloading 0 native plugins for Editor in 0.00 ms.
Mono: successfully reloaded assembly
- Completed reload, in  8.072 seconds
Domain Reload Profiling:
	ReloadAssembly (8074ms)
		BeginReloadAssembly (859ms)
			ExecutionOrderSort (0ms)
			DisableScriptedObjects (22ms)
			BackupInstance (0ms)
			ReleaseScriptingObjects (0ms)
			CreateAndSetChildDomain (165ms)
		EndReloadAssembly (6557ms)
			LoadAssemblies (926ms)
			RebuildTransferFunctionScriptingTraits (0ms)
			SetupTypeCache (2004ms)
			ReleaseScriptCaches (9ms)
			RebuildScriptCaches (448ms)
			SetupLoadedEditorAssemblies (2600ms)
				LogAssemblyErrors (0ms)
				InitializePlatformSupportModulesInManaged (36ms)
				SetLoadedEditorAssemblies (3ms)
				RefreshPlugins (3ms)
				BeforeProcessingInitializeOnLoad (1078ms)
				ProcessInitializeOnLoadAttributes (1290ms)
				ProcessInitializeOnLoadMethodAttributes (30ms)
				AfterProcessingInitializeOnLoad (158ms)
				EditorAssembliesLoaded (0ms)
			ExecutionOrderSort2 (0ms)
			AwakeInstancesAfterBackupRestoration (33ms)
Platform modules already initialized, skipping
Refreshing native plugins compatible for Editor in 3.71 ms, found 3 plugins.
Preloading 0 native plugins for Editor in 0.00 ms.
Unloading 2226 Unused Serialized files (Serialized files now loaded: 0)
System memory in use before: 100.9 MB.
System memory in use after: 101.0 MB.

Unloading 14 unused Assets to reduce memory usage. Loaded Objects now: 2715.
Total: 20.601443 ms (FindLiveObjects: 0.493739 ms CreateObjectMapping: 0.499141 ms MarkObjects: 19.562107 ms  DeleteObjects: 0.043216 ms)

AssetImportParameters requested are different than current active one (requested -> active):
  custom:framework-win-MediaFoundation: 216162199b28c13a410421893ffa2e32 -> 
  custom:video-decoder-ogg-theora: a1e56fd34408186e4bbccfd4996cb3dc -> 
  custom:container-muxer-webm: aa71ff27fc2769a1b78a27578f13a17b -> 
  custom:container-demuxer-webm: 4f35f7cbe854078d1ac9338744f61a02 -> 
  custom:container-demuxer-ogg: 62fdf1f143b41e24485cea50d1cbac27 -> 
  custom:video-encoder-webm-vp8: eb34c28f22e8b96e1ab97ce403110664 -> 
  custom:video-codec-MediaFoundation-h265: 746d11721c4dcdbdad8f713fa42b33f4 -> 
  custom:video-decoder-webm-vp8: 9c59270c3fd7afecdb556c50c9e8de78 -> 
  custom:audio-decoder-ogg-vorbis: bf7c407c2cedff20999df2af8eb42d56 -> 
  custom:audio-encoder-webm-vorbis: bf7c407c2cedff20999df2af8eb42d56 -> 
========================================================================
Received Import Request.
  Time since last request: 2264.544298 seconds.
  path: Assets/enemy/Basic Enemy .prefab
  artifactKey: Guid(fa225b58fa1f0ec49956f8e7dfc5e969) Importer(815301076,1909f56bfc062723c751e8b465ee728b)
Start importing Assets/enemy/Basic Enemy .prefab using Guid(fa225b58fa1f0ec49956f8e7dfc5e969) Importer(815301076,1909f56bfc062723c751e8b465ee728b)  -> (artifact id: '8c7da2ccaf3987ccf921bd535a121212') in 0.371232 seconds 
  Import took 0.387608 seconds .

========================================================================
Received Import Request.
  Time since last request: 7.593186 seconds.
  path: Assets/enemy/Basic Enemy .prefab
  artifactKey: Guid(fa225b58fa1f0ec49956f8e7dfc5e969) Importer(815301076,1909f56bfc062723c751e8b465ee728b)
Start importing Assets/enemy/Basic Enemy .prefab using Guid(fa225b58fa1f0ec49956f8e7dfc5e969) Importer(815301076,1909f56bfc062723c751e8b465ee728b)  -> (artifact id: '84374f729ee42486b22e8029f5b3d65f') in 0.104024 seconds 
  Import took 0.124295 seconds .

========================================================================
Received Import Request.
  Time since last request: 7.138510 seconds.
  path: Assets/enemy/Basic Enemy .prefab
  artifactKey: Guid(fa225b58fa1f0ec49956f8e7dfc5e969) Importer(815301076,1909f56bfc062723c751e8b465ee728b)
Start importing Assets/enemy/Basic Enemy .prefab using Guid(fa225b58fa1f0ec49956f8e7dfc5e969) Importer(815301076,1909f56bfc062723c751e8b465ee728b)  -> (artifact id: '08e390095b397d1a7b8cb76192fbb453') in 0.126732 seconds 
  Import took 0.154779 seconds .

========================================================================
Received Import Request.
  Time since last request: 2.499148 seconds.
  path: Assets/enemy/Basic Enemy .prefab
  artifactKey: Guid(fa225b58fa1f0ec49956f8e7dfc5e969) Importer(815301076,1909f56bfc062723c751e8b465ee728b)
Start importing Assets/enemy/Basic Enemy .prefab using Guid(fa225b58fa1f0ec49956f8e7dfc5e969) Importer(815301076,1909f56bfc062723c751e8b465ee728b)  -> (artifact id: 'ac4d104ff9951e9b60ada6d01909e9d4') in 0.154209 seconds 
  Import took 0.177905 seconds .

========================================================================
Received Import Request.
  Time since last request: 2.172484 seconds.
  path: Assets/enemy/Basic Enemy .prefab
  artifactKey: Guid(fa225b58fa1f0ec49956f8e7dfc5e969) Importer(815301076,1909f56bfc062723c751e8b465ee728b)
Start importing Assets/enemy/Basic Enemy .prefab using Guid(fa225b58fa1f0ec49956f8e7dfc5e969) Importer(815301076,1909f56bfc062723c751e8b465ee728b)  -> (artifact id: '08ee82ad3d2885ebeefb68f62622ff39') in 0.162355 seconds 
  Import took 0.188261 seconds .

========================================================================
Received Import Request.
  Time since last request: 1.255865 seconds.
  path: Assets/enemy/Basic Enemy .prefab
  artifactKey: Guid(fa225b58fa1f0ec49956f8e7dfc5e969) Importer(815301076,1909f56bfc062723c751e8b465ee728b)
Start importing Assets/enemy/Basic Enemy .prefab using Guid(fa225b58fa1f0ec49956f8e7dfc5e969) Importer(815301076,1909f56bfc062723c751e8b465ee728b)  -> (artifact id: 'f036be3b4ba5fa9e52ab7e9ab55645f6') in 0.131937 seconds 
  Import took 0.152096 seconds .

========================================================================
Received Import Request.
  Time since last request: 0.891665 seconds.
  path: Assets/enemy/Basic Enemy .prefab
  artifactKey: Guid(fa225b58fa1f0ec49956f8e7dfc5e969) Importer(815301076,1909f56bfc062723c751e8b465ee728b)
Start importing Assets/enemy/Basic Enemy .prefab using Guid(fa225b58fa1f0ec49956f8e7dfc5e969) Importer(815301076,1909f56bfc062723c751e8b465ee728b)  -> (artifact id: '00000000000000000000000000000000') in 0.078731 seconds  code(4) message(Build asset version error: assets/enemy/basic enemy .prefab in SourceAssetDB has modification time of '2022-03-31T14:24:05.326299Z' while content on disk has modification time of '2022-03-31T14:24:05.7706159Z')
  ERROR: Build asset version error: assets/enemy/basic enemy .prefab in SourceAssetDB has modification time of '2022-03-31T14:24:05.326299Z' while content on disk has modification time of '2022-03-31T14:24:05.7706159Z'
  Import took 0.094608 seconds .

========================================================================
Received Import Request.
  Time since last request: 178.117837 seconds.
  path: Assets/Sprite/EnemyBar/Hbar.png
  artifactKey: Guid(c207d9d653690a44da6520a1039dfa5d) Importer(815301076,1909f56bfc062723c751e8b465ee728b)
Start importing Assets/Sprite/EnemyBar/Hbar.png using Guid(c207d9d653690a44da6520a1039dfa5d) Importer(815301076,1909f56bfc062723c751e8b465ee728b)  -> (artifact id: '20ce57b5de9a0d2414d82947023bc766') in 0.678003 seconds 
  Import took 0.695111 seconds .

========================================================================
Received Import Request.
  Time since last request: 8.623337 seconds.
  path: Assets/Sprite/EnemyBar/TheHealth.png
  artifactKey: Guid(29b575f2750038d48919869da5ae80ba) Importer(815301076,1909f56bfc062723c751e8b465ee728b)
Start importing Assets/Sprite/EnemyBar/TheHealth.png using Guid(29b575f2750038d48919869da5ae80ba) Importer(815301076,1909f56bfc062723c751e8b465ee728b)  -> (artifact id: 'eb036983f08a13335431748b806ee54a') in 0.088992 seconds 
  Import took 0.124123 seconds .

========================================================================
Received Import Request.
  Time since last request: 5.192578 seconds.
  path: Assets/Sprite/EnemyBar/TheArmorBar.png
  artifactKey: Guid(5f2d690559e67354db4ad75798dcb691) Importer(815301076,1909f56bfc062723c751e8b465ee728b)
Start importing Assets/Sprite/EnemyBar/TheArmorBar.png using Guid(5f2d690559e67354db4ad75798dcb691) Importer(815301076,1909f56bfc062723c751e8b465ee728b)  -> (artifact id: '8157b60fa366f51aaa99d920ae85e6cb') in 0.099234 seconds 
  Import took 0.115662 seconds .

========================================================================
Received Import Request.
  Time since last request: 3.186446 seconds.
  path: Assets/Sprite/EnemyBar/UpperBar.png
  artifactKey: Guid(4582665c6db112643a9dabf74da3ab17) Importer(815301076,1909f56bfc062723c751e8b465ee728b)
Start importing Assets/Sprite/EnemyBar/UpperBar.png using Guid(4582665c6db112643a9dabf74da3ab17) Importer(815301076,1909f56bfc062723c751e8b465ee728b)  -> (artifact id: 'b96d794be3efcfb96dd7b0a00973d20a') in 0.127506 seconds 
  Import took 0.154085 seconds .

========================================================================
Received Import Request.
  Time since last request: 14.617887 seconds.
  path: Assets/Prefab/UIPrefab
  artifactKey: Guid(9f7a3ed559de7204aa95e89e2c8b540a) Importer(815301076,1909f56bfc062723c751e8b465ee728b)
Start importing Assets/Prefab/UIPrefab using Guid(9f7a3ed559de7204aa95e89e2c8b540a) Importer(815301076,1909f56bfc062723c751e8b465ee728b)  -> (artifact id: 'ed58623401ec43d182ceae623bc7b490') in 0.052001 seconds 
  Import took 0.071444 seconds .

========================================================================
Received Import Request.
  Time since last request: 8.563717 seconds.
  path: Assets/enemy/Basic Enemy .prefab
  artifactKey: Guid(fa225b58fa1f0ec49956f8e7dfc5e969) Importer(815301076,1909f56bfc062723c751e8b465ee728b)
Start importing Assets/enemy/Basic Enemy .prefab using Guid(fa225b58fa1f0ec49956f8e7dfc5e969) Importer(815301076,1909f56bfc062723c751e8b465ee728b)  -> (artifact id: '15c6b95c05a2cfe012b833defb503edb') in 0.113968 seconds 
  Import took 0.134963 seconds .

========================================================================
Received Import Request.
  Time since last request: 2.265741 seconds.
  path: Assets/enemy/Basic Enemy .prefab
  artifactKey: Guid(fa225b58fa1f0ec49956f8e7dfc5e969) Importer(815301076,1909f56bfc062723c751e8b465ee728b)
Start importing Assets/enemy/Basic Enemy .prefab using Guid(fa225b58fa1f0ec49956f8e7dfc5e969) Importer(815301076,1909f56bfc062723c751e8b465ee728b)  -> (artifact id: '3e26584f9c23aa3cffe1b78247e4adab') in 0.179451 seconds 
  Import took 0.219055 seconds .

========================================================================
Received Import Request.
  Time since last request: 51.554326 seconds.
  path: Assets/Sprite/EnemyBar/Hbar.png
  artifactKey: Guid(c207d9d653690a44da6520a1039dfa5d) Importer(815301076,1909f56bfc062723c751e8b465ee728b)
Start importing Assets/Sprite/EnemyBar/Hbar.png using Guid(c207d9d653690a44da6520a1039dfa5d) Importer(815301076,1909f56bfc062723c751e8b465ee728b)  -> (artifact id: '317b369b736657654c19751c56db0827') in 0.082501 seconds 
  Import took 0.096829 seconds .

========================================================================
Received Import Request.
  Time since last request: 5.595188 seconds.
  path: Assets/Sprite/EnemyBar/TheArmorBar.png
  artifactKey: Guid(5f2d690559e67354db4ad75798dcb691) Importer(815301076,1909f56bfc062723c751e8b465ee728b)
Start importing Assets/Sprite/EnemyBar/TheArmorBar.png using Guid(5f2d690559e67354db4ad75798dcb691) Importer(815301076,1909f56bfc062723c751e8b465ee728b)  -> (artifact id: '3ae4dced11cf57869936c4558c208a8b') in 0.099198 seconds 
  Import took 0.119247 seconds .

========================================================================
Received Import Request.
  Time since last request: 2.773362 seconds.
  path: Assets/Sprite/EnemyBar/TheHealth.png
  artifactKey: Guid(29b575f2750038d48919869da5ae80ba) Importer(815301076,1909f56bfc062723c751e8b465ee728b)
Start importing Assets/Sprite/EnemyBar/TheHealth.png using Guid(29b575f2750038d48919869da5ae80ba) Importer(815301076,1909f56bfc062723c751e8b465ee728b)  -> (artifact id: '109df77380b698b8dc5ef1810e3d73af') in 0.059554 seconds 
  Import took 0.074189 seconds .

========================================================================
Received Import Request.
  Time since last request: 2.620534 seconds.
  path: Assets/Sprite/EnemyBar/UpperBar.png
  artifactKey: Guid(4582665c6db112643a9dabf74da3ab17) Importer(815301076,1909f56bfc062723c751e8b465ee728b)
Start importing Assets/Sprite/EnemyBar/UpperBar.png using Guid(4582665c6db112643a9dabf74da3ab17) Importer(815301076,1909f56bfc062723c751e8b465ee728b)  -> (artifact id: '66546bf359121a47351ccfd430c5957a') in 0.057423 seconds 
  Import took 0.069762 seconds .

========================================================================
Received Import Request.
  Time since last request: 143.288251 seconds.
  path: Assets/enemy/Basic Enemy .prefab
  artifactKey: Guid(fa225b58fa1f0ec49956f8e7dfc5e969) Importer(815301076,1909f56bfc062723c751e8b465ee728b)
Start importing Assets/enemy/Basic Enemy .prefab using Guid(fa225b58fa1f0ec49956f8e7dfc5e969) Importer(815301076,1909f56bfc062723c751e8b465ee728b)  -> (artifact id: 'bb6edd07c7270a232c003c943ee914f3') in 0.159116 seconds 
  Import took 0.176239 seconds .

AssetImportWorkerClient::OnTransportError - code=2 error=End of file
