Using pre-set license
Built from '2020.3/staging' branch; Version is '2020.3.20f1 (41c4e627c95f) revision 4310246'; Using compiler version '192528614'; Build Type 'Release'
OS: 'Windows 10 Home Single Language; OS build 16299.431; Version 1709; 64bit' Language: 'en' Physical Memory: 8074 MB
BatchMode: 1, IsHumanControllingUs: 0, StartBugReporterOnCrash: 0, Is64bit: 1, IsPro: 0

COMMAND LINE ARGUMENTS:
C:\Program Files\Unity\Hub\Editor\2020.3.20f1\Editor\Unity.exe
-adb2
-batchMode
-noUpm
-name
AssetImportWorker6
-projectPath
C:/Users/admin/Documents/GitHub/TowerDefenseGame/TowerDefence
-logFile
Logs/AssetImportWorker6.log
-srvPort
51714
Successfully changed project path to: C:/Users/admin/Documents/GitHub/TowerDefenseGame/TowerDefence
C:/Users/admin/Documents/GitHub/TowerDefenseGame/TowerDefence
Using Asset Import Pipeline V2.
Refreshing native plugins compatible for Editor in 286.64 ms, found 3 plugins.
Preloading 0 native plugins for Editor in 0.00 ms.
Initialize engine version: 2020.3.20f1 (41c4e627c95f)
[Subsystems] Discovering subsystems at path C:/Program Files/Unity/Hub/Editor/2020.3.20f1/Editor/Data/Resources/UnitySubsystems
[Subsystems] Discovering subsystems at path C:/Users/admin/Documents/GitHub/TowerDefenseGame/TowerDefence/Assets
GfxDevice: creating device client; threaded=0
Direct3D:
    Version:  Direct3D 11.0 [level 11.0]
    Renderer: NVIDIA GeForce 820M (ID=0x1140)
    Vendor:   
    VRAM:     1990 MB
    Driver:   23.21.13.9135
Initialize mono
Mono path[0] = 'C:/Program Files/Unity/Hub/Editor/2020.3.20f1/Editor/Data/Managed'
Mono path[1] = 'C:/Program Files/Unity/Hub/Editor/2020.3.20f1/Editor/Data/MonoBleedingEdge/lib/mono/unityjit'
Mono config path = 'C:/Program Files/Unity/Hub/Editor/2020.3.20f1/Editor/Data/MonoBleedingEdge/etc'
Using monoOptions --debugger-agent=transport=dt_socket,embedding=1,server=y,suspend=n,address=127.0.0.1:56396
Begin MonoManager ReloadAssembly
Registering precompiled unity dll's ...
Register platform support module: C:/Program Files/Unity/Hub/Editor/2020.3.20f1/Editor/Data/PlaybackEngines/WindowsStandaloneSupport/UnityEditor.WindowsStandalone.Extensions.dll
Registered in 0.039276 seconds.
Native extension for WindowsStandalone target not found
Refreshing native plugins compatible for Editor in 131.49 ms, found 3 plugins.
Preloading 0 native plugins for Editor in 0.00 ms.
Mono: successfully reloaded assembly
- Completed reload, in 11.146 seconds
Domain Reload Profiling:
	ReloadAssembly (11147ms)
		BeginReloadAssembly (450ms)
			ExecutionOrderSort (0ms)
			DisableScriptedObjects (0ms)
			BackupInstance (0ms)
			ReleaseScriptingObjects (0ms)
			CreateAndSetChildDomain (2ms)
		EndReloadAssembly (1357ms)
			LoadAssemblies (430ms)
			RebuildTransferFunctionScriptingTraits (0ms)
			SetupTypeCache (448ms)
			ReleaseScriptCaches (0ms)
			RebuildScriptCaches (56ms)
			SetupLoadedEditorAssemblies (546ms)
				LogAssemblyErrors (0ms)
				InitializePlatformSupportModulesInManaged (16ms)
				SetLoadedEditorAssemblies (1ms)
				RefreshPlugins (132ms)
				BeforeProcessingInitializeOnLoad (27ms)
				ProcessInitializeOnLoadAttributes (278ms)
				ProcessInitializeOnLoadMethodAttributes (92ms)
				AfterProcessingInitializeOnLoad (0ms)
				EditorAssembliesLoaded (1ms)
			ExecutionOrderSort2 (0ms)
			AwakeInstancesAfterBackupRestoration (0ms)
Platform modules already initialized, skipping
Registering precompiled user dll's ...
Registered in 0.044877 seconds.
Begin MonoManager ReloadAssembly
Native extension for WindowsStandalone target not found
Refreshing native plugins compatible for Editor in 212.99 ms, found 3 plugins.
Preloading 0 native plugins for Editor in 0.00 ms.
Mono: successfully reloaded assembly
- Completed reload, in  5.361 seconds
Domain Reload Profiling:
	ReloadAssembly (5365ms)
		BeginReloadAssembly (832ms)
			ExecutionOrderSort (0ms)
			DisableScriptedObjects (13ms)
			BackupInstance (0ms)
			ReleaseScriptingObjects (0ms)
			CreateAndSetChildDomain (63ms)
		EndReloadAssembly (4085ms)
			LoadAssemblies (700ms)
			RebuildTransferFunctionScriptingTraits (0ms)
			SetupTypeCache (1343ms)
			ReleaseScriptCaches (1ms)
			RebuildScriptCaches (153ms)
			SetupLoadedEditorAssemblies (1586ms)
				LogAssemblyErrors (0ms)
				InitializePlatformSupportModulesInManaged (19ms)
				SetLoadedEditorAssemblies (1ms)
				RefreshPlugins (213ms)
				BeforeProcessingInitializeOnLoad (580ms)
				ProcessInitializeOnLoadAttributes (616ms)
				ProcessInitializeOnLoadMethodAttributes (34ms)
				AfterProcessingInitializeOnLoad (122ms)
				EditorAssembliesLoaded (0ms)
			ExecutionOrderSort2 (0ms)
			AwakeInstancesAfterBackupRestoration (18ms)
Platform modules already initialized, skipping
========================================================================
Worker process is ready to serve import requests
Launched and connected shader compiler UnityShaderCompiler.exe after 0.20 seconds
Refreshing native plugins compatible for Editor in 0.88 ms, found 3 plugins.
Preloading 0 native plugins for Editor in 0.00 ms.
Unloading 2249 Unused Serialized files (Serialized files now loaded: 0)
System memory in use before: 99.4 MB.
System memory in use after: 99.5 MB.

Unloading 25 unused Assets to reduce memory usage. Loaded Objects now: 2690.
Total: 8.347635 ms (FindLiveObjects: 0.869174 ms CreateObjectMapping: 0.319255 ms MarkObjects: 6.986884 ms  DeleteObjects: 0.169081 ms)

AssetImportParameters requested are different than current active one (requested -> active):
  custom:framework-win-MediaFoundation: 216162199b28c13a410421893ffa2e32 -> 
  custom:video-decoder-ogg-theora: a1e56fd34408186e4bbccfd4996cb3dc -> 
  custom:container-muxer-webm: aa71ff27fc2769a1b78a27578f13a17b -> 
  custom:container-demuxer-webm: 4f35f7cbe854078d1ac9338744f61a02 -> 
  custom:container-demuxer-ogg: 62fdf1f143b41e24485cea50d1cbac27 -> 
  custom:video-encoder-webm-vp8: eb34c28f22e8b96e1ab97ce403110664 -> 
  custom:video-codec-MediaFoundation-h265: 746d11721c4dcdbdad8f713fa42b33f4 -> 
  custom:video-decoder-webm-vp8: 9c59270c3fd7afecdb556c50c9e8de78 -> 
  custom:audio-decoder-ogg-vorbis: bf7c407c2cedff20999df2af8eb42d56 -> 
  custom:audio-encoder-webm-vorbis: bf7c407c2cedff20999df2af8eb42d56 -> 
========================================================================
Received Import Request.
  path: Assets/ScriptableObject/Debuff_And_Buff/Weaken_Basic.asset
  artifactKey: Guid(175196c5cb08b8f44ba8130057202404) Importer(815301076,1909f56bfc062723c751e8b465ee728b)
Start importing Assets/ScriptableObject/Debuff_And_Buff/Weaken_Basic.asset using Guid(175196c5cb08b8f44ba8130057202404) Importer(815301076,1909f56bfc062723c751e8b465ee728b)  -> (artifact id: '669a9c5093c7cbb39aac591d3360020b') in 0.463165 seconds 
  Import took 0.503242 seconds .

========================================================================
Received Import Request.
  Time since last request: 0.002833 seconds.
  path: Assets/ScriptableObject/Debuff_And_Buff/Weaken_Stacking.asset
  artifactKey: Guid(4f1aa54e1fd2f2445a38211730bfbd70) Importer(815301076,1909f56bfc062723c751e8b465ee728b)
Start importing Assets/ScriptableObject/Debuff_And_Buff/Weaken_Stacking.asset using Guid(4f1aa54e1fd2f2445a38211730bfbd70) Importer(815301076,1909f56bfc062723c751e8b465ee728b)  -> (artifact id: 'dbc22aadf3c7712387f4328a0cd9f362') in 0.075086 seconds 
  Import took 0.151553 seconds .

========================================================================
Received Import Request.
  Time since last request: 374.056770 seconds.
  path: Assets/enemy/Tank man Variant.prefab
  artifactKey: Guid(bdc29d8da08d642449980753a5cd61ed) Importer(815301076,1909f56bfc062723c751e8b465ee728b)
Start importing Assets/enemy/Tank man Variant.prefab using Guid(bdc29d8da08d642449980753a5cd61ed) Importer(815301076,1909f56bfc062723c751e8b465ee728b)  -> (artifact id: 'bb12c500d2ea3a55cabc4150062ff372') in 0.885836 seconds 
  Import took 0.998389 seconds .

========================================================================
Received Import Request.
  Time since last request: 37.334873 seconds.
  path: Assets/enemy/Basic Enemy .prefab
  artifactKey: Guid(fa225b58fa1f0ec49956f8e7dfc5e969) Importer(815301076,1909f56bfc062723c751e8b465ee728b)
Start importing Assets/enemy/Basic Enemy .prefab using Guid(fa225b58fa1f0ec49956f8e7dfc5e969) Importer(815301076,1909f56bfc062723c751e8b465ee728b)  -> (artifact id: '8e057e8ef6fd9c108603aa49fcb53f82') in 0.315070 seconds 
  Import took 0.368054 seconds .

========================================================================
Received Import Request.
  Time since last request: 4.141176 seconds.
  path: Assets/enemy/Basic Enemy .prefab
  artifactKey: Guid(fa225b58fa1f0ec49956f8e7dfc5e969) Importer(815301076,1909f56bfc062723c751e8b465ee728b)
Start importing Assets/enemy/Basic Enemy .prefab using Guid(fa225b58fa1f0ec49956f8e7dfc5e969) Importer(815301076,1909f56bfc062723c751e8b465ee728b)  -> (artifact id: '028c096c729f438c8e52ccdf505ea187') in 0.145035 seconds 
  Import took 0.177316 seconds .

========================================================================
Received Import Request.
  Time since last request: 1.427613 seconds.
  path: Assets/enemy/Basic Enemy .prefab
  artifactKey: Guid(fa225b58fa1f0ec49956f8e7dfc5e969) Importer(815301076,1909f56bfc062723c751e8b465ee728b)
Start importing Assets/enemy/Basic Enemy .prefab using Guid(fa225b58fa1f0ec49956f8e7dfc5e969) Importer(815301076,1909f56bfc062723c751e8b465ee728b)  -> (artifact id: '23c57f65912889732d4546579ca2574e') in 0.160016 seconds 
  Import took 0.189936 seconds .

========================================================================
Received Import Request.
  Time since last request: 3.599855 seconds.
  path: Assets/enemy/Basic Enemy .prefab
  artifactKey: Guid(fa225b58fa1f0ec49956f8e7dfc5e969) Importer(815301076,1909f56bfc062723c751e8b465ee728b)
Start importing Assets/enemy/Basic Enemy .prefab using Guid(fa225b58fa1f0ec49956f8e7dfc5e969) Importer(815301076,1909f56bfc062723c751e8b465ee728b)  -> (artifact id: '5b5153fd9e0c22c34da3fb3004f146dc') in 0.172375 seconds 
  Import took 0.197585 seconds .

========================================================================
Received Import Request.
  Time since last request: 8.651538 seconds.
  path: Assets/enemy/Basic Enemy .prefab
  artifactKey: Guid(fa225b58fa1f0ec49956f8e7dfc5e969) Importer(815301076,1909f56bfc062723c751e8b465ee728b)
Start importing Assets/enemy/Basic Enemy .prefab using Guid(fa225b58fa1f0ec49956f8e7dfc5e969) Importer(815301076,1909f56bfc062723c751e8b465ee728b)  -> (artifact id: '8def79f2da6fb59a038247e241e27533') in 0.158401 seconds 
  Import took 0.175641 seconds .

========================================================================
Received Import Request.
  Time since last request: 2.702890 seconds.
  path: Assets/enemy/Basic Enemy .prefab
  artifactKey: Guid(fa225b58fa1f0ec49956f8e7dfc5e969) Importer(815301076,1909f56bfc062723c751e8b465ee728b)
Start importing Assets/enemy/Basic Enemy .prefab using Guid(fa225b58fa1f0ec49956f8e7dfc5e969) Importer(815301076,1909f56bfc062723c751e8b465ee728b)  -> (artifact id: '20307755c4889af72ae3a4d82b11f13f') in 0.240254 seconds 
  Import took 0.261107 seconds .

========================================================================
Received Import Request.
  Time since last request: 6.763745 seconds.
  path: Assets/enemy/Basic Enemy .prefab
  artifactKey: Guid(fa225b58fa1f0ec49956f8e7dfc5e969) Importer(815301076,1909f56bfc062723c751e8b465ee728b)
Start importing Assets/enemy/Basic Enemy .prefab using Guid(fa225b58fa1f0ec49956f8e7dfc5e969) Importer(815301076,1909f56bfc062723c751e8b465ee728b)  -> (artifact id: 'dba8b6c7c754decd2cfee1f53e984aa0') in 0.129234 seconds 
  Import took 0.144469 seconds .

========================================================================
Received Import Request.
  Time since last request: 474.358833 seconds.
  path: Assets/enemy/Basic Enemy .prefab
  artifactKey: Guid(fa225b58fa1f0ec49956f8e7dfc5e969) Importer(815301076,1909f56bfc062723c751e8b465ee728b)
Start importing Assets/enemy/Basic Enemy .prefab using Guid(fa225b58fa1f0ec49956f8e7dfc5e969) Importer(815301076,1909f56bfc062723c751e8b465ee728b)  -> (artifact id: '693de333d8bf486ce34ac663d83ffd04') in 1.992428 seconds 
  Import took 2.425014 seconds .

========================================================================
Received Import Request.
  Time since last request: 4.931139 seconds.
  path: Assets/enemy/Basic Enemy .prefab
  artifactKey: Guid(fa225b58fa1f0ec49956f8e7dfc5e969) Importer(815301076,1909f56bfc062723c751e8b465ee728b)
Start importing Assets/enemy/Basic Enemy .prefab using Guid(fa225b58fa1f0ec49956f8e7dfc5e969) Importer(815301076,1909f56bfc062723c751e8b465ee728b)  -> (artifact id: '658a28ff792be8f001ad11bf7c558e7d') in 0.333513 seconds 
  Import took 0.370221 seconds .

========================================================================
Received Import Request.
  Time since last request: 8.890728 seconds.
  path: Assets/enemy/Basic Enemy .prefab
  artifactKey: Guid(fa225b58fa1f0ec49956f8e7dfc5e969) Importer(815301076,1909f56bfc062723c751e8b465ee728b)
Start importing Assets/enemy/Basic Enemy .prefab using Guid(fa225b58fa1f0ec49956f8e7dfc5e969) Importer(815301076,1909f56bfc062723c751e8b465ee728b)  -> (artifact id: '3bd118c3e73bad9fcb6f11e6263b1900') in 0.419326 seconds 
  Import took 0.457683 seconds .

========================================================================
Received Import Request.
  Time since last request: 2.430923 seconds.
  path: Assets/enemy/Basic Enemy .prefab
  artifactKey: Guid(fa225b58fa1f0ec49956f8e7dfc5e969) Importer(815301076,1909f56bfc062723c751e8b465ee728b)
Start importing Assets/enemy/Basic Enemy .prefab using Guid(fa225b58fa1f0ec49956f8e7dfc5e969) Importer(815301076,1909f56bfc062723c751e8b465ee728b)  -> (artifact id: 'dc8e060b2d7eecde74e8d2fb569ca930') in 4.746757 seconds 
  Import took 4.817656 seconds .

========================================================================
Received Import Request.
  Time since last request: 0.000705 seconds.
  path: Assets/enemy/Basic Enemy .prefab
  artifactKey: Guid(fa225b58fa1f0ec49956f8e7dfc5e969) Importer(815301076,1909f56bfc062723c751e8b465ee728b)
Start importing Assets/enemy/Basic Enemy .prefab using Guid(fa225b58fa1f0ec49956f8e7dfc5e969) Importer(815301076,1909f56bfc062723c751e8b465ee728b)  -> (artifact id: 'a5d8ab6e78b41f59cabf340ac788cc00') in 0.758571 seconds 
  Import took 0.826376 seconds .

========================================================================
Received Import Request.
  Time since last request: 10.111853 seconds.
  path: Assets/enemy/Basic Enemy .prefab
  artifactKey: Guid(fa225b58fa1f0ec49956f8e7dfc5e969) Importer(815301076,1909f56bfc062723c751e8b465ee728b)
Start importing Assets/enemy/Basic Enemy .prefab using Guid(fa225b58fa1f0ec49956f8e7dfc5e969) Importer(815301076,1909f56bfc062723c751e8b465ee728b)  -> (artifact id: '17a8f3e356dfa73963ee09cbe9d034d6') in 0.316303 seconds 
  Import took 0.766848 seconds .

========================================================================
Received Import Request.
  Time since last request: 26.699240 seconds.
  path: Assets/enemy/Basic Enemy .prefab
  artifactKey: Guid(fa225b58fa1f0ec49956f8e7dfc5e969) Importer(815301076,1909f56bfc062723c751e8b465ee728b)
Start importing Assets/enemy/Basic Enemy .prefab using Guid(fa225b58fa1f0ec49956f8e7dfc5e969) Importer(815301076,1909f56bfc062723c751e8b465ee728b)  -> (artifact id: '4b336c086a0eb762bddc746b876705e5') in 1.737425 seconds 
  Import took 1.763118 seconds .

========================================================================
Received Import Request.
  Time since last request: 43.373414 seconds.
  path: Assets/enemy/Basic Enemy .prefab
  artifactKey: Guid(fa225b58fa1f0ec49956f8e7dfc5e969) Importer(815301076,1909f56bfc062723c751e8b465ee728b)
Start importing Assets/enemy/Basic Enemy .prefab using Guid(fa225b58fa1f0ec49956f8e7dfc5e969) Importer(815301076,1909f56bfc062723c751e8b465ee728b)  -> (artifact id: '902cd3bb72193ef2d27c092547f9fe83') in 0.361950 seconds 
  Import took 0.409134 seconds .

========================================================================
Received Import Request.
  Time since last request: 18.053012 seconds.
  path: Assets/enemy/Basic Enemy .prefab
  artifactKey: Guid(fa225b58fa1f0ec49956f8e7dfc5e969) Importer(815301076,1909f56bfc062723c751e8b465ee728b)
Start importing Assets/enemy/Basic Enemy .prefab using Guid(fa225b58fa1f0ec49956f8e7dfc5e969) Importer(815301076,1909f56bfc062723c751e8b465ee728b)  -> (artifact id: '2df20fae7bb784952a9765bd51540a1e') in 0.401443 seconds 
  Import took 0.462968 seconds .

========================================================================
Received Import Request.
  Time since last request: 4.515314 seconds.
  path: Assets/enemy/Basic Enemy .prefab
  artifactKey: Guid(fa225b58fa1f0ec49956f8e7dfc5e969) Importer(815301076,1909f56bfc062723c751e8b465ee728b)
Start importing Assets/enemy/Basic Enemy .prefab using Guid(fa225b58fa1f0ec49956f8e7dfc5e969) Importer(815301076,1909f56bfc062723c751e8b465ee728b)  -> (artifact id: '97788fa6d2470dac917ad034bbb9e5c9') in 1.799562 seconds 
  Import took 1.949176 seconds .

========================================================================
Received Import Request.
  Time since last request: 2.399284 seconds.
  path: Assets/enemy/Basic Enemy .prefab
  artifactKey: Guid(fa225b58fa1f0ec49956f8e7dfc5e969) Importer(815301076,1909f56bfc062723c751e8b465ee728b)
Start importing Assets/enemy/Basic Enemy .prefab using Guid(fa225b58fa1f0ec49956f8e7dfc5e969) Importer(815301076,1909f56bfc062723c751e8b465ee728b)  -> (artifact id: '089b677a9bc16fc8cce1f1f304474d7f') in 2.310919 seconds 
  Import took 5.857923 seconds .

========================================================================
Received Import Request.
  Time since last request: 8.698427 seconds.
  path: Assets/enemy/Basic Enemy .prefab
  artifactKey: Guid(fa225b58fa1f0ec49956f8e7dfc5e969) Importer(815301076,1909f56bfc062723c751e8b465ee728b)
Start importing Assets/enemy/Basic Enemy .prefab using Guid(fa225b58fa1f0ec49956f8e7dfc5e969) Importer(815301076,1909f56bfc062723c751e8b465ee728b)  -> (artifact id: '2a4dfd0b0cd8613ddaaafb678d56b47c') in 0.282517 seconds 
  Import took 0.314188 seconds .

========================================================================
Received Import Request.
  Time since last request: 50.672449 seconds.
  path: Assets/enemy/Basic Enemy .prefab
  artifactKey: Guid(fa225b58fa1f0ec49956f8e7dfc5e969) Importer(815301076,1909f56bfc062723c751e8b465ee728b)
Start importing Assets/enemy/Basic Enemy .prefab using Guid(fa225b58fa1f0ec49956f8e7dfc5e969) Importer(815301076,1909f56bfc062723c751e8b465ee728b)  -> (artifact id: '10405d8abe0a89c7d90ff4ca0e3ffd86') in 0.669486 seconds 
  Import took 0.743724 seconds .

========================================================================
Received Import Request.
  Time since last request: 15.754603 seconds.
  path: Assets/Sprite/StatusEffectIcon/poison 1.png
  artifactKey: Guid(dedfd173b9c3c1d429fd5433e278b3b5) Importer(815301076,1909f56bfc062723c751e8b465ee728b)
Start importing Assets/Sprite/StatusEffectIcon/poison 1.png using Guid(dedfd173b9c3c1d429fd5433e278b3b5) Importer(815301076,1909f56bfc062723c751e8b465ee728b)  -> (artifact id: '6f70dd09dabc9a9d16c440d591e05c47') in 0.786725 seconds 
  Import took 0.863426 seconds .

========================================================================
Received Prepare
Registering precompiled user dll's ...
Registered in 0.067944 seconds.
Begin MonoManager ReloadAssembly
Native extension for WindowsStandalone target not found
Refreshing native plugins compatible for Editor in 1.82 ms, found 3 plugins.
Preloading 0 native plugins for Editor in 0.00 ms.
Mono: successfully reloaded assembly
- Completed reload, in  7.282 seconds
Domain Reload Profiling:
	ReloadAssembly (7283ms)
		BeginReloadAssembly (761ms)
			ExecutionOrderSort (0ms)
			DisableScriptedObjects (16ms)
			BackupInstance (0ms)
			ReleaseScriptingObjects (0ms)
			CreateAndSetChildDomain (109ms)
		EndReloadAssembly (5903ms)
			LoadAssemblies (974ms)
			RebuildTransferFunctionScriptingTraits (0ms)
			SetupTypeCache (1650ms)
			ReleaseScriptCaches (3ms)
			RebuildScriptCaches (383ms)
			SetupLoadedEditorAssemblies (2534ms)
				LogAssemblyErrors (0ms)
				InitializePlatformSupportModulesInManaged (28ms)
				SetLoadedEditorAssemblies (1ms)
				RefreshPlugins (2ms)
				BeforeProcessingInitializeOnLoad (1029ms)
				ProcessInitializeOnLoadAttributes (1283ms)
				ProcessInitializeOnLoadMethodAttributes (30ms)
				AfterProcessingInitializeOnLoad (159ms)
				EditorAssembliesLoaded (0ms)
			ExecutionOrderSort2 (0ms)
			AwakeInstancesAfterBackupRestoration (27ms)
Platform modules already initialized, skipping
Refreshing native plugins compatible for Editor in 3.13 ms, found 3 plugins.
Preloading 0 native plugins for Editor in 0.00 ms.
Unloading 2226 Unused Serialized files (Serialized files now loaded: 0)
System memory in use before: 100.8 MB.
System memory in use after: 100.9 MB.

Unloading 15 unused Assets to reduce memory usage. Loaded Objects now: 2703.
Total: 19.553442 ms (FindLiveObjects: 2.017089 ms CreateObjectMapping: 0.831900 ms MarkObjects: 16.640710 ms  DeleteObjects: 0.058341 ms)

AssetImportParameters requested are different than current active one (requested -> active):
  custom:framework-win-MediaFoundation: 216162199b28c13a410421893ffa2e32 -> 
  custom:video-decoder-ogg-theora: a1e56fd34408186e4bbccfd4996cb3dc -> 
  custom:container-muxer-webm: aa71ff27fc2769a1b78a27578f13a17b -> 
  custom:container-demuxer-webm: 4f35f7cbe854078d1ac9338744f61a02 -> 
  custom:container-demuxer-ogg: 62fdf1f143b41e24485cea50d1cbac27 -> 
  custom:video-encoder-webm-vp8: eb34c28f22e8b96e1ab97ce403110664 -> 
  custom:video-codec-MediaFoundation-h265: 746d11721c4dcdbdad8f713fa42b33f4 -> 
  custom:video-decoder-webm-vp8: 9c59270c3fd7afecdb556c50c9e8de78 -> 
  custom:audio-decoder-ogg-vorbis: bf7c407c2cedff20999df2af8eb42d56 -> 
  custom:audio-encoder-webm-vorbis: bf7c407c2cedff20999df2af8eb42d56 -> 
========================================================================
Received Prepare
Registering precompiled user dll's ...
Registered in 0.044499 seconds.
Begin MonoManager ReloadAssembly
Native extension for WindowsStandalone target not found
Refreshing native plugins compatible for Editor in 0.93 ms, found 3 plugins.
Preloading 0 native plugins for Editor in 0.00 ms.
Mono: successfully reloaded assembly
- Completed reload, in  8.342 seconds
Domain Reload Profiling:
	ReloadAssembly (8343ms)
		BeginReloadAssembly (690ms)
			ExecutionOrderSort (0ms)
			DisableScriptedObjects (12ms)
			BackupInstance (0ms)
			ReleaseScriptingObjects (0ms)
			CreateAndSetChildDomain (111ms)
		EndReloadAssembly (7271ms)
			LoadAssemblies (806ms)
			RebuildTransferFunctionScriptingTraits (0ms)
			SetupTypeCache (1290ms)
			ReleaseScriptCaches (4ms)
			RebuildScriptCaches (177ms)
			SetupLoadedEditorAssemblies (4185ms)
				LogAssemblyErrors (0ms)
				InitializePlatformSupportModulesInManaged (28ms)
				SetLoadedEditorAssemblies (2ms)
				RefreshPlugins (1ms)
				BeforeProcessingInitializeOnLoad (606ms)
				ProcessInitializeOnLoadAttributes (1177ms)
				ProcessInitializeOnLoadMethodAttributes (585ms)
				AfterProcessingInitializeOnLoad (1786ms)
				EditorAssembliesLoaded (1ms)
			ExecutionOrderSort2 (0ms)
			AwakeInstancesAfterBackupRestoration (296ms)
Platform modules already initialized, skipping
Refreshing native plugins compatible for Editor in 1.66 ms, found 3 plugins.
Preloading 0 native plugins for Editor in 0.00 ms.
Unloading 2226 Unused Serialized files (Serialized files now loaded: 0)
System memory in use before: 100.8 MB.
System memory in use after: 101.0 MB.

Unloading 14 unused Assets to reduce memory usage. Loaded Objects now: 2706.
Total: 23.670269 ms (FindLiveObjects: 1.397485 ms CreateObjectMapping: 0.848647 ms MarkObjects: 21.136214 ms  DeleteObjects: 0.284683 ms)

AssetImportParameters requested are different than current active one (requested -> active):
  custom:framework-win-MediaFoundation: 216162199b28c13a410421893ffa2e32 -> 
  custom:video-decoder-ogg-theora: a1e56fd34408186e4bbccfd4996cb3dc -> 
  custom:container-muxer-webm: aa71ff27fc2769a1b78a27578f13a17b -> 
  custom:container-demuxer-webm: 4f35f7cbe854078d1ac9338744f61a02 -> 
  custom:container-demuxer-ogg: 62fdf1f143b41e24485cea50d1cbac27 -> 
  custom:video-encoder-webm-vp8: eb34c28f22e8b96e1ab97ce403110664 -> 
  custom:video-codec-MediaFoundation-h265: 746d11721c4dcdbdad8f713fa42b33f4 -> 
  custom:video-decoder-webm-vp8: 9c59270c3fd7afecdb556c50c9e8de78 -> 
  custom:audio-decoder-ogg-vorbis: bf7c407c2cedff20999df2af8eb42d56 -> 
  custom:audio-encoder-webm-vorbis: bf7c407c2cedff20999df2af8eb42d56 -> 
========================================================================
Received Prepare
Registering precompiled user dll's ...
Registered in 0.064157 seconds.
Begin MonoManager ReloadAssembly
Native extension for WindowsStandalone target not found
Refreshing native plugins compatible for Editor in 3.44 ms, found 3 plugins.
Preloading 0 native plugins for Editor in 0.00 ms.
Mono: successfully reloaded assembly
- Completed reload, in 11.295 seconds
Domain Reload Profiling:
	ReloadAssembly (11297ms)
		BeginReloadAssembly (1490ms)
			ExecutionOrderSort (0ms)
			DisableScriptedObjects (21ms)
			BackupInstance (0ms)
			ReleaseScriptingObjects (1ms)
			CreateAndSetChildDomain (138ms)
		EndReloadAssembly (9294ms)
			LoadAssemblies (1527ms)
			RebuildTransferFunctionScriptingTraits (0ms)
			SetupTypeCache (1988ms)
			ReleaseScriptCaches (5ms)
			RebuildScriptCaches (395ms)
			SetupLoadedEditorAssemblies (4096ms)
				LogAssemblyErrors (0ms)
				InitializePlatformSupportModulesInManaged (554ms)
				SetLoadedEditorAssemblies (5ms)
				RefreshPlugins (4ms)
				BeforeProcessingInitializeOnLoad (1874ms)
				ProcessInitializeOnLoadAttributes (1362ms)
				ProcessInitializeOnLoadMethodAttributes (34ms)
				AfterProcessingInitializeOnLoad (262ms)
				EditorAssembliesLoaded (1ms)
			ExecutionOrderSort2 (0ms)
			AwakeInstancesAfterBackupRestoration (41ms)
Platform modules already initialized, skipping
Refreshing native plugins compatible for Editor in 2.05 ms, found 3 plugins.
Preloading 0 native plugins for Editor in 0.00 ms.
Unloading 2226 Unused Serialized files (Serialized files now loaded: 0)
System memory in use before: 100.9 MB.
System memory in use after: 101.0 MB.

Unloading 14 unused Assets to reduce memory usage. Loaded Objects now: 2709.
Total: 11.483468 ms (FindLiveObjects: 0.684427 ms CreateObjectMapping: 0.507243 ms MarkObjects: 10.242639 ms  DeleteObjects: 0.045376 ms)

AssetImportParameters requested are different than current active one (requested -> active):
  custom:framework-win-MediaFoundation: 216162199b28c13a410421893ffa2e32 -> 
  custom:video-decoder-ogg-theora: a1e56fd34408186e4bbccfd4996cb3dc -> 
  custom:container-muxer-webm: aa71ff27fc2769a1b78a27578f13a17b -> 
  custom:container-demuxer-webm: 4f35f7cbe854078d1ac9338744f61a02 -> 
  custom:container-demuxer-ogg: 62fdf1f143b41e24485cea50d1cbac27 -> 
  custom:video-encoder-webm-vp8: eb34c28f22e8b96e1ab97ce403110664 -> 
  custom:video-codec-MediaFoundation-h265: 746d11721c4dcdbdad8f713fa42b33f4 -> 
  custom:video-decoder-webm-vp8: 9c59270c3fd7afecdb556c50c9e8de78 -> 
  custom:audio-decoder-ogg-vorbis: bf7c407c2cedff20999df2af8eb42d56 -> 
  custom:audio-encoder-webm-vorbis: bf7c407c2cedff20999df2af8eb42d56 -> 
========================================================================
Received Import Request.
  Time since last request: 901.578226 seconds.
  path: Assets/enemy/Basic Enemy .prefab
  artifactKey: Guid(fa225b58fa1f0ec49956f8e7dfc5e969) Importer(815301076,1909f56bfc062723c751e8b465ee728b)
Start importing Assets/enemy/Basic Enemy .prefab using Guid(fa225b58fa1f0ec49956f8e7dfc5e969) Importer(815301076,1909f56bfc062723c751e8b465ee728b)  -> (artifact id: '8afbebd1d4cae068b9195c0ac6c0872a') in 0.556461 seconds 
  Import took 0.592933 seconds .

========================================================================
Received Import Request.
  Time since last request: 8.904790 seconds.
  path: Assets/enemy/Basic Enemy .prefab
  artifactKey: Guid(fa225b58fa1f0ec49956f8e7dfc5e969) Importer(815301076,1909f56bfc062723c751e8b465ee728b)
Start importing Assets/enemy/Basic Enemy .prefab using Guid(fa225b58fa1f0ec49956f8e7dfc5e969) Importer(815301076,1909f56bfc062723c751e8b465ee728b)  -> (artifact id: 'd162ff6801a9c32350283b16c18ff87d') in 0.186278 seconds 
  Import took 0.257055 seconds .

========================================================================
Received Import Request.
  Time since last request: 53.444829 seconds.
  path: Assets/enemy/Basic Enemy .prefab
  artifactKey: Guid(fa225b58fa1f0ec49956f8e7dfc5e969) Importer(815301076,1909f56bfc062723c751e8b465ee728b)
Start importing Assets/enemy/Basic Enemy .prefab using Guid(fa225b58fa1f0ec49956f8e7dfc5e969) Importer(815301076,1909f56bfc062723c751e8b465ee728b)  -> (artifact id: 'c75f9a60cac9472fd215ad518bace81f') in 0.374230 seconds 
  Import took 0.471051 seconds .

========================================================================
Received Import Request.
  Time since last request: 11.627127 seconds.
  path: Assets/enemy/Basic Enemy .prefab
  artifactKey: Guid(fa225b58fa1f0ec49956f8e7dfc5e969) Importer(815301076,1909f56bfc062723c751e8b465ee728b)
Start importing Assets/enemy/Basic Enemy .prefab using Guid(fa225b58fa1f0ec49956f8e7dfc5e969) Importer(815301076,1909f56bfc062723c751e8b465ee728b)  -> (artifact id: 'a8b9712674f02426b782ce690fa1c27a') in 0.147086 seconds 
  Import took 0.161873 seconds .

========================================================================
Received Prepare
Registering precompiled user dll's ...
Registered in 0.279083 seconds.
Begin MonoManager ReloadAssembly
Native extension for WindowsStandalone target not found
Refreshing native plugins compatible for Editor in 2.62 ms, found 3 plugins.
Preloading 0 native plugins for Editor in 0.00 ms.
Mono: successfully reloaded assembly
- Completed reload, in  7.056 seconds
Domain Reload Profiling:
	ReloadAssembly (7079ms)
		BeginReloadAssembly (2327ms)
			ExecutionOrderSort (0ms)
			DisableScriptedObjects (84ms)
			BackupInstance (0ms)
			ReleaseScriptingObjects (2ms)
			CreateAndSetChildDomain (1399ms)
		EndReloadAssembly (4201ms)
			LoadAssemblies (1005ms)
			RebuildTransferFunctionScriptingTraits (0ms)
			SetupTypeCache (1291ms)
			ReleaseScriptCaches (4ms)
			RebuildScriptCaches (154ms)
			SetupLoadedEditorAssemblies (1629ms)
				LogAssemblyErrors (0ms)
				InitializePlatformSupportModulesInManaged (36ms)
				SetLoadedEditorAssemblies (2ms)
				RefreshPlugins (3ms)
				BeforeProcessingInitializeOnLoad (658ms)
				ProcessInitializeOnLoadAttributes (664ms)
				ProcessInitializeOnLoadMethodAttributes (20ms)
				AfterProcessingInitializeOnLoad (245ms)
				EditorAssembliesLoaded (1ms)
			ExecutionOrderSort2 (0ms)
			AwakeInstancesAfterBackupRestoration (37ms)
Platform modules already initialized, skipping
Refreshing native plugins compatible for Editor in 3.56 ms, found 3 plugins.
Preloading 0 native plugins for Editor in 0.00 ms.
Unloading 2226 Unused Serialized files (Serialized files now loaded: 0)
System memory in use before: 100.9 MB.
System memory in use after: 101.0 MB.

Unloading 14 unused Assets to reduce memory usage. Loaded Objects now: 2713.
Total: 10.772571 ms (FindLiveObjects: 1.231105 ms CreateObjectMapping: 2.022490 ms MarkObjects: 7.360158 ms  DeleteObjects: 0.086431 ms)

AssetImportParameters requested are different than current active one (requested -> active):
  custom:framework-win-MediaFoundation: 216162199b28c13a410421893ffa2e32 -> 
  custom:video-decoder-ogg-theora: a1e56fd34408186e4bbccfd4996cb3dc -> 
  custom:container-muxer-webm: aa71ff27fc2769a1b78a27578f13a17b -> 
  custom:container-demuxer-webm: 4f35f7cbe854078d1ac9338744f61a02 -> 
  custom:container-demuxer-ogg: 62fdf1f143b41e24485cea50d1cbac27 -> 
  custom:video-encoder-webm-vp8: eb34c28f22e8b96e1ab97ce403110664 -> 
  custom:video-codec-MediaFoundation-h265: 746d11721c4dcdbdad8f713fa42b33f4 -> 
  custom:video-decoder-webm-vp8: 9c59270c3fd7afecdb556c50c9e8de78 -> 
  custom:audio-decoder-ogg-vorbis: bf7c407c2cedff20999df2af8eb42d56 -> 
  custom:audio-encoder-webm-vorbis: bf7c407c2cedff20999df2af8eb42d56 -> 
========================================================================
Received Prepare
Registering precompiled user dll's ...
Registered in 0.109238 seconds.
Begin MonoManager ReloadAssembly
Native extension for WindowsStandalone target not found
Refreshing native plugins compatible for Editor in 1.15 ms, found 3 plugins.
Preloading 0 native plugins for Editor in 0.00 ms.
Mono: successfully reloaded assembly
- Completed reload, in  6.000 seconds
Domain Reload Profiling:
	ReloadAssembly (6001ms)
		BeginReloadAssembly (969ms)
			ExecutionOrderSort (0ms)
			DisableScriptedObjects (35ms)
			BackupInstance (0ms)
			ReleaseScriptingObjects (0ms)
			CreateAndSetChildDomain (126ms)
		EndReloadAssembly (4461ms)
			LoadAssemblies (1092ms)
			RebuildTransferFunctionScriptingTraits (0ms)
			SetupTypeCache (1526ms)
			ReleaseScriptCaches (4ms)
			RebuildScriptCaches (141ms)
			SetupLoadedEditorAssemblies (1751ms)
				LogAssemblyErrors (0ms)
				InitializePlatformSupportModulesInManaged (41ms)
				SetLoadedEditorAssemblies (2ms)
				RefreshPlugins (2ms)
				BeforeProcessingInitializeOnLoad (633ms)
				ProcessInitializeOnLoadAttributes (899ms)
				ProcessInitializeOnLoadMethodAttributes (21ms)
				AfterProcessingInitializeOnLoad (153ms)
				EditorAssembliesLoaded (0ms)
			ExecutionOrderSort2 (0ms)
			AwakeInstancesAfterBackupRestoration (36ms)
Platform modules already initialized, skipping
Refreshing native plugins compatible for Editor in 1.42 ms, found 3 plugins.
Preloading 0 native plugins for Editor in 0.00 ms.
Unloading 2226 Unused Serialized files (Serialized files now loaded: 0)
System memory in use before: 100.9 MB.
System memory in use after: 101.0 MB.

Unloading 14 unused Assets to reduce memory usage. Loaded Objects now: 2716.
Total: 20.081213 ms (FindLiveObjects: 1.459067 ms CreateObjectMapping: 0.566665 ms MarkObjects: 18.004703 ms  DeleteObjects: 0.046997 ms)

AssetImportParameters requested are different than current active one (requested -> active):
  custom:framework-win-MediaFoundation: 216162199b28c13a410421893ffa2e32 -> 
  custom:video-decoder-ogg-theora: a1e56fd34408186e4bbccfd4996cb3dc -> 
  custom:container-muxer-webm: aa71ff27fc2769a1b78a27578f13a17b -> 
  custom:container-demuxer-webm: 4f35f7cbe854078d1ac9338744f61a02 -> 
  custom:container-demuxer-ogg: 62fdf1f143b41e24485cea50d1cbac27 -> 
  custom:video-encoder-webm-vp8: eb34c28f22e8b96e1ab97ce403110664 -> 
  custom:video-codec-MediaFoundation-h265: 746d11721c4dcdbdad8f713fa42b33f4 -> 
  custom:video-decoder-webm-vp8: 9c59270c3fd7afecdb556c50c9e8de78 -> 
  custom:audio-decoder-ogg-vorbis: bf7c407c2cedff20999df2af8eb42d56 -> 
  custom:audio-encoder-webm-vorbis: bf7c407c2cedff20999df2af8eb42d56 -> 
========================================================================
Received Import Request.
  Time since last request: 5570.333914 seconds.
  path: Assets/enemy/Basic Enemy .prefab
  artifactKey: Guid(fa225b58fa1f0ec49956f8e7dfc5e969) Importer(815301076,1909f56bfc062723c751e8b465ee728b)
Start importing Assets/enemy/Basic Enemy .prefab using Guid(fa225b58fa1f0ec49956f8e7dfc5e969) Importer(815301076,1909f56bfc062723c751e8b465ee728b)  -> (artifact id: '08ac3bff39b8252ad2ecd856f712c45d') in 0.545434 seconds 
  Import took 0.564883 seconds .

========================================================================
Received Import Request.
  Time since last request: 0.000859 seconds.
  path: Assets/enemy/Boss.prefab
  artifactKey: Guid(073ffac26f4375d4ab0ee1d1e75a3fd0) Importer(815301076,1909f56bfc062723c751e8b465ee728b)
Start importing Assets/enemy/Boss.prefab using Guid(073ffac26f4375d4ab0ee1d1e75a3fd0) Importer(815301076,1909f56bfc062723c751e8b465ee728b)  -> (artifact id: '83e87ac7727bdd9301360457ccf2ed79') in 0.122328 seconds 
  Import took 0.134365 seconds .

========================================================================
Received Import Request.
  Time since last request: 0.000789 seconds.
  path: Assets/enemy/Tank man.prefab
  artifactKey: Guid(78aec2e707b38814e8ff8c7eda2d4053) Importer(815301076,1909f56bfc062723c751e8b465ee728b)
Start importing Assets/enemy/Tank man.prefab using Guid(78aec2e707b38814e8ff8c7eda2d4053) Importer(815301076,1909f56bfc062723c751e8b465ee728b)  -> (artifact id: 'ee95caa94b4f44d4702ee5e294adcd7d') in 0.319846 seconds 
  Import took 0.332671 seconds .

========================================================================
Received Import Request.
  Time since last request: 0.000761 seconds.
  path: Assets/enemy/Tank man Variant.prefab
  artifactKey: Guid(bdc29d8da08d642449980753a5cd61ed) Importer(815301076,1909f56bfc062723c751e8b465ee728b)
Start importing Assets/enemy/Tank man Variant.prefab using Guid(bdc29d8da08d642449980753a5cd61ed) Importer(815301076,1909f56bfc062723c751e8b465ee728b)  -> (artifact id: '0dd404e1020dc8fccefba8ad44286aa9') in 0.241057 seconds 
  Import took 0.254053 seconds .

========================================================================
Received Import Request.
  Time since last request: 0.000821 seconds.
  path: Assets/enemy/Leg man Variant.prefab
  artifactKey: Guid(53256b7cc9d75f74cb4ed1f968c20dec) Importer(815301076,1909f56bfc062723c751e8b465ee728b)
Start importing Assets/enemy/Leg man Variant.prefab using Guid(53256b7cc9d75f74cb4ed1f968c20dec) Importer(815301076,1909f56bfc062723c751e8b465ee728b)  -> (artifact id: 'ddb605123a70d3195a433da489407c90') in 0.322769 seconds 
  Import took 0.339909 seconds .

========================================================================
Received Import Request.
  Time since last request: 0.001055 seconds.
  path: Assets/enemy/Roach Boi.prefab
  artifactKey: Guid(bda48cbfc550ab9418d75c9ad2dea2f4) Importer(815301076,1909f56bfc062723c751e8b465ee728b)
Start importing Assets/enemy/Roach Boi.prefab using Guid(bda48cbfc550ab9418d75c9ad2dea2f4) Importer(815301076,1909f56bfc062723c751e8b465ee728b)  -> (artifact id: '4de0e767f3a49d9f57cf2608d60a66a6') in 0.181598 seconds 
  Import took 0.198650 seconds .

========================================================================
Received Import Request.
  Time since last request: 0.000877 seconds.
  path: Assets/enemy/Skeliboy.prefab
  artifactKey: Guid(6c5f4c8ba4a3d6844b88a78b95902137) Importer(815301076,1909f56bfc062723c751e8b465ee728b)
Start importing Assets/enemy/Skeliboy.prefab using Guid(6c5f4c8ba4a3d6844b88a78b95902137) Importer(815301076,1909f56bfc062723c751e8b465ee728b)  -> (artifact id: '7483f17ae7cb09f4ba427e35cb6780a5') in 0.715096 seconds 
  Import took 0.741768 seconds .

========================================================================
Received Import Request.
  Time since last request: 0.001662 seconds.
  path: Assets/enemy/Leg man.prefab
  artifactKey: Guid(78b04ac38db6b314b9752213e707ac57) Importer(815301076,1909f56bfc062723c751e8b465ee728b)
Start importing Assets/enemy/Leg man.prefab using Guid(78b04ac38db6b314b9752213e707ac57) Importer(815301076,1909f56bfc062723c751e8b465ee728b)  -> (artifact id: '9912212e41f518b0cd64e5dbdeeddd95') in 0.282735 seconds 
  Import took 0.492650 seconds .

========================================================================
Received Prepare
Registering precompiled user dll's ...
Registered in 0.072321 seconds.
Begin MonoManager ReloadAssembly
Native extension for WindowsStandalone target not found
Refreshing native plugins compatible for Editor in 1.04 ms, found 3 plugins.
Preloading 0 native plugins for Editor in 0.00 ms.
Mono: successfully reloaded assembly
- Completed reload, in  5.404 seconds
Domain Reload Profiling:
	ReloadAssembly (5408ms)
		BeginReloadAssembly (743ms)
			ExecutionOrderSort (0ms)
			DisableScriptedObjects (49ms)
			BackupInstance (0ms)
			ReleaseScriptingObjects (0ms)
			CreateAndSetChildDomain (132ms)
		EndReloadAssembly (3897ms)
			LoadAssemblies (827ms)
			RebuildTransferFunctionScriptingTraits (0ms)
			SetupTypeCache (1108ms)
			ReleaseScriptCaches (2ms)
			RebuildScriptCaches (134ms)
			SetupLoadedEditorAssemblies (1622ms)
				LogAssemblyErrors (0ms)
				InitializePlatformSupportModulesInManaged (29ms)
				SetLoadedEditorAssemblies (1ms)
				RefreshPlugins (2ms)
				BeforeProcessingInitializeOnLoad (627ms)
				ProcessInitializeOnLoadAttributes (773ms)
				ProcessInitializeOnLoadMethodAttributes (58ms)
				AfterProcessingInitializeOnLoad (132ms)
				EditorAssembliesLoaded (0ms)
			ExecutionOrderSort2 (0ms)
			AwakeInstancesAfterBackupRestoration (28ms)
Platform modules already initialized, skipping
Refreshing native plugins compatible for Editor in 4.25 ms, found 3 plugins.
Preloading 0 native plugins for Editor in 0.00 ms.
Unloading 2226 Unused Serialized files (Serialized files now loaded: 0)
System memory in use before: 101.0 MB.
System memory in use after: 101.2 MB.

Unloading 14 unused Assets to reduce memory usage. Loaded Objects now: 2720.
Total: 7.482242 ms (FindLiveObjects: 0.429455 ms CreateObjectMapping: 0.301429 ms MarkObjects: 6.716246 ms  DeleteObjects: 0.032952 ms)

AssetImportParameters requested are different than current active one (requested -> active):
  custom:framework-win-MediaFoundation: 216162199b28c13a410421893ffa2e32 -> 
  custom:video-decoder-ogg-theora: a1e56fd34408186e4bbccfd4996cb3dc -> 
  custom:container-muxer-webm: aa71ff27fc2769a1b78a27578f13a17b -> 
  custom:container-demuxer-webm: 4f35f7cbe854078d1ac9338744f61a02 -> 
  custom:container-demuxer-ogg: 62fdf1f143b41e24485cea50d1cbac27 -> 
  custom:video-encoder-webm-vp8: eb34c28f22e8b96e1ab97ce403110664 -> 
  custom:video-codec-MediaFoundation-h265: 746d11721c4dcdbdad8f713fa42b33f4 -> 
  custom:video-decoder-webm-vp8: 9c59270c3fd7afecdb556c50c9e8de78 -> 
  custom:audio-decoder-ogg-vorbis: bf7c407c2cedff20999df2af8eb42d56 -> 
  custom:audio-encoder-webm-vorbis: bf7c407c2cedff20999df2af8eb42d56 -> 
========================================================================
Received Prepare
Registering precompiled user dll's ...
Registered in 0.123783 seconds.
Begin MonoManager ReloadAssembly
Native extension for WindowsStandalone target not found
Refreshing native plugins compatible for Editor in 2.81 ms, found 3 plugins.
Preloading 0 native plugins for Editor in 0.00 ms.
Mono: successfully reloaded assembly
- Completed reload, in  6.999 seconds
Domain Reload Profiling:
	ReloadAssembly (7000ms)
		BeginReloadAssembly (1431ms)
			ExecutionOrderSort (0ms)
			DisableScriptedObjects (19ms)
			BackupInstance (0ms)
			ReleaseScriptingObjects (0ms)
			CreateAndSetChildDomain (475ms)
		EndReloadAssembly (4974ms)
			LoadAssemblies (1608ms)
			RebuildTransferFunctionScriptingTraits (0ms)
			SetupTypeCache (1251ms)
			ReleaseScriptCaches (3ms)
			RebuildScriptCaches (161ms)
			SetupLoadedEditorAssemblies (1923ms)
				LogAssemblyErrors (0ms)
				InitializePlatformSupportModulesInManaged (20ms)
				SetLoadedEditorAssemblies (2ms)
				RefreshPlugins (3ms)
				BeforeProcessingInitializeOnLoad (540ms)
				ProcessInitializeOnLoadAttributes (1218ms)
				ProcessInitializeOnLoadMethodAttributes (24ms)
				AfterProcessingInitializeOnLoad (116ms)
				EditorAssembliesLoaded (0ms)
			ExecutionOrderSort2 (0ms)
			AwakeInstancesAfterBackupRestoration (38ms)
Platform modules already initialized, skipping
Refreshing native plugins compatible for Editor in 1.44 ms, found 3 plugins.
Preloading 0 native plugins for Editor in 0.00 ms.
Unloading 2226 Unused Serialized files (Serialized files now loaded: 0)
System memory in use before: 101.0 MB.
System memory in use after: 101.3 MB.

Unloading 14 unused Assets to reduce memory usage. Loaded Objects now: 2723.
Total: 7.674012 ms (FindLiveObjects: 0.428375 ms CreateObjectMapping: 0.214998 ms MarkObjects: 6.995527 ms  DeleteObjects: 0.032412 ms)

AssetImportParameters requested are different than current active one (requested -> active):
  custom:framework-win-MediaFoundation: 216162199b28c13a410421893ffa2e32 -> 
  custom:video-decoder-ogg-theora: a1e56fd34408186e4bbccfd4996cb3dc -> 
  custom:container-muxer-webm: aa71ff27fc2769a1b78a27578f13a17b -> 
  custom:container-demuxer-webm: 4f35f7cbe854078d1ac9338744f61a02 -> 
  custom:container-demuxer-ogg: 62fdf1f143b41e24485cea50d1cbac27 -> 
  custom:video-encoder-webm-vp8: eb34c28f22e8b96e1ab97ce403110664 -> 
  custom:video-codec-MediaFoundation-h265: 746d11721c4dcdbdad8f713fa42b33f4 -> 
  custom:video-decoder-webm-vp8: 9c59270c3fd7afecdb556c50c9e8de78 -> 
  custom:audio-decoder-ogg-vorbis: bf7c407c2cedff20999df2af8eb42d56 -> 
  custom:audio-encoder-webm-vorbis: bf7c407c2cedff20999df2af8eb42d56 -> 
========================================================================
Received Prepare
Registering precompiled user dll's ...
Registered in 0.042142 seconds.
Begin MonoManager ReloadAssembly
Native extension for WindowsStandalone target not found
Refreshing native plugins compatible for Editor in 6.11 ms, found 3 plugins.
Preloading 0 native plugins for Editor in 0.00 ms.
Mono: successfully reloaded assembly
- Completed reload, in  5.603 seconds
Domain Reload Profiling:
	ReloadAssembly (5605ms)
		BeginReloadAssembly (660ms)
			ExecutionOrderSort (0ms)
			DisableScriptedObjects (21ms)
			BackupInstance (0ms)
			ReleaseScriptingObjects (0ms)
			CreateAndSetChildDomain (116ms)
		EndReloadAssembly (4522ms)
			LoadAssemblies (760ms)
			RebuildTransferFunctionScriptingTraits (0ms)
			SetupTypeCache (1149ms)
			ReleaseScriptCaches (3ms)
			RebuildScriptCaches (185ms)
			SetupLoadedEditorAssemblies (2185ms)
				LogAssemblyErrors (0ms)
				InitializePlatformSupportModulesInManaged (37ms)
				SetLoadedEditorAssemblies (2ms)
				RefreshPlugins (7ms)
				BeforeProcessingInitializeOnLoad (1064ms)
				ProcessInitializeOnLoadAttributes (641ms)
				ProcessInitializeOnLoadMethodAttributes (19ms)
				AfterProcessingInitializeOnLoad (415ms)
				EditorAssembliesLoaded (0ms)
			ExecutionOrderSort2 (0ms)
			AwakeInstancesAfterBackupRestoration (82ms)
Platform modules already initialized, skipping
Refreshing native plugins compatible for Editor in 2.96 ms, found 3 plugins.
Preloading 0 native plugins for Editor in 0.00 ms.
Unloading 2226 Unused Serialized files (Serialized files now loaded: 0)
System memory in use before: 101.0 MB.
System memory in use after: 101.3 MB.

Unloading 14 unused Assets to reduce memory usage. Loaded Objects now: 2726.
Total: 13.545933 ms (FindLiveObjects: 0.694151 ms CreateObjectMapping: 5.188034 ms MarkObjects: 7.602166 ms  DeleteObjects: 0.056720 ms)

AssetImportParameters requested are different than current active one (requested -> active):
  custom:framework-win-MediaFoundation: 216162199b28c13a410421893ffa2e32 -> 
  custom:video-decoder-ogg-theora: a1e56fd34408186e4bbccfd4996cb3dc -> 
  custom:container-muxer-webm: aa71ff27fc2769a1b78a27578f13a17b -> 
  custom:container-demuxer-webm: 4f35f7cbe854078d1ac9338744f61a02 -> 
  custom:container-demuxer-ogg: 62fdf1f143b41e24485cea50d1cbac27 -> 
  custom:video-encoder-webm-vp8: eb34c28f22e8b96e1ab97ce403110664 -> 
  custom:video-codec-MediaFoundation-h265: 746d11721c4dcdbdad8f713fa42b33f4 -> 
  custom:video-decoder-webm-vp8: 9c59270c3fd7afecdb556c50c9e8de78 -> 
  custom:audio-decoder-ogg-vorbis: bf7c407c2cedff20999df2af8eb42d56 -> 
  custom:audio-encoder-webm-vorbis: bf7c407c2cedff20999df2af8eb42d56 -> 
========================================================================
Received Prepare
Registering precompiled user dll's ...
Registered in 0.228628 seconds.
Begin MonoManager ReloadAssembly
Native extension for WindowsStandalone target not found
Refreshing native plugins compatible for Editor in 4.60 ms, found 3 plugins.
Preloading 0 native plugins for Editor in 0.00 ms.
Mono: successfully reloaded assembly
- Completed reload, in 30.643 seconds
Domain Reload Profiling:
	ReloadAssembly (30718ms)
		BeginReloadAssembly (873ms)
			ExecutionOrderSort (0ms)
			DisableScriptedObjects (34ms)
			BackupInstance (0ms)
			ReleaseScriptingObjects (0ms)
			CreateAndSetChildDomain (162ms)
		EndReloadAssembly (29130ms)
			LoadAssemblies (1704ms)
			RebuildTransferFunctionScriptingTraits (0ms)
			SetupTypeCache (12729ms)
			ReleaseScriptCaches (6ms)
			RebuildScriptCaches (7095ms)
			SetupLoadedEditorAssemblies (3119ms)
				LogAssemblyErrors (0ms)
				InitializePlatformSupportModulesInManaged (70ms)
				SetLoadedEditorAssemblies (24ms)
				RefreshPlugins (5ms)
				BeforeProcessingInitializeOnLoad (1501ms)
				ProcessInitializeOnLoadAttributes (1327ms)
				ProcessInitializeOnLoadMethodAttributes (23ms)
				AfterProcessingInitializeOnLoad (168ms)
				EditorAssembliesLoaded (0ms)
			ExecutionOrderSort2 (0ms)
			AwakeInstancesAfterBackupRestoration (72ms)
Platform modules already initialized, skipping
Refreshing native plugins compatible for Editor in 3.26 ms, found 3 plugins.
Preloading 0 native plugins for Editor in 0.00 ms.
Unloading 2226 Unused Serialized files (Serialized files now loaded: 0)
System memory in use before: 101.1 MB.
System memory in use after: 101.3 MB.

Unloading 14 unused Assets to reduce memory usage. Loaded Objects now: 2729.
Total: 7.918180 ms (FindLiveObjects: 0.479153 ms CreateObjectMapping: 0.332220 ms MarkObjects: 7.004710 ms  DeleteObjects: 0.099396 ms)

AssetImportParameters requested are different than current active one (requested -> active):
  custom:framework-win-MediaFoundation: 216162199b28c13a410421893ffa2e32 -> 
  custom:video-decoder-ogg-theora: a1e56fd34408186e4bbccfd4996cb3dc -> 
  custom:container-muxer-webm: aa71ff27fc2769a1b78a27578f13a17b -> 
  custom:container-demuxer-webm: 4f35f7cbe854078d1ac9338744f61a02 -> 
  custom:container-demuxer-ogg: 62fdf1f143b41e24485cea50d1cbac27 -> 
  custom:video-encoder-webm-vp8: eb34c28f22e8b96e1ab97ce403110664 -> 
  custom:video-codec-MediaFoundation-h265: 746d11721c4dcdbdad8f713fa42b33f4 -> 
  custom:video-decoder-webm-vp8: 9c59270c3fd7afecdb556c50c9e8de78 -> 
  custom:audio-decoder-ogg-vorbis: bf7c407c2cedff20999df2af8eb42d56 -> 
  custom:audio-encoder-webm-vorbis: bf7c407c2cedff20999df2af8eb42d56 -> 
========================================================================
Received Prepare
Registering precompiled user dll's ...
Registered in 0.029379 seconds.
Begin MonoManager ReloadAssembly
Native extension for WindowsStandalone target not found
Refreshing native plugins compatible for Editor in 1.13 ms, found 3 plugins.
Preloading 0 native plugins for Editor in 0.00 ms.
Mono: successfully reloaded assembly
- Completed reload, in  4.874 seconds
Domain Reload Profiling:
	ReloadAssembly (4875ms)
		BeginReloadAssembly (633ms)
			ExecutionOrderSort (0ms)
			DisableScriptedObjects (13ms)
			BackupInstance (0ms)
			ReleaseScriptingObjects (0ms)
			CreateAndSetChildDomain (138ms)
		EndReloadAssembly (3892ms)
			LoadAssemblies (621ms)
			RebuildTransferFunctionScriptingTraits (0ms)
			SetupTypeCache (836ms)
			ReleaseScriptCaches (2ms)
			RebuildScriptCaches (118ms)
			SetupLoadedEditorAssemblies (2105ms)
				LogAssemblyErrors (0ms)
				InitializePlatformSupportModulesInManaged (19ms)
				SetLoadedEditorAssemblies (1ms)
				RefreshPlugins (2ms)
				BeforeProcessingInitializeOnLoad (861ms)
				ProcessInitializeOnLoadAttributes (965ms)
				ProcessInitializeOnLoadMethodAttributes (37ms)
				AfterProcessingInitializeOnLoad (220ms)
				EditorAssembliesLoaded (1ms)
			ExecutionOrderSort2 (0ms)
			AwakeInstancesAfterBackupRestoration (36ms)
Platform modules already initialized, skipping
Refreshing native plugins compatible for Editor in 1.49 ms, found 3 plugins.
Preloading 0 native plugins for Editor in 0.00 ms.
Unloading 2226 Unused Serialized files (Serialized files now loaded: 0)
System memory in use before: 101.0 MB.
System memory in use after: 101.2 MB.

Unloading 14 unused Assets to reduce memory usage. Loaded Objects now: 2732.
Total: 7.053868 ms (FindLiveObjects: 0.391101 ms CreateObjectMapping: 0.249570 ms MarkObjects: 6.377003 ms  DeleteObjects: 0.033492 ms)

AssetImportParameters requested are different than current active one (requested -> active):
  custom:framework-win-MediaFoundation: 216162199b28c13a410421893ffa2e32 -> 
  custom:video-decoder-ogg-theora: a1e56fd34408186e4bbccfd4996cb3dc -> 
  custom:container-muxer-webm: aa71ff27fc2769a1b78a27578f13a17b -> 
  custom:container-demuxer-webm: 4f35f7cbe854078d1ac9338744f61a02 -> 
  custom:container-demuxer-ogg: 62fdf1f143b41e24485cea50d1cbac27 -> 
  custom:video-encoder-webm-vp8: eb34c28f22e8b96e1ab97ce403110664 -> 
  custom:video-codec-MediaFoundation-h265: 746d11721c4dcdbdad8f713fa42b33f4 -> 
  custom:video-decoder-webm-vp8: 9c59270c3fd7afecdb556c50c9e8de78 -> 
  custom:audio-decoder-ogg-vorbis: bf7c407c2cedff20999df2af8eb42d56 -> 
  custom:audio-encoder-webm-vorbis: bf7c407c2cedff20999df2af8eb42d56 -> 
========================================================================
Received Prepare
Registering precompiled user dll's ...
Registered in 0.024906 seconds.
Begin MonoManager ReloadAssembly
Native extension for WindowsStandalone target not found
Refreshing native plugins compatible for Editor in 1.46 ms, found 3 plugins.
Preloading 0 native plugins for Editor in 0.00 ms.
Mono: successfully reloaded assembly
- Completed reload, in  6.869 seconds
Domain Reload Profiling:
	ReloadAssembly (6870ms)
		BeginReloadAssembly (843ms)
			ExecutionOrderSort (0ms)
			DisableScriptedObjects (12ms)
			BackupInstance (0ms)
			ReleaseScriptingObjects (0ms)
			CreateAndSetChildDomain (154ms)
		EndReloadAssembly (5534ms)
			LoadAssemblies (1048ms)
			RebuildTransferFunctionScriptingTraits (0ms)
			SetupTypeCache (2091ms)
			ReleaseScriptCaches (3ms)
			RebuildScriptCaches (218ms)
			SetupLoadedEditorAssemblies (2087ms)
				LogAssemblyErrors (0ms)
				InitializePlatformSupportModulesInManaged (22ms)
				SetLoadedEditorAssemblies (2ms)
				RefreshPlugins (2ms)
				BeforeProcessingInitializeOnLoad (704ms)
				ProcessInitializeOnLoadAttributes (1195ms)
				ProcessInitializeOnLoadMethodAttributes (21ms)
				AfterProcessingInitializeOnLoad (140ms)
				EditorAssembliesLoaded (0ms)
			ExecutionOrderSort2 (0ms)
			AwakeInstancesAfterBackupRestoration (26ms)
Platform modules already initialized, skipping
Refreshing native plugins compatible for Editor in 1.70 ms, found 3 plugins.
Preloading 0 native plugins for Editor in 0.00 ms.
Unloading 2226 Unused Serialized files (Serialized files now loaded: 0)
System memory in use before: 101.1 MB.
System memory in use after: 101.3 MB.

Unloading 14 unused Assets to reduce memory usage. Loaded Objects now: 2735.
Total: 23.398011 ms (FindLiveObjects: 1.543337 ms CreateObjectMapping: 0.382458 ms MarkObjects: 21.421437 ms  DeleteObjects: 0.046997 ms)

AssetImportParameters requested are different than current active one (requested -> active):
  custom:framework-win-MediaFoundation: 216162199b28c13a410421893ffa2e32 -> 
  custom:video-decoder-ogg-theora: a1e56fd34408186e4bbccfd4996cb3dc -> 
  custom:container-muxer-webm: aa71ff27fc2769a1b78a27578f13a17b -> 
  custom:container-demuxer-webm: 4f35f7cbe854078d1ac9338744f61a02 -> 
  custom:container-demuxer-ogg: 62fdf1f143b41e24485cea50d1cbac27 -> 
  custom:video-encoder-webm-vp8: eb34c28f22e8b96e1ab97ce403110664 -> 
  custom:video-codec-MediaFoundation-h265: 746d11721c4dcdbdad8f713fa42b33f4 -> 
  custom:video-decoder-webm-vp8: 9c59270c3fd7afecdb556c50c9e8de78 -> 
  custom:audio-decoder-ogg-vorbis: bf7c407c2cedff20999df2af8eb42d56 -> 
  custom:audio-encoder-webm-vorbis: bf7c407c2cedff20999df2af8eb42d56 -> 
========================================================================
Received Prepare
Registering precompiled user dll's ...
Registered in 0.060319 seconds.
Begin MonoManager ReloadAssembly
Native extension for WindowsStandalone target not found
Refreshing native plugins compatible for Editor in 1.04 ms, found 3 plugins.
Preloading 0 native plugins for Editor in 0.00 ms.
Mono: successfully reloaded assembly
- Completed reload, in  3.974 seconds
Domain Reload Profiling:
	ReloadAssembly (3975ms)
		BeginReloadAssembly (518ms)
			ExecutionOrderSort (0ms)
			DisableScriptedObjects (20ms)
			BackupInstance (0ms)
			ReleaseScriptingObjects (0ms)
			CreateAndSetChildDomain (81ms)
		EndReloadAssembly (3157ms)
			LoadAssemblies (564ms)
			RebuildTransferFunctionScriptingTraits (0ms)
			SetupTypeCache (814ms)
			ReleaseScriptCaches (2ms)
			RebuildScriptCaches (130ms)
			SetupLoadedEditorAssemblies (1438ms)
				LogAssemblyErrors (0ms)
				InitializePlatformSupportModulesInManaged (31ms)
				SetLoadedEditorAssemblies (1ms)
				RefreshPlugins (1ms)
				BeforeProcessingInitializeOnLoad (559ms)
				ProcessInitializeOnLoadAttributes (594ms)
				ProcessInitializeOnLoadMethodAttributes (15ms)
				AfterProcessingInitializeOnLoad (235ms)
				EditorAssembliesLoaded (1ms)
			ExecutionOrderSort2 (0ms)
			AwakeInstancesAfterBackupRestoration (30ms)
Platform modules already initialized, skipping
Refreshing native plugins compatible for Editor in 1.08 ms, found 3 plugins.
Preloading 0 native plugins for Editor in 0.00 ms.
Unloading 2226 Unused Serialized files (Serialized files now loaded: 0)
System memory in use before: 101.2 MB.
System memory in use after: 101.4 MB.

Unloading 14 unused Assets to reduce memory usage. Loaded Objects now: 2738.
Total: 12.449336 ms (FindLiveObjects: 1.638952 ms CreateObjectMapping: 0.429995 ms MarkObjects: 10.338794 ms  DeleteObjects: 0.037273 ms)

AssetImportParameters requested are different than current active one (requested -> active):
  custom:framework-win-MediaFoundation: 216162199b28c13a410421893ffa2e32 -> 
  custom:video-decoder-ogg-theora: a1e56fd34408186e4bbccfd4996cb3dc -> 
  custom:container-muxer-webm: aa71ff27fc2769a1b78a27578f13a17b -> 
  custom:container-demuxer-webm: 4f35f7cbe854078d1ac9338744f61a02 -> 
  custom:container-demuxer-ogg: 62fdf1f143b41e24485cea50d1cbac27 -> 
  custom:video-encoder-webm-vp8: eb34c28f22e8b96e1ab97ce403110664 -> 
  custom:video-codec-MediaFoundation-h265: 746d11721c4dcdbdad8f713fa42b33f4 -> 
  custom:video-decoder-webm-vp8: 9c59270c3fd7afecdb556c50c9e8de78 -> 
  custom:audio-decoder-ogg-vorbis: bf7c407c2cedff20999df2af8eb42d56 -> 
  custom:audio-encoder-webm-vorbis: bf7c407c2cedff20999df2af8eb42d56 -> 
AssetImportWorkerClient::OnTransportError - code=2 error=End of file
