Using pre-set license
Built from '2020.3/staging' branch; Version is '2020.3.20f1 (41c4e627c95f) revision 4310246'; Using compiler version '192528614'; Build Type 'Release'
OS: 'Windows 10 Home Single Language; OS build 16299.431; Version 1709; 64bit' Language: 'en' Physical Memory: 8074 MB
BatchMode: 1, IsHumanControllingUs: 0, StartBugReporterOnCrash: 0, Is64bit: 1, IsPro: 0

COMMAND LINE ARGUMENTS:
C:\Program Files\Unity\Hub\Editor\2020.3.20f1\Editor\Unity.exe
-adb2
-batchMode
-noUpm
-name
AssetImportWorker9
-projectPath
C:/Users/admin/Documents/GitHub/TowerDefenseGame/TowerDefence
-logFile
Logs/AssetImportWorker9.log
-srvPort
55141
Successfully changed project path to: C:/Users/admin/Documents/GitHub/TowerDefenseGame/TowerDefence
C:/Users/admin/Documents/GitHub/TowerDefenseGame/TowerDefence
Using Asset Import Pipeline V2.
Refreshing native plugins compatible for Editor in 194.55 ms, found 3 plugins.
Preloading 0 native plugins for Editor in 0.00 ms.
Initialize engine version: 2020.3.20f1 (41c4e627c95f)
[Subsystems] Discovering subsystems at path C:/Program Files/Unity/Hub/Editor/2020.3.20f1/Editor/Data/Resources/UnitySubsystems
[Subsystems] Discovering subsystems at path C:/Users/admin/Documents/GitHub/TowerDefenseGame/TowerDefence/Assets
GfxDevice: creating device client; threaded=0
Direct3D:
    Version:  Direct3D 11.0 [level 11.0]
    Renderer: NVIDIA GeForce 820M (ID=0x1140)
    Vendor:   
    VRAM:     1990 MB
    Driver:   23.21.13.9135
Initialize mono
Mono path[0] = 'C:/Program Files/Unity/Hub/Editor/2020.3.20f1/Editor/Data/Managed'
Mono path[1] = 'C:/Program Files/Unity/Hub/Editor/2020.3.20f1/Editor/Data/MonoBleedingEdge/lib/mono/unityjit'
Mono config path = 'C:/Program Files/Unity/Hub/Editor/2020.3.20f1/Editor/Data/MonoBleedingEdge/etc'
Using monoOptions --debugger-agent=transport=dt_socket,embedding=1,server=y,suspend=n,address=127.0.0.1:56312
Begin MonoManager ReloadAssembly
Registering precompiled unity dll's ...
Register platform support module: C:/Program Files/Unity/Hub/Editor/2020.3.20f1/Editor/Data/PlaybackEngines/WindowsStandaloneSupport/UnityEditor.WindowsStandalone.Extensions.dll
Registered in 0.026695 seconds.
Native extension for WindowsStandalone target not found
Refreshing native plugins compatible for Editor in 112.10 ms, found 3 plugins.
Preloading 0 native plugins for Editor in 0.00 ms.
Mono: successfully reloaded assembly
- Completed reload, in 11.511 seconds
Domain Reload Profiling:
	ReloadAssembly (11513ms)
		BeginReloadAssembly (383ms)
			ExecutionOrderSort (0ms)
			DisableScriptedObjects (0ms)
			BackupInstance (0ms)
			ReleaseScriptingObjects (0ms)
			CreateAndSetChildDomain (2ms)
		EndReloadAssembly (1048ms)
			LoadAssemblies (361ms)
			RebuildTransferFunctionScriptingTraits (0ms)
			SetupTypeCache (361ms)
			ReleaseScriptCaches (0ms)
			RebuildScriptCaches (55ms)
			SetupLoadedEditorAssemblies (374ms)
				LogAssemblyErrors (0ms)
				InitializePlatformSupportModulesInManaged (12ms)
				SetLoadedEditorAssemblies (0ms)
				RefreshPlugins (112ms)
				BeforeProcessingInitializeOnLoad (27ms)
				ProcessInitializeOnLoadAttributes (153ms)
				ProcessInitializeOnLoadMethodAttributes (68ms)
				AfterProcessingInitializeOnLoad (0ms)
				EditorAssembliesLoaded (0ms)
			ExecutionOrderSort2 (0ms)
			AwakeInstancesAfterBackupRestoration (0ms)
Platform modules already initialized, skipping
Registering precompiled user dll's ...
Registered in 0.031222 seconds.
Begin MonoManager ReloadAssembly
Native extension for WindowsStandalone target not found
Refreshing native plugins compatible for Editor in 110.52 ms, found 3 plugins.
Preloading 0 native plugins for Editor in 0.00 ms.
Mono: successfully reloaded assembly
- Completed reload, in  3.820 seconds
Domain Reload Profiling:
	ReloadAssembly (3824ms)
		BeginReloadAssembly (619ms)
			ExecutionOrderSort (0ms)
			DisableScriptedObjects (10ms)
			BackupInstance (0ms)
			ReleaseScriptingObjects (0ms)
			CreateAndSetChildDomain (47ms)
		EndReloadAssembly (2890ms)
			LoadAssemblies (590ms)
			RebuildTransferFunctionScriptingTraits (0ms)
			SetupTypeCache (842ms)
			ReleaseScriptCaches (1ms)
			RebuildScriptCaches (105ms)
			SetupLoadedEditorAssemblies (1223ms)
				LogAssemblyErrors (0ms)
				InitializePlatformSupportModulesInManaged (11ms)
				SetLoadedEditorAssemblies (0ms)
				RefreshPlugins (111ms)
				BeforeProcessingInitializeOnLoad (453ms)
				ProcessInitializeOnLoadAttributes (513ms)
				ProcessInitializeOnLoadMethodAttributes (31ms)
				AfterProcessingInitializeOnLoad (103ms)
				EditorAssembliesLoaded (0ms)
			ExecutionOrderSort2 (0ms)
			AwakeInstancesAfterBackupRestoration (15ms)
Platform modules already initialized, skipping
========================================================================
Worker process is ready to serve import requests
Launched and connected shader compiler UnityShaderCompiler.exe after 0.15 seconds
Refreshing native plugins compatible for Editor in 1.02 ms, found 3 plugins.
Preloading 0 native plugins for Editor in 0.00 ms.
Unloading 2254 Unused Serialized files (Serialized files now loaded: 0)
System memory in use before: 99.6 MB.
System memory in use after: 99.7 MB.

Unloading 25 unused Assets to reduce memory usage. Loaded Objects now: 2695.
Total: 7.736649 ms (FindLiveObjects: 0.372733 ms CreateObjectMapping: 0.277659 ms MarkObjects: 6.919337 ms  DeleteObjects: 0.164219 ms)

AssetImportParameters requested are different than current active one (requested -> active):
  custom:framework-win-MediaFoundation: 216162199b28c13a410421893ffa2e32 -> 
  custom:video-decoder-ogg-theora: a1e56fd34408186e4bbccfd4996cb3dc -> 
  custom:container-muxer-webm: aa71ff27fc2769a1b78a27578f13a17b -> 
  custom:container-demuxer-webm: 4f35f7cbe854078d1ac9338744f61a02 -> 
  custom:container-demuxer-ogg: 62fdf1f143b41e24485cea50d1cbac27 -> 
  custom:video-encoder-webm-vp8: eb34c28f22e8b96e1ab97ce403110664 -> 
  custom:video-codec-MediaFoundation-h265: 746d11721c4dcdbdad8f713fa42b33f4 -> 
  custom:video-decoder-webm-vp8: 9c59270c3fd7afecdb556c50c9e8de78 -> 
  custom:audio-decoder-ogg-vorbis: bf7c407c2cedff20999df2af8eb42d56 -> 
  custom:audio-encoder-webm-vorbis: bf7c407c2cedff20999df2af8eb42d56 -> 
========================================================================
Received Import Request.
  path: Assets/ScriptableObject/Debuff_And_Buff/DisableArmor.asset
  artifactKey: Guid(9a2cb40dad7b77e4b9ec4a4a233328e5) Importer(815301076,1909f56bfc062723c751e8b465ee728b)
Start importing Assets/ScriptableObject/Debuff_And_Buff/DisableArmor.asset using Guid(9a2cb40dad7b77e4b9ec4a4a233328e5) Importer(815301076,1909f56bfc062723c751e8b465ee728b)  -> (artifact id: 'd461c92eb863ea08ec74d5f8b8b7d0a4') in 0.139182 seconds 
  Import took 0.150397 seconds .

========================================================================
Received Import Request.
  Time since last request: 0.000628 seconds.
  path: Assets/ScriptableObject/Debuff_And_Buff/Burn_Stacking.asset
  artifactKey: Guid(e97cff0cddbfc294ab3a786d058cf043) Importer(815301076,1909f56bfc062723c751e8b465ee728b)
Start importing Assets/ScriptableObject/Debuff_And_Buff/Burn_Stacking.asset using Guid(e97cff0cddbfc294ab3a786d058cf043) Importer(815301076,1909f56bfc062723c751e8b465ee728b)  -> (artifact id: 'ad34c7d468e2459f87cc78f34d6b4387') in 0.050572 seconds 
  Import took 0.066610 seconds .

========================================================================
Received Import Request.
  Time since last request: 0.000740 seconds.
  path: Assets/Prefab/Turret/BasicTurret_Lv2.prefab
  artifactKey: Guid(a88c3d144c9d17445975c35cbbe5d529) Importer(815301076,1909f56bfc062723c751e8b465ee728b)
Start importing Assets/Prefab/Turret/BasicTurret_Lv2.prefab using Guid(a88c3d144c9d17445975c35cbbe5d529) Importer(815301076,1909f56bfc062723c751e8b465ee728b)  -> (artifact id: 'b7b2c58dd07fc2172d5353cdee6469d5') in 0.369109 seconds 
  Import took 0.407257 seconds .

========================================================================
Received Import Request.
  Time since last request: 0.000823 seconds.
  path: Assets/ScriptableObject/Debuff_And_Buff/Burn_Basic.asset
  artifactKey: Guid(6e782bf3d6a653a4885bc1ea04b116a0) Importer(815301076,1909f56bfc062723c751e8b465ee728b)
Start importing Assets/ScriptableObject/Debuff_And_Buff/Burn_Basic.asset using Guid(6e782bf3d6a653a4885bc1ea04b116a0) Importer(815301076,1909f56bfc062723c751e8b465ee728b)  -> (artifact id: 'bc536775f699bbe682ea54b6b1158d86') in 0.053015 seconds 
  Import took 0.071357 seconds .

========================================================================
Received Import Request.
  Time since last request: 758.966542 seconds.
  path: Assets/Prefab/Turret/BasicTurret_Lv2.prefab
  artifactKey: Guid(a88c3d144c9d17445975c35cbbe5d529) Importer(815301076,1909f56bfc062723c751e8b465ee728b)
Start importing Assets/Prefab/Turret/BasicTurret_Lv2.prefab using Guid(a88c3d144c9d17445975c35cbbe5d529) Importer(815301076,1909f56bfc062723c751e8b465ee728b)  -> (artifact id: 'a00716eb6ab2755c06cdb8cfc515d5c3') in 0.211186 seconds 
  Import took 0.226074 seconds .

========================================================================
Received Import Request.
  Time since last request: 677.749525 seconds.
  path: Assets/Sprite/SpriteSheet/Poison.png
  artifactKey: Guid(b728d6e10470bcc48bb13393b3337e44) Importer(815301076,1909f56bfc062723c751e8b465ee728b)
Start importing Assets/Sprite/SpriteSheet/Poison.png using Guid(b728d6e10470bcc48bb13393b3337e44) Importer(815301076,1909f56bfc062723c751e8b465ee728b)  -> (artifact id: '09c57cc5bfce838b5e71676031c159bf') in 0.340605 seconds 
  Import took 0.355225 seconds .

========================================================================
Received Import Request.
  Time since last request: 13.747773 seconds.
  path: Assets/Sprite/SpriteSheet/Poison.png
  artifactKey: Guid(b728d6e10470bcc48bb13393b3337e44) Importer(815301076,1909f56bfc062723c751e8b465ee728b)
Start importing Assets/Sprite/SpriteSheet/Poison.png using Guid(b728d6e10470bcc48bb13393b3337e44) Importer(815301076,1909f56bfc062723c751e8b465ee728b)  -> (artifact id: 'cba8b521a4dfcc58a444c841cf0e7cab') in 0.250306 seconds 
  Import took 0.283643 seconds .

========================================================================
Received Import Request.
  Time since last request: 6.847994 seconds.
  path: Assets/Sprite/SpriteSheet/Poison.png
  artifactKey: Guid(b728d6e10470bcc48bb13393b3337e44) Importer(815301076,1909f56bfc062723c751e8b465ee728b)
Start importing Assets/Sprite/SpriteSheet/Poison.png using Guid(b728d6e10470bcc48bb13393b3337e44) Importer(815301076,1909f56bfc062723c751e8b465ee728b)  -> (artifact id: '30b89f390f24cf5505fbd1e366958504') in 0.180094 seconds 
  Import took 0.202575 seconds .

AssetImportWorkerClient::OnTransportError - code=2 error=End of file
