Using pre-set license
Built from '2020.3/staging' branch; Version is '2020.3.20f1 (41c4e627c95f) revision 4310246'; Using compiler version '192528614'; Build Type 'Release'
OS: 'Windows 10 Home Single Language; OS build 16299.431; Version 1709; 64bit' Language: 'en' Physical Memory: 8074 MB
BatchMode: 1, IsHumanControllingUs: 0, StartBugReporterOnCrash: 0, Is64bit: 1, IsPro: 0

COMMAND LINE ARGUMENTS:
C:\Program Files\Unity\Hub\Editor\2020.3.20f1\Editor\Unity.exe
-adb2
-batchMode
-noUpm
-name
AssetImportWorker1
-projectPath
C:/Users/admin/Documents/GitHub/TowerDefenseGame/TowerDefence
-logFile
Logs/AssetImportWorker1.log
-srvPort
49865
Successfully changed project path to: C:/Users/admin/Documents/GitHub/TowerDefenseGame/TowerDefence
C:/Users/admin/Documents/GitHub/TowerDefenseGame/TowerDefence
Using Asset Import Pipeline V2.
Refreshing native plugins compatible for Editor in 200.57 ms, found 3 plugins.
Preloading 0 native plugins for Editor in 0.00 ms.
Initialize engine version: 2020.3.20f1 (41c4e627c95f)
[Subsystems] Discovering subsystems at path C:/Program Files/Unity/Hub/Editor/2020.3.20f1/Editor/Data/Resources/UnitySubsystems
[Subsystems] Discovering subsystems at path C:/Users/admin/Documents/GitHub/TowerDefenseGame/TowerDefence/Assets
GfxDevice: creating device client; threaded=0
Direct3D:
    Version:  Direct3D 11.0 [level 11.0]
    Renderer: NVIDIA GeForce 820M (ID=0x1140)
    Vendor:   
    VRAM:     1990 MB
    Driver:   23.21.13.9135
Initialize mono
Mono path[0] = 'C:/Program Files/Unity/Hub/Editor/2020.3.20f1/Editor/Data/Managed'
Mono path[1] = 'C:/Program Files/Unity/Hub/Editor/2020.3.20f1/Editor/Data/MonoBleedingEdge/lib/mono/unityjit'
Mono config path = 'C:/Program Files/Unity/Hub/Editor/2020.3.20f1/Editor/Data/MonoBleedingEdge/etc'
Using monoOptions --debugger-agent=transport=dt_socket,embedding=1,server=y,suspend=n,address=127.0.0.1:56380
Begin MonoManager ReloadAssembly
Registering precompiled unity dll's ...
Register platform support module: C:/Program Files/Unity/Hub/Editor/2020.3.20f1/Editor/Data/PlaybackEngines/WindowsStandaloneSupport/UnityEditor.WindowsStandalone.Extensions.dll
Registered in 0.031525 seconds.
Native extension for WindowsStandalone target not found
Refreshing native plugins compatible for Editor in 144.47 ms, found 3 plugins.
Preloading 0 native plugins for Editor in 0.00 ms.
Mono: successfully reloaded assembly
- Completed reload, in 12.184 seconds
Domain Reload Profiling:
	ReloadAssembly (12185ms)
		BeginReloadAssembly (377ms)
			ExecutionOrderSort (0ms)
			DisableScriptedObjects (0ms)
			BackupInstance (0ms)
			ReleaseScriptingObjects (0ms)
			CreateAndSetChildDomain (1ms)
		EndReloadAssembly (1162ms)
			LoadAssemblies (359ms)
			RebuildTransferFunctionScriptingTraits (0ms)
			SetupTypeCache (434ms)
			ReleaseScriptCaches (0ms)
			RebuildScriptCaches (57ms)
			SetupLoadedEditorAssemblies (407ms)
				LogAssemblyErrors (0ms)
				InitializePlatformSupportModulesInManaged (14ms)
				SetLoadedEditorAssemblies (0ms)
				RefreshPlugins (145ms)
				BeforeProcessingInitializeOnLoad (29ms)
				ProcessInitializeOnLoadAttributes (159ms)
				ProcessInitializeOnLoadMethodAttributes (59ms)
				AfterProcessingInitializeOnLoad (0ms)
				EditorAssembliesLoaded (0ms)
			ExecutionOrderSort2 (0ms)
			AwakeInstancesAfterBackupRestoration (0ms)
Platform modules already initialized, skipping
Registering precompiled user dll's ...
Registered in 0.027352 seconds.
Begin MonoManager ReloadAssembly
Native extension for WindowsStandalone target not found
Refreshing native plugins compatible for Editor in 158.40 ms, found 3 plugins.
Preloading 0 native plugins for Editor in 0.00 ms.
Mono: successfully reloaded assembly
- Completed reload, in  3.661 seconds
Domain Reload Profiling:
	ReloadAssembly (3665ms)
		BeginReloadAssembly (567ms)
			ExecutionOrderSort (0ms)
			DisableScriptedObjects (10ms)
			BackupInstance (0ms)
			ReleaseScriptingObjects (0ms)
			CreateAndSetChildDomain (47ms)
		EndReloadAssembly (2826ms)
			LoadAssemblies (553ms)
			RebuildTransferFunctionScriptingTraits (0ms)
			SetupTypeCache (807ms)
			ReleaseScriptCaches (1ms)
			RebuildScriptCaches (111ms)
			SetupLoadedEditorAssemblies (1207ms)
				LogAssemblyErrors (0ms)
				InitializePlatformSupportModulesInManaged (14ms)
				SetLoadedEditorAssemblies (1ms)
				RefreshPlugins (159ms)
				BeforeProcessingInitializeOnLoad (448ms)
				ProcessInitializeOnLoadAttributes (456ms)
				ProcessInitializeOnLoadMethodAttributes (31ms)
				AfterProcessingInitializeOnLoad (98ms)
				EditorAssembliesLoaded (0ms)
			ExecutionOrderSort2 (0ms)
			AwakeInstancesAfterBackupRestoration (14ms)
Platform modules already initialized, skipping
========================================================================
Worker process is ready to serve import requests
Launched and connected shader compiler UnityShaderCompiler.exe after 0.16 seconds
Refreshing native plugins compatible for Editor in 1.05 ms, found 3 plugins.
Preloading 0 native plugins for Editor in 0.00 ms.
Unloading 2254 Unused Serialized files (Serialized files now loaded: 0)
System memory in use before: 99.6 MB.
System memory in use after: 99.7 MB.

Unloading 25 unused Assets to reduce memory usage. Loaded Objects now: 2695.
Total: 10.955697 ms (FindLiveObjects: 0.303049 ms CreateObjectMapping: 0.291165 ms MarkObjects: 10.203745 ms  DeleteObjects: 0.156116 ms)

AssetImportParameters requested are different than current active one (requested -> active):
  custom:framework-win-MediaFoundation: 216162199b28c13a410421893ffa2e32 -> 
  custom:video-decoder-ogg-theora: a1e56fd34408186e4bbccfd4996cb3dc -> 
  custom:container-muxer-webm: aa71ff27fc2769a1b78a27578f13a17b -> 
  custom:container-demuxer-webm: 4f35f7cbe854078d1ac9338744f61a02 -> 
  custom:container-demuxer-ogg: 62fdf1f143b41e24485cea50d1cbac27 -> 
  custom:video-encoder-webm-vp8: eb34c28f22e8b96e1ab97ce403110664 -> 
  custom:video-codec-MediaFoundation-h265: 746d11721c4dcdbdad8f713fa42b33f4 -> 
  custom:video-decoder-webm-vp8: 9c59270c3fd7afecdb556c50c9e8de78 -> 
  custom:audio-decoder-ogg-vorbis: bf7c407c2cedff20999df2af8eb42d56 -> 
  custom:audio-encoder-webm-vorbis: bf7c407c2cedff20999df2af8eb42d56 -> 
========================================================================
Received Import Request.
  path: Assets/enemy/Boss.prefab
  artifactKey: Guid(073ffac26f4375d4ab0ee1d1e75a3fd0) Importer(815301076,1909f56bfc062723c751e8b465ee728b)
Start importing Assets/enemy/Boss.prefab using Guid(073ffac26f4375d4ab0ee1d1e75a3fd0) Importer(815301076,1909f56bfc062723c751e8b465ee728b)  -> (artifact id: '02d152d12126497e881421cc1ac8aedf') in 0.334776 seconds 
  Import took 0.344609 seconds .

========================================================================
Received Import Request.
  Time since last request: 0.000642 seconds.
  path: Assets/enemy/Tank man.prefab
  artifactKey: Guid(78aec2e707b38814e8ff8c7eda2d4053) Importer(815301076,1909f56bfc062723c751e8b465ee728b)
Start importing Assets/enemy/Tank man.prefab using Guid(78aec2e707b38814e8ff8c7eda2d4053) Importer(815301076,1909f56bfc062723c751e8b465ee728b)  -> (artifact id: 'ec501336c4e9b6d3455662705f57eb2f') in 0.247010 seconds 
  Import took 0.257113 seconds .

========================================================================
Received Import Request.
  Time since last request: 0.000677 seconds.
  path: Assets/enemy/Tank man Variant.prefab
  artifactKey: Guid(bdc29d8da08d642449980753a5cd61ed) Importer(815301076,1909f56bfc062723c751e8b465ee728b)
Start importing Assets/enemy/Tank man Variant.prefab using Guid(bdc29d8da08d642449980753a5cd61ed) Importer(815301076,1909f56bfc062723c751e8b465ee728b)  -> (artifact id: '6341389b1169472b8b13bd54d1f74512') in 0.159947 seconds 
  Import took 0.170700 seconds .

========================================================================
Received Import Request.
  Time since last request: 0.000620 seconds.
  path: Assets/enemy/Leg man Variant.prefab
  artifactKey: Guid(53256b7cc9d75f74cb4ed1f968c20dec) Importer(815301076,1909f56bfc062723c751e8b465ee728b)
Start importing Assets/enemy/Leg man Variant.prefab using Guid(53256b7cc9d75f74cb4ed1f968c20dec) Importer(815301076,1909f56bfc062723c751e8b465ee728b)  -> (artifact id: '4b96ac8bbc775c36f023c8f8dcebb857') in 0.154834 seconds 
  Import took 0.166541 seconds .

========================================================================
Received Import Request.
  Time since last request: 0.000606 seconds.
  path: Assets/enemy/Basic Enemy .prefab
  artifactKey: Guid(fa225b58fa1f0ec49956f8e7dfc5e969) Importer(815301076,1909f56bfc062723c751e8b465ee728b)
Start importing Assets/enemy/Basic Enemy .prefab using Guid(fa225b58fa1f0ec49956f8e7dfc5e969) Importer(815301076,1909f56bfc062723c751e8b465ee728b)  -> (artifact id: '570a78d6a3b48e726fea287a62cdfc21') in 0.124157 seconds 
  Import took 0.135473 seconds .

========================================================================
Received Import Request.
  Time since last request: 0.000711 seconds.
  path: Assets/enemy/Roach Boi.prefab
  artifactKey: Guid(bda48cbfc550ab9418d75c9ad2dea2f4) Importer(815301076,1909f56bfc062723c751e8b465ee728b)
Start importing Assets/enemy/Roach Boi.prefab using Guid(bda48cbfc550ab9418d75c9ad2dea2f4) Importer(815301076,1909f56bfc062723c751e8b465ee728b)  -> (artifact id: '6a641a3d758e0db3fa3f934456bd7862') in 0.130393 seconds 
  Import took 0.141177 seconds .

========================================================================
Received Import Request.
  Time since last request: 0.000661 seconds.
  path: Assets/enemy/Skeliboy.prefab
  artifactKey: Guid(6c5f4c8ba4a3d6844b88a78b95902137) Importer(815301076,1909f56bfc062723c751e8b465ee728b)
Start importing Assets/enemy/Skeliboy.prefab using Guid(6c5f4c8ba4a3d6844b88a78b95902137) Importer(815301076,1909f56bfc062723c751e8b465ee728b)  -> (artifact id: 'c3ca2df2bb5c28b0b3c1b49b6274d568') in 0.140459 seconds 
  Import took 0.152109 seconds .

========================================================================
Received Import Request.
  Time since last request: 0.000622 seconds.
  path: Assets/enemy/Leg man.prefab
  artifactKey: Guid(78b04ac38db6b314b9752213e707ac57) Importer(815301076,1909f56bfc062723c751e8b465ee728b)
Start importing Assets/enemy/Leg man.prefab using Guid(78b04ac38db6b314b9752213e707ac57) Importer(815301076,1909f56bfc062723c751e8b465ee728b)  -> (artifact id: 'ad32d2c88ce5ef70e47a0e2c130da00d') in 0.138079 seconds 
  Import took 0.147540 seconds .

========================================================================
Received Import Request.
  Time since last request: 233.406662 seconds.
  path: Assets/Prefab/missle Variant.prefab
  artifactKey: Guid(a1815bb6c738f3f45a391f483bf3bae0) Importer(815301076,1909f56bfc062723c751e8b465ee728b)
Start importing Assets/Prefab/missle Variant.prefab using Guid(a1815bb6c738f3f45a391f483bf3bae0) Importer(815301076,1909f56bfc062723c751e8b465ee728b)  -> (artifact id: 'd2730090ade766c5d240435fefe27250') in 0.177599 seconds 
  Import took 0.200419 seconds .

========================================================================
Received Import Request.
  Time since last request: 0.000957 seconds.
  path: Assets/Prefab/slice.prefab
  artifactKey: Guid(6a01679b20ab4c14ab32780b415806e7) Importer(815301076,1909f56bfc062723c751e8b465ee728b)
Start importing Assets/Prefab/slice.prefab using Guid(6a01679b20ab4c14ab32780b415806e7) Importer(815301076,1909f56bfc062723c751e8b465ee728b)  -> (artifact id: '027f3269118c320cbd42a7b2790f2669') in 0.084140 seconds 
  Import took 0.107616 seconds .

========================================================================
Received Import Request.
  Time since last request: 0.001389 seconds.
  path: Assets/Prefab/missle.prefab
  artifactKey: Guid(6a2a23c6ab494474a8bed149f1b2762c) Importer(815301076,1909f56bfc062723c751e8b465ee728b)
Start importing Assets/Prefab/missle.prefab using Guid(6a2a23c6ab494474a8bed149f1b2762c) Importer(815301076,1909f56bfc062723c751e8b465ee728b)  -> (artifact id: '3bec42675bb820418752d831c907dbc8') in 0.116641 seconds 
  Import took 0.145634 seconds .

========================================================================
Received Import Request.
  Time since last request: 0.502374 seconds.
  path: Assets/Prefab/Turret/Ammo.prefab
  artifactKey: Guid(e778713859c7bb943b23051d51ff6ab0) Importer(815301076,1909f56bfc062723c751e8b465ee728b)
Start importing Assets/Prefab/Turret/Ammo.prefab using Guid(e778713859c7bb943b23051d51ff6ab0) Importer(815301076,1909f56bfc062723c751e8b465ee728b)  -> (artifact id: '19ef3dfdc69065f5a7b1ac1027aaf55a') in 0.136276 seconds 
  Import took 0.151779 seconds .

========================================================================
Received Import Request.
  Time since last request: 0.000695 seconds.
  path: Assets/Prefab/Turret/AmmoFast.prefab
  artifactKey: Guid(22b392f411a19004d8bbe0ce08f9a75c) Importer(815301076,1909f56bfc062723c751e8b465ee728b)
Start importing Assets/Prefab/Turret/AmmoFast.prefab using Guid(22b392f411a19004d8bbe0ce08f9a75c) Importer(815301076,1909f56bfc062723c751e8b465ee728b)  -> (artifact id: 'f1ef3fcf903972f07d5927635b966d6f') in 0.091388 seconds 
  Import took 0.102436 seconds .

========================================================================
Received Import Request.
  Time since last request: 0.000755 seconds.
  path: Assets/Prefab/Turret/LazerTurret.prefab
  artifactKey: Guid(8c9eaaf07f7550f448e5a934195be047) Importer(815301076,1909f56bfc062723c751e8b465ee728b)
Start importing Assets/Prefab/Turret/LazerTurret.prefab using Guid(8c9eaaf07f7550f448e5a934195be047) Importer(815301076,1909f56bfc062723c751e8b465ee728b)  -> (artifact id: '2d4728eea935b9dd719104c267622b06') in 0.118081 seconds 
  Import took 0.133783 seconds .

========================================================================
Received Import Request.
  Time since last request: 0.000783 seconds.
  path: Assets/Prefab/Turret/LazerTurret_Lv2.prefab
  artifactKey: Guid(e0c3b6fb69525c54596ec9c19465d344) Importer(815301076,1909f56bfc062723c751e8b465ee728b)
Start importing Assets/Prefab/Turret/LazerTurret_Lv2.prefab using Guid(e0c3b6fb69525c54596ec9c19465d344) Importer(815301076,1909f56bfc062723c751e8b465ee728b)  -> (artifact id: 'c42af8cbf3fa96d19c36dd083aff7b1f') in 0.101057 seconds 
  Import took 0.112646 seconds .

========================================================================
Received Import Request.
  Time since last request: 0.000575 seconds.
  path: Assets/Prefab/Turret/Ammo_lv2 Variant.prefab
  artifactKey: Guid(3ec6a82a4954dcb4b851f113777af683) Importer(815301076,1909f56bfc062723c751e8b465ee728b)
Start importing Assets/Prefab/Turret/Ammo_lv2 Variant.prefab using Guid(3ec6a82a4954dcb4b851f113777af683) Importer(815301076,1909f56bfc062723c751e8b465ee728b)  -> (artifact id: '9b3662825fbae9c91273cf22fb2ad886') in 0.132658 seconds 
  Import took 0.143075 seconds .

========================================================================
Received Import Request.
  Time since last request: 7.926036 seconds.
  path: Assets/Prefab/Turret/Ammo_lv2 Variant.prefab
  artifactKey: Guid(3ec6a82a4954dcb4b851f113777af683) Importer(815301076,1909f56bfc062723c751e8b465ee728b)
Start importing Assets/Prefab/Turret/Ammo_lv2 Variant.prefab using Guid(3ec6a82a4954dcb4b851f113777af683) Importer(815301076,1909f56bfc062723c751e8b465ee728b)  -> (artifact id: '4589ea144cb0e02994c2477eba20f8b8') in 1.916606 seconds 
  Import took 1.981710 seconds .

========================================================================
Received Prepare
Registering precompiled user dll's ...
Registered in 0.027789 seconds.
Begin MonoManager ReloadAssembly
Native extension for WindowsStandalone target not found
Refreshing native plugins compatible for Editor in 0.95 ms, found 3 plugins.
Preloading 0 native plugins for Editor in 0.00 ms.
Mono: successfully reloaded assembly
- Completed reload, in  4.882 seconds
Domain Reload Profiling:
	ReloadAssembly (4883ms)
		BeginReloadAssembly (569ms)
			ExecutionOrderSort (0ms)
			DisableScriptedObjects (12ms)
			BackupInstance (0ms)
			ReleaseScriptingObjects (0ms)
			CreateAndSetChildDomain (92ms)
		EndReloadAssembly (4016ms)
			LoadAssemblies (730ms)
			RebuildTransferFunctionScriptingTraits (0ms)
			SetupTypeCache (1304ms)
			ReleaseScriptCaches (2ms)
			RebuildScriptCaches (257ms)
			SetupLoadedEditorAssemblies (1467ms)
				LogAssemblyErrors (0ms)
				InitializePlatformSupportModulesInManaged (21ms)
				SetLoadedEditorAssemblies (1ms)
				RefreshPlugins (1ms)
				BeforeProcessingInitializeOnLoad (623ms)
				ProcessInitializeOnLoadAttributes (672ms)
				ProcessInitializeOnLoadMethodAttributes (17ms)
				AfterProcessingInitializeOnLoad (131ms)
				EditorAssembliesLoaded (1ms)
			ExecutionOrderSort2 (0ms)
			AwakeInstancesAfterBackupRestoration (78ms)
Platform modules already initialized, skipping
Refreshing native plugins compatible for Editor in 2.68 ms, found 3 plugins.
Preloading 0 native plugins for Editor in 0.00 ms.
Unloading 2231 Unused Serialized files (Serialized files now loaded: 0)
System memory in use before: 101.0 MB.
System memory in use after: 101.2 MB.

Unloading 16 unused Assets to reduce memory usage. Loaded Objects now: 2706.
Total: 10.965420 ms (FindLiveObjects: 0.488336 ms CreateObjectMapping: 0.393802 ms MarkObjects: 9.934728 ms  DeleteObjects: 0.143692 ms)

AssetImportParameters requested are different than current active one (requested -> active):
  custom:framework-win-MediaFoundation: 216162199b28c13a410421893ffa2e32 -> 
  custom:video-decoder-ogg-theora: a1e56fd34408186e4bbccfd4996cb3dc -> 
  custom:container-muxer-webm: aa71ff27fc2769a1b78a27578f13a17b -> 
  custom:container-demuxer-webm: 4f35f7cbe854078d1ac9338744f61a02 -> 
  custom:container-demuxer-ogg: 62fdf1f143b41e24485cea50d1cbac27 -> 
  custom:video-encoder-webm-vp8: eb34c28f22e8b96e1ab97ce403110664 -> 
  custom:video-codec-MediaFoundation-h265: 746d11721c4dcdbdad8f713fa42b33f4 -> 
  custom:video-decoder-webm-vp8: 9c59270c3fd7afecdb556c50c9e8de78 -> 
  custom:audio-decoder-ogg-vorbis: bf7c407c2cedff20999df2af8eb42d56 -> 
  custom:audio-encoder-webm-vorbis: bf7c407c2cedff20999df2af8eb42d56 -> 
========================================================================
Received Import Request.
  Time since last request: 199.178179 seconds.
  path: Assets/Prefab/Turret/Ammo_lv2 Variant.prefab
  artifactKey: Guid(3ec6a82a4954dcb4b851f113777af683) Importer(815301076,1909f56bfc062723c751e8b465ee728b)
Start importing Assets/Prefab/Turret/Ammo_lv2 Variant.prefab using Guid(3ec6a82a4954dcb4b851f113777af683) Importer(815301076,1909f56bfc062723c751e8b465ee728b)  -> (artifact id: 'c84eb2b1717b79766d569a8bce06708c') in 0.537113 seconds 
  Import took 0.560706 seconds .

========================================================================
Received Prepare
Registering precompiled user dll's ...
Registered in 0.086312 seconds.
Begin MonoManager ReloadAssembly
Native extension for WindowsStandalone target not found
Refreshing native plugins compatible for Editor in 1.21 ms, found 3 plugins.
Preloading 0 native plugins for Editor in 0.00 ms.
Mono: successfully reloaded assembly
- Completed reload, in  5.391 seconds
Domain Reload Profiling:
	ReloadAssembly (5392ms)
		BeginReloadAssembly (810ms)
			ExecutionOrderSort (0ms)
			DisableScriptedObjects (12ms)
			BackupInstance (0ms)
			ReleaseScriptingObjects (0ms)
			CreateAndSetChildDomain (99ms)
		EndReloadAssembly (4233ms)
			LoadAssemblies (937ms)
			RebuildTransferFunctionScriptingTraits (0ms)
			SetupTypeCache (1407ms)
			ReleaseScriptCaches (3ms)
			RebuildScriptCaches (166ms)
			SetupLoadedEditorAssemblies (1682ms)
				LogAssemblyErrors (0ms)
				InitializePlatformSupportModulesInManaged (28ms)
				SetLoadedEditorAssemblies (1ms)
				RefreshPlugins (2ms)
				BeforeProcessingInitializeOnLoad (723ms)
				ProcessInitializeOnLoadAttributes (788ms)
				ProcessInitializeOnLoadMethodAttributes (17ms)
				AfterProcessingInitializeOnLoad (124ms)
				EditorAssembliesLoaded (0ms)
			ExecutionOrderSort2 (0ms)
			AwakeInstancesAfterBackupRestoration (27ms)
Platform modules already initialized, skipping
Refreshing native plugins compatible for Editor in 1.55 ms, found 3 plugins.
Preloading 0 native plugins for Editor in 0.00 ms.
Unloading 2231 Unused Serialized files (Serialized files now loaded: 0)
System memory in use before: 101.1 MB.
System memory in use after: 101.2 MB.

Unloading 14 unused Assets to reduce memory usage. Loaded Objects now: 2710.
Total: 5.487842 ms (FindLiveObjects: 0.285763 ms CreateObjectMapping: 0.203654 ms MarkObjects: 4.955750 ms  DeleteObjects: 0.039974 ms)

AssetImportParameters requested are different than current active one (requested -> active):
  custom:framework-win-MediaFoundation: 216162199b28c13a410421893ffa2e32 -> 
  custom:video-decoder-ogg-theora: a1e56fd34408186e4bbccfd4996cb3dc -> 
  custom:container-muxer-webm: aa71ff27fc2769a1b78a27578f13a17b -> 
  custom:container-demuxer-webm: 4f35f7cbe854078d1ac9338744f61a02 -> 
  custom:container-demuxer-ogg: 62fdf1f143b41e24485cea50d1cbac27 -> 
  custom:video-encoder-webm-vp8: eb34c28f22e8b96e1ab97ce403110664 -> 
  custom:video-codec-MediaFoundation-h265: 746d11721c4dcdbdad8f713fa42b33f4 -> 
  custom:video-decoder-webm-vp8: 9c59270c3fd7afecdb556c50c9e8de78 -> 
  custom:audio-decoder-ogg-vorbis: bf7c407c2cedff20999df2af8eb42d56 -> 
  custom:audio-encoder-webm-vorbis: bf7c407c2cedff20999df2af8eb42d56 -> 
========================================================================
Received Import Request.
  Time since last request: 104.455833 seconds.
  path: Assets/enemy/Basic Enemy .prefab
  artifactKey: Guid(fa225b58fa1f0ec49956f8e7dfc5e969) Importer(815301076,1909f56bfc062723c751e8b465ee728b)
Start importing Assets/enemy/Basic Enemy .prefab using Guid(fa225b58fa1f0ec49956f8e7dfc5e969) Importer(815301076,1909f56bfc062723c751e8b465ee728b)  -> (artifact id: 'cc0c1776e42c52578b82882a48b2d190') in 3.056894 seconds 
  Import took 3.117110 seconds .

========================================================================
Received Import Request.
  Time since last request: 26.783269 seconds.
  path: Assets/Prefab/Turret/Ammo_lv2 Variant.prefab
  artifactKey: Guid(3ec6a82a4954dcb4b851f113777af683) Importer(815301076,1909f56bfc062723c751e8b465ee728b)
Start importing Assets/Prefab/Turret/Ammo_lv2 Variant.prefab using Guid(3ec6a82a4954dcb4b851f113777af683) Importer(815301076,1909f56bfc062723c751e8b465ee728b)  -> (artifact id: '7f38ef4ed3511350a97718c4e0c8c8ae') in 1.078820 seconds 
  Import took 1.097252 seconds .

========================================================================
Received Prepare
Registering precompiled user dll's ...
Registered in 0.041280 seconds.
Begin MonoManager ReloadAssembly
Native extension for WindowsStandalone target not found
Refreshing native plugins compatible for Editor in 0.83 ms, found 3 plugins.
Preloading 0 native plugins for Editor in 0.00 ms.
Mono: successfully reloaded assembly
- Completed reload, in  3.329 seconds
Domain Reload Profiling:
	ReloadAssembly (3330ms)
		BeginReloadAssembly (491ms)
			ExecutionOrderSort (0ms)
			DisableScriptedObjects (11ms)
			BackupInstance (0ms)
			ReleaseScriptingObjects (0ms)
			CreateAndSetChildDomain (95ms)
		EndReloadAssembly (2578ms)
			LoadAssemblies (511ms)
			RebuildTransferFunctionScriptingTraits (0ms)
			SetupTypeCache (796ms)
			ReleaseScriptCaches (3ms)
			RebuildScriptCaches (104ms)
			SetupLoadedEditorAssemblies (1064ms)
				LogAssemblyErrors (0ms)
				InitializePlatformSupportModulesInManaged (18ms)
				SetLoadedEditorAssemblies (1ms)
				RefreshPlugins (1ms)
				BeforeProcessingInitializeOnLoad (432ms)
				ProcessInitializeOnLoadAttributes (479ms)
				ProcessInitializeOnLoadMethodAttributes (23ms)
				AfterProcessingInitializeOnLoad (109ms)
				EditorAssembliesLoaded (0ms)
			ExecutionOrderSort2 (0ms)
			AwakeInstancesAfterBackupRestoration (18ms)
Platform modules already initialized, skipping
Refreshing native plugins compatible for Editor in 0.95 ms, found 3 plugins.
Preloading 0 native plugins for Editor in 0.00 ms.
Unloading 2231 Unused Serialized files (Serialized files now loaded: 0)
System memory in use before: 101.1 MB.
System memory in use after: 101.2 MB.

Unloading 14 unused Assets to reduce memory usage. Loaded Objects now: 2714.
Total: 6.950150 ms (FindLiveObjects: 0.297107 ms CreateObjectMapping: 0.160438 ms MarkObjects: 6.452631 ms  DeleteObjects: 0.035113 ms)

AssetImportParameters requested are different than current active one (requested -> active):
  custom:framework-win-MediaFoundation: 216162199b28c13a410421893ffa2e32 -> 
  custom:video-decoder-ogg-theora: a1e56fd34408186e4bbccfd4996cb3dc -> 
  custom:container-muxer-webm: aa71ff27fc2769a1b78a27578f13a17b -> 
  custom:container-demuxer-webm: 4f35f7cbe854078d1ac9338744f61a02 -> 
  custom:container-demuxer-ogg: 62fdf1f143b41e24485cea50d1cbac27 -> 
  custom:video-encoder-webm-vp8: eb34c28f22e8b96e1ab97ce403110664 -> 
  custom:video-codec-MediaFoundation-h265: 746d11721c4dcdbdad8f713fa42b33f4 -> 
  custom:video-decoder-webm-vp8: 9c59270c3fd7afecdb556c50c9e8de78 -> 
  custom:audio-decoder-ogg-vorbis: bf7c407c2cedff20999df2af8eb42d56 -> 
  custom:audio-encoder-webm-vorbis: bf7c407c2cedff20999df2af8eb42d56 -> 
========================================================================
Received Prepare
Registering precompiled user dll's ...
Registered in 0.036959 seconds.
Begin MonoManager ReloadAssembly
Native extension for WindowsStandalone target not found
Refreshing native plugins compatible for Editor in 0.88 ms, found 3 plugins.
Preloading 0 native plugins for Editor in 0.00 ms.
Mono: successfully reloaded assembly
- Completed reload, in  6.200 seconds
Domain Reload Profiling:
	ReloadAssembly (6202ms)
		BeginReloadAssembly (1548ms)
			ExecutionOrderSort (0ms)
			DisableScriptedObjects (18ms)
			BackupInstance (0ms)
			ReleaseScriptingObjects (0ms)
			CreateAndSetChildDomain (102ms)
		EndReloadAssembly (4334ms)
			LoadAssemblies (1554ms)
			RebuildTransferFunctionScriptingTraits (0ms)
			SetupTypeCache (2110ms)
			ReleaseScriptCaches (3ms)
			RebuildScriptCaches (105ms)
			SetupLoadedEditorAssemblies (1394ms)
				LogAssemblyErrors (0ms)
				InitializePlatformSupportModulesInManaged (16ms)
				SetLoadedEditorAssemblies (1ms)
				RefreshPlugins (1ms)
				BeforeProcessingInitializeOnLoad (496ms)
				ProcessInitializeOnLoadAttributes (695ms)
				ProcessInitializeOnLoadMethodAttributes (23ms)
				AfterProcessingInitializeOnLoad (161ms)
				EditorAssembliesLoaded (1ms)
			ExecutionOrderSort2 (0ms)
			AwakeInstancesAfterBackupRestoration (20ms)
Platform modules already initialized, skipping
Refreshing native plugins compatible for Editor in 0.83 ms, found 3 plugins.
Preloading 0 native plugins for Editor in 0.00 ms.
Unloading 2231 Unused Serialized files (Serialized files now loaded: 0)
System memory in use before: 101.2 MB.
System memory in use after: 101.3 MB.

Unloading 14 unused Assets to reduce memory usage. Loaded Objects now: 2717.
Total: 25.020217 ms (FindLiveObjects: 1.200314 ms CreateObjectMapping: 12.239741 ms MarkObjects: 11.539108 ms  DeleteObjects: 0.037273 ms)

AssetImportParameters requested are different than current active one (requested -> active):
  custom:framework-win-MediaFoundation: 216162199b28c13a410421893ffa2e32 -> 
  custom:video-decoder-ogg-theora: a1e56fd34408186e4bbccfd4996cb3dc -> 
  custom:container-muxer-webm: aa71ff27fc2769a1b78a27578f13a17b -> 
  custom:container-demuxer-webm: 4f35f7cbe854078d1ac9338744f61a02 -> 
  custom:container-demuxer-ogg: 62fdf1f143b41e24485cea50d1cbac27 -> 
  custom:video-encoder-webm-vp8: eb34c28f22e8b96e1ab97ce403110664 -> 
  custom:video-codec-MediaFoundation-h265: 746d11721c4dcdbdad8f713fa42b33f4 -> 
  custom:video-decoder-webm-vp8: 9c59270c3fd7afecdb556c50c9e8de78 -> 
  custom:audio-decoder-ogg-vorbis: bf7c407c2cedff20999df2af8eb42d56 -> 
  custom:audio-encoder-webm-vorbis: bf7c407c2cedff20999df2af8eb42d56 -> 
========================================================================
Received Prepare
Registering precompiled user dll's ...
Registered in 0.222298 seconds.
Begin MonoManager ReloadAssembly
Native extension for WindowsStandalone target not found
Refreshing native plugins compatible for Editor in 1.42 ms, found 3 plugins.
Preloading 0 native plugins for Editor in 0.00 ms.
Mono: successfully reloaded assembly
- Completed reload, in 31.049 seconds
Domain Reload Profiling:
	ReloadAssembly (31050ms)
		BeginReloadAssembly (765ms)
			ExecutionOrderSort (0ms)
			DisableScriptedObjects (29ms)
			BackupInstance (0ms)
			ReleaseScriptingObjects (0ms)
			CreateAndSetChildDomain (120ms)
		EndReloadAssembly (29830ms)
			LoadAssemblies (786ms)
			RebuildTransferFunctionScriptingTraits (0ms)
			SetupTypeCache (6109ms)
			ReleaseScriptCaches (3ms)
			RebuildScriptCaches (293ms)
			SetupLoadedEditorAssemblies (18034ms)
				LogAssemblyErrors (0ms)
				InitializePlatformSupportModulesInManaged (31ms)
				SetLoadedEditorAssemblies (1ms)
				RefreshPlugins (2ms)
				BeforeProcessingInitializeOnLoad (989ms)
				ProcessInitializeOnLoadAttributes (13742ms)
				ProcessInitializeOnLoadMethodAttributes (626ms)
				AfterProcessingInitializeOnLoad (2642ms)
				EditorAssembliesLoaded (1ms)
			ExecutionOrderSort2 (0ms)
			AwakeInstancesAfterBackupRestoration (401ms)
Platform modules already initialized, skipping
Refreshing native plugins compatible for Editor in 1.51 ms, found 3 plugins.
Preloading 0 native plugins for Editor in 0.00 ms.
Unloading 2231 Unused Serialized files (Serialized files now loaded: 0)
System memory in use before: 101.1 MB.
System memory in use after: 101.3 MB.

Unloading 14 unused Assets to reduce memory usage. Loaded Objects now: 2720.
Total: 23.442847 ms (FindLiveObjects: 1.190590 ms CreateObjectMapping: 8.109409 ms MarkObjects: 8.539404 ms  DeleteObjects: 5.600743 ms)

AssetImportParameters requested are different than current active one (requested -> active):
  custom:framework-win-MediaFoundation: 216162199b28c13a410421893ffa2e32 -> 
  custom:video-decoder-ogg-theora: a1e56fd34408186e4bbccfd4996cb3dc -> 
  custom:container-muxer-webm: aa71ff27fc2769a1b78a27578f13a17b -> 
  custom:container-demuxer-webm: 4f35f7cbe854078d1ac9338744f61a02 -> 
  custom:container-demuxer-ogg: 62fdf1f143b41e24485cea50d1cbac27 -> 
  custom:video-encoder-webm-vp8: eb34c28f22e8b96e1ab97ce403110664 -> 
  custom:video-codec-MediaFoundation-h265: 746d11721c4dcdbdad8f713fa42b33f4 -> 
  custom:video-decoder-webm-vp8: 9c59270c3fd7afecdb556c50c9e8de78 -> 
  custom:audio-decoder-ogg-vorbis: bf7c407c2cedff20999df2af8eb42d56 -> 
  custom:audio-encoder-webm-vorbis: bf7c407c2cedff20999df2af8eb42d56 -> 
========================================================================
Received Prepare
Registering precompiled user dll's ...
Registered in 0.700965 seconds.
Begin MonoManager ReloadAssembly
Native extension for WindowsStandalone target not found
Refreshing native plugins compatible for Editor in 1.07 ms, found 3 plugins.
Preloading 0 native plugins for Editor in 0.00 ms.
Mono: successfully reloaded assembly
- Completed reload, in  4.180 seconds
Domain Reload Profiling:
	ReloadAssembly (4181ms)
		BeginReloadAssembly (549ms)
			ExecutionOrderSort (0ms)
			DisableScriptedObjects (17ms)
			BackupInstance (0ms)
			ReleaseScriptingObjects (0ms)
			CreateAndSetChildDomain (101ms)
		EndReloadAssembly (3316ms)
			LoadAssemblies (637ms)
			RebuildTransferFunctionScriptingTraits (0ms)
			SetupTypeCache (916ms)
			ReleaseScriptCaches (2ms)
			RebuildScriptCaches (167ms)
			SetupLoadedEditorAssemblies (1237ms)
				LogAssemblyErrors (0ms)
				InitializePlatformSupportModulesInManaged (21ms)
				SetLoadedEditorAssemblies (1ms)
				RefreshPlugins (1ms)
				BeforeProcessingInitializeOnLoad (526ms)
				ProcessInitializeOnLoadAttributes (544ms)
				ProcessInitializeOnLoadMethodAttributes (16ms)
				AfterProcessingInitializeOnLoad (128ms)
				EditorAssembliesLoaded (0ms)
			ExecutionOrderSort2 (0ms)
			AwakeInstancesAfterBackupRestoration (27ms)
Platform modules already initialized, skipping
Refreshing native plugins compatible for Editor in 1.83 ms, found 3 plugins.
Preloading 0 native plugins for Editor in 0.00 ms.
Unloading 2231 Unused Serialized files (Serialized files now loaded: 0)
System memory in use before: 101.2 MB.
System memory in use after: 101.4 MB.

Unloading 14 unused Assets to reduce memory usage. Loaded Objects now: 2723.
Total: 10.405778 ms (FindLiveObjects: 0.389481 ms CreateObjectMapping: 0.210676 ms MarkObjects: 9.712168 ms  DeleteObjects: 0.090213 ms)

AssetImportParameters requested are different than current active one (requested -> active):
  custom:framework-win-MediaFoundation: 216162199b28c13a410421893ffa2e32 -> 
  custom:video-decoder-ogg-theora: a1e56fd34408186e4bbccfd4996cb3dc -> 
  custom:container-muxer-webm: aa71ff27fc2769a1b78a27578f13a17b -> 
  custom:container-demuxer-webm: 4f35f7cbe854078d1ac9338744f61a02 -> 
  custom:container-demuxer-ogg: 62fdf1f143b41e24485cea50d1cbac27 -> 
  custom:video-encoder-webm-vp8: eb34c28f22e8b96e1ab97ce403110664 -> 
  custom:video-codec-MediaFoundation-h265: 746d11721c4dcdbdad8f713fa42b33f4 -> 
  custom:video-decoder-webm-vp8: 9c59270c3fd7afecdb556c50c9e8de78 -> 
  custom:audio-decoder-ogg-vorbis: bf7c407c2cedff20999df2af8eb42d56 -> 
  custom:audio-encoder-webm-vorbis: bf7c407c2cedff20999df2af8eb42d56 -> 
========================================================================
Received Import Request.
  Time since last request: 268.767069 seconds.
  path: Assets/Prefab/Turret/Ammo.prefab
  artifactKey: Guid(e778713859c7bb943b23051d51ff6ab0) Importer(815301076,1909f56bfc062723c751e8b465ee728b)
Start importing Assets/Prefab/Turret/Ammo.prefab using Guid(e778713859c7bb943b23051d51ff6ab0) Importer(815301076,1909f56bfc062723c751e8b465ee728b)  -> (artifact id: '51e6d715513e910642eb375085f2dab2') in 0.212270 seconds 
  Import took 0.224633 seconds .

========================================================================
Received Import Request.
  Time since last request: 0.000610 seconds.
  path: Assets/Prefab/Turret/AmmoFast.prefab
  artifactKey: Guid(22b392f411a19004d8bbe0ce08f9a75c) Importer(815301076,1909f56bfc062723c751e8b465ee728b)
Start importing Assets/Prefab/Turret/AmmoFast.prefab using Guid(22b392f411a19004d8bbe0ce08f9a75c) Importer(815301076,1909f56bfc062723c751e8b465ee728b)  -> (artifact id: '377ed89099c67f997631fe6753da77f0') in 0.120890 seconds 
  Import took 0.132065 seconds .

========================================================================
Received Import Request.
  Time since last request: 0.000671 seconds.
  path: Assets/Prefab/Turret/Ammo_lv2 Variant.prefab
  artifactKey: Guid(3ec6a82a4954dcb4b851f113777af683) Importer(815301076,1909f56bfc062723c751e8b465ee728b)
Start importing Assets/Prefab/Turret/Ammo_lv2 Variant.prefab using Guid(3ec6a82a4954dcb4b851f113777af683) Importer(815301076,1909f56bfc062723c751e8b465ee728b)  -> (artifact id: '1cc19fe224af16dfac601c3de71172a0') in 0.137583 seconds 
  Import took 0.150019 seconds .

========================================================================
Received Import Request.
  Time since last request: 5.243303 seconds.
  path: Assets/Prefab/Turret/LazerTurret.prefab
  artifactKey: Guid(8c9eaaf07f7550f448e5a934195be047) Importer(815301076,1909f56bfc062723c751e8b465ee728b)
Start importing Assets/Prefab/Turret/LazerTurret.prefab using Guid(8c9eaaf07f7550f448e5a934195be047) Importer(815301076,1909f56bfc062723c751e8b465ee728b)  -> (artifact id: '3138c33fe83585f5eec195e29b47ffc6') in 0.268030 seconds 
  Import took 0.301140 seconds .

========================================================================
Received Import Request.
  Time since last request: 9.980123 seconds.
  path: Assets/Prefab/Turret/LazerTurret_Lv2.prefab
  artifactKey: Guid(e0c3b6fb69525c54596ec9c19465d344) Importer(815301076,1909f56bfc062723c751e8b465ee728b)
Start importing Assets/Prefab/Turret/LazerTurret_Lv2.prefab using Guid(e0c3b6fb69525c54596ec9c19465d344) Importer(815301076,1909f56bfc062723c751e8b465ee728b)  -> (artifact id: 'bd92c7a54011352b6b7f79ecbba1aeb3') in 0.108948 seconds 
  Import took 0.130347 seconds .

========================================================================
Received Prepare
Registering precompiled user dll's ...
Registered in 0.024641 seconds.
Begin MonoManager ReloadAssembly
Native extension for WindowsStandalone target not found
Refreshing native plugins compatible for Editor in 1.62 ms, found 3 plugins.
Preloading 0 native plugins for Editor in 0.00 ms.
Mono: successfully reloaded assembly
- Completed reload, in  7.959 seconds
Domain Reload Profiling:
	ReloadAssembly (7961ms)
		BeginReloadAssembly (707ms)
			ExecutionOrderSort (0ms)
			DisableScriptedObjects (26ms)
			BackupInstance (0ms)
			ReleaseScriptingObjects (0ms)
			CreateAndSetChildDomain (133ms)
		EndReloadAssembly (6748ms)
			LoadAssemblies (736ms)
			RebuildTransferFunctionScriptingTraits (0ms)
			SetupTypeCache (2103ms)
			ReleaseScriptCaches (2ms)
			RebuildScriptCaches (231ms)
			SetupLoadedEditorAssemblies (3429ms)
				LogAssemblyErrors (0ms)
				InitializePlatformSupportModulesInManaged (23ms)
				SetLoadedEditorAssemblies (1ms)
				RefreshPlugins (2ms)
				BeforeProcessingInitializeOnLoad (2327ms)
				ProcessInitializeOnLoadAttributes (881ms)
				ProcessInitializeOnLoadMethodAttributes (19ms)
				AfterProcessingInitializeOnLoad (174ms)
				EditorAssembliesLoaded (0ms)
			ExecutionOrderSort2 (0ms)
			AwakeInstancesAfterBackupRestoration (33ms)
Platform modules already initialized, skipping
Refreshing native plugins compatible for Editor in 0.99 ms, found 3 plugins.
Preloading 0 native plugins for Editor in 0.00 ms.
Unloading 2231 Unused Serialized files (Serialized files now loaded: 0)
System memory in use before: 101.3 MB.
System memory in use after: 101.5 MB.

Unloading 16 unused Assets to reduce memory usage. Loaded Objects now: 2727.
Total: 13.670177 ms (FindLiveObjects: 0.436478 ms CreateObjectMapping: 0.203113 ms MarkObjects: 12.819910 ms  DeleteObjects: 0.206895 ms)

AssetImportParameters requested are different than current active one (requested -> active):
  custom:framework-win-MediaFoundation: 216162199b28c13a410421893ffa2e32 -> 
  custom:video-decoder-ogg-theora: a1e56fd34408186e4bbccfd4996cb3dc -> 
  custom:container-muxer-webm: aa71ff27fc2769a1b78a27578f13a17b -> 
  custom:container-demuxer-webm: 4f35f7cbe854078d1ac9338744f61a02 -> 
  custom:container-demuxer-ogg: 62fdf1f143b41e24485cea50d1cbac27 -> 
  custom:video-encoder-webm-vp8: eb34c28f22e8b96e1ab97ce403110664 -> 
  custom:video-codec-MediaFoundation-h265: 746d11721c4dcdbdad8f713fa42b33f4 -> 
  custom:video-decoder-webm-vp8: 9c59270c3fd7afecdb556c50c9e8de78 -> 
  custom:audio-decoder-ogg-vorbis: bf7c407c2cedff20999df2af8eb42d56 -> 
  custom:audio-encoder-webm-vorbis: bf7c407c2cedff20999df2af8eb42d56 -> 
AssetImportWorkerClient::OnTransportError - code=2 error=End of file
