Using pre-set license
Built from '2020.3/staging' branch; Version is '2020.3.20f1 (41c4e627c95f) revision 4310246'; Using compiler version '192528614'; Build Type 'Release'
OS: 'Windows 10 Home Single Language; OS build 16299.431; Version 1709; 64bit' Language: 'en' Physical Memory: 8074 MB
BatchMode: 1, IsHumanControllingUs: 0, StartBugReporterOnCrash: 0, Is64bit: 1, IsPro: 0

COMMAND LINE ARGUMENTS:
C:\Program Files\Unity\Hub\Editor\2020.3.20f1\Editor\Unity.exe
-adb2
-batchMode
-noUpm
-name
AssetImportWorker41
-projectPath
C:/Users/admin/Documents/GitHub/TowerDefenseGame/TowerDefence
-logFile
Logs/AssetImportWorker41.log
-srvPort
63695
Successfully changed project path to: C:/Users/admin/Documents/GitHub/TowerDefenseGame/TowerDefence
C:/Users/admin/Documents/GitHub/TowerDefenseGame/TowerDefence
Using Asset Import Pipeline V2.
Refreshing native plugins compatible for Editor in 270.42 ms, found 3 plugins.
Preloading 0 native plugins for Editor in 0.00 ms.
Initialize engine version: 2020.3.20f1 (41c4e627c95f)
[Subsystems] Discovering subsystems at path C:/Program Files/Unity/Hub/Editor/2020.3.20f1/Editor/Data/Resources/UnitySubsystems
[Subsystems] Discovering subsystems at path C:/Users/admin/Documents/GitHub/TowerDefenseGame/TowerDefence/Assets
GfxDevice: creating device client; threaded=0
Direct3D:
    Version:  Direct3D 11.0 [level 11.0]
    Renderer: NVIDIA GeForce 820M (ID=0x1140)
    Vendor:   
    VRAM:     1990 MB
    Driver:   23.21.13.9135
Initialize mono
Mono path[0] = 'C:/Program Files/Unity/Hub/Editor/2020.3.20f1/Editor/Data/Managed'
Mono path[1] = 'C:/Program Files/Unity/Hub/Editor/2020.3.20f1/Editor/Data/MonoBleedingEdge/lib/mono/unityjit'
Mono config path = 'C:/Program Files/Unity/Hub/Editor/2020.3.20f1/Editor/Data/MonoBleedingEdge/etc'
Using monoOptions --debugger-agent=transport=dt_socket,embedding=1,server=y,suspend=n,address=127.0.0.1:56960
Begin MonoManager ReloadAssembly
Registering precompiled unity dll's ...
Register platform support module: C:/Program Files/Unity/Hub/Editor/2020.3.20f1/Editor/Data/PlaybackEngines/WindowsStandaloneSupport/UnityEditor.WindowsStandalone.Extensions.dll
Registered in 0.038431 seconds.
Native extension for WindowsStandalone target not found
Refreshing native plugins compatible for Editor in 187.91 ms, found 3 plugins.
Preloading 0 native plugins for Editor in 0.00 ms.
Mono: successfully reloaded assembly
- Completed reload, in 13.638 seconds
Domain Reload Profiling:
	ReloadAssembly (13638ms)
		BeginReloadAssembly (447ms)
			ExecutionOrderSort (0ms)
			DisableScriptedObjects (0ms)
			BackupInstance (0ms)
			ReleaseScriptingObjects (0ms)
			CreateAndSetChildDomain (4ms)
		EndReloadAssembly (1352ms)
			LoadAssemblies (415ms)
			RebuildTransferFunctionScriptingTraits (0ms)
			SetupTypeCache (412ms)
			ReleaseScriptCaches (0ms)
			RebuildScriptCaches (69ms)
			SetupLoadedEditorAssemblies (495ms)
				LogAssemblyErrors (0ms)
				InitializePlatformSupportModulesInManaged (16ms)
				SetLoadedEditorAssemblies (0ms)
				RefreshPlugins (188ms)
				BeforeProcessingInitializeOnLoad (34ms)
				ProcessInitializeOnLoadAttributes (194ms)
				ProcessInitializeOnLoadMethodAttributes (62ms)
				AfterProcessingInitializeOnLoad (0ms)
				EditorAssembliesLoaded (0ms)
			ExecutionOrderSort2 (0ms)
			AwakeInstancesAfterBackupRestoration (0ms)
Platform modules already initialized, skipping
Registering precompiled user dll's ...
Registered in 0.032698 seconds.
Begin MonoManager ReloadAssembly
Native extension for WindowsStandalone target not found
Refreshing native plugins compatible for Editor in 166.03 ms, found 3 plugins.
Preloading 0 native plugins for Editor in 0.00 ms.
Mono: successfully reloaded assembly
- Completed reload, in  3.801 seconds
Domain Reload Profiling:
	ReloadAssembly (3805ms)
		BeginReloadAssembly (545ms)
			ExecutionOrderSort (0ms)
			DisableScriptedObjects (9ms)
			BackupInstance (0ms)
			ReleaseScriptingObjects (0ms)
			CreateAndSetChildDomain (40ms)
		EndReloadAssembly (2981ms)
			LoadAssemblies (582ms)
			RebuildTransferFunctionScriptingTraits (0ms)
			SetupTypeCache (820ms)
			ReleaseScriptCaches (1ms)
			RebuildScriptCaches (186ms)
			SetupLoadedEditorAssemblies (1191ms)
				LogAssemblyErrors (0ms)
				InitializePlatformSupportModulesInManaged (17ms)
				SetLoadedEditorAssemblies (0ms)
				RefreshPlugins (166ms)
				BeforeProcessingInitializeOnLoad (434ms)
				ProcessInitializeOnLoadAttributes (459ms)
				ProcessInitializeOnLoadMethodAttributes (28ms)
				AfterProcessingInitializeOnLoad (86ms)
				EditorAssembliesLoaded (0ms)
			ExecutionOrderSort2 (0ms)
			AwakeInstancesAfterBackupRestoration (13ms)
Platform modules already initialized, skipping
========================================================================
Worker process is ready to serve import requests
Launched and connected shader compiler UnityShaderCompiler.exe after 0.18 seconds
Refreshing native plugins compatible for Editor in 2.38 ms, found 3 plugins.
Preloading 0 native plugins for Editor in 0.00 ms.
Unloading 3409 Unused Serialized files (Serialized files now loaded: 0)
System memory in use before: 221.6 MB.
System memory in use after: 221.8 MB.

Unloading 26 unused Assets to reduce memory usage. Loaded Objects now: 3854.
Total: 8.711186 ms (FindLiveObjects: 0.567745 ms CreateObjectMapping: 0.475912 ms MarkObjects: 7.451451 ms  DeleteObjects: 0.213377 ms)

AssetImportParameters requested are different than current active one (requested -> active):
  custom:framework-win-MediaFoundation: 216162199b28c13a410421893ffa2e32 -> 
  custom:video-decoder-ogg-theora: a1e56fd34408186e4bbccfd4996cb3dc -> 
  custom:container-muxer-webm: aa71ff27fc2769a1b78a27578f13a17b -> 
  custom:container-demuxer-webm: 4f35f7cbe854078d1ac9338744f61a02 -> 
  custom:container-demuxer-ogg: 62fdf1f143b41e24485cea50d1cbac27 -> 
  custom:video-encoder-webm-vp8: eb34c28f22e8b96e1ab97ce403110664 -> 
  custom:video-codec-MediaFoundation-h265: 746d11721c4dcdbdad8f713fa42b33f4 -> 
  custom:video-decoder-webm-vp8: 9c59270c3fd7afecdb556c50c9e8de78 -> 
  custom:audio-decoder-ogg-vorbis: bf7c407c2cedff20999df2af8eb42d56 -> 
  custom:audio-encoder-webm-vorbis: bf7c407c2cedff20999df2af8eb42d56 -> 
========================================================================
Received Import Request.
  path: Assets/Prefab/enemy/Boss Crab.prefab
  artifactKey: Guid(df31ef5a455fec045b318fc5610199fc) Importer(815301076,1909f56bfc062723c751e8b465ee728b)
Start importing Assets/Prefab/enemy/Boss Crab.prefab using Guid(df31ef5a455fec045b318fc5610199fc) Importer(815301076,1909f56bfc062723c751e8b465ee728b)  -> (artifact id: 'c545d61445e6d5548ec4066f15d7720e') in 0.735436 seconds 
  Import took 0.753783 seconds .

========================================================================
Received Prepare
Registering precompiled user dll's ...
Registered in 0.042285 seconds.
Begin MonoManager ReloadAssembly
Native extension for WindowsStandalone target not found
Refreshing native plugins compatible for Editor in 6.11 ms, found 3 plugins.
Preloading 0 native plugins for Editor in 0.00 ms.
Mono: successfully reloaded assembly
- Completed reload, in  7.559 seconds
Domain Reload Profiling:
	ReloadAssembly (7561ms)
		BeginReloadAssembly (895ms)
			ExecutionOrderSort (0ms)
			DisableScriptedObjects (24ms)
			BackupInstance (0ms)
			ReleaseScriptingObjects (3ms)
			CreateAndSetChildDomain (156ms)
		EndReloadAssembly (6244ms)
			LoadAssemblies (862ms)
			RebuildTransferFunctionScriptingTraits (0ms)
			SetupTypeCache (2005ms)
			ReleaseScriptCaches (11ms)
			RebuildScriptCaches (338ms)
			SetupLoadedEditorAssemblies (2512ms)
				LogAssemblyErrors (0ms)
				InitializePlatformSupportModulesInManaged (34ms)
				SetLoadedEditorAssemblies (2ms)
				RefreshPlugins (7ms)
				BeforeProcessingInitializeOnLoad (1105ms)
				ProcessInitializeOnLoadAttributes (1134ms)
				ProcessInitializeOnLoadMethodAttributes (50ms)
				AfterProcessingInitializeOnLoad (179ms)
				EditorAssembliesLoaded (0ms)
			ExecutionOrderSort2 (0ms)
			AwakeInstancesAfterBackupRestoration (72ms)
Platform modules already initialized, skipping
Refreshing native plugins compatible for Editor in 1.42 ms, found 3 plugins.
Preloading 0 native plugins for Editor in 0.00 ms.
Unloading 3283 Unused Serialized files (Serialized files now loaded: 0)
System memory in use before: 218.0 MB.
System memory in use after: 218.3 MB.

Unloading 15 unused Assets to reduce memory usage. Loaded Objects now: 3902.
Total: 26.813124 ms (FindLiveObjects: 1.676766 ms CreateObjectMapping: 4.556006 ms MarkObjects: 20.402629 ms  DeleteObjects: 0.173943 ms)

AssetImportParameters requested are different than current active one (requested -> active):
  custom:framework-win-MediaFoundation: 216162199b28c13a410421893ffa2e32 -> 
  custom:video-decoder-ogg-theora: a1e56fd34408186e4bbccfd4996cb3dc -> 
  custom:container-muxer-webm: aa71ff27fc2769a1b78a27578f13a17b -> 
  custom:container-demuxer-webm: 4f35f7cbe854078d1ac9338744f61a02 -> 
  custom:container-demuxer-ogg: 62fdf1f143b41e24485cea50d1cbac27 -> 
  custom:video-encoder-webm-vp8: eb34c28f22e8b96e1ab97ce403110664 -> 
  custom:video-codec-MediaFoundation-h265: 746d11721c4dcdbdad8f713fa42b33f4 -> 
  custom:video-decoder-webm-vp8: 9c59270c3fd7afecdb556c50c9e8de78 -> 
  custom:audio-decoder-ogg-vorbis: bf7c407c2cedff20999df2af8eb42d56 -> 
  custom:audio-encoder-webm-vorbis: bf7c407c2cedff20999df2af8eb42d56 -> 
========================================================================
Received Prepare
Registering precompiled user dll's ...
Registered in 0.034889 seconds.
Begin MonoManager ReloadAssembly
Native extension for WindowsStandalone target not found
Refreshing native plugins compatible for Editor in 1.30 ms, found 3 plugins.
Preloading 0 native plugins for Editor in 0.00 ms.
Mono: successfully reloaded assembly
- Completed reload, in  5.908 seconds
Domain Reload Profiling:
	ReloadAssembly (5910ms)
		BeginReloadAssembly (892ms)
			ExecutionOrderSort (0ms)
			DisableScriptedObjects (18ms)
			BackupInstance (0ms)
			ReleaseScriptingObjects (0ms)
			CreateAndSetChildDomain (179ms)
		EndReloadAssembly (4567ms)
			LoadAssemblies (909ms)
			RebuildTransferFunctionScriptingTraits (0ms)
			SetupTypeCache (1613ms)
			ReleaseScriptCaches (6ms)
			RebuildScriptCaches (179ms)
			SetupLoadedEditorAssemblies (1641ms)
				LogAssemblyErrors (0ms)
				InitializePlatformSupportModulesInManaged (23ms)
				SetLoadedEditorAssemblies (1ms)
				RefreshPlugins (2ms)
				BeforeProcessingInitializeOnLoad (733ms)
				ProcessInitializeOnLoadAttributes (736ms)
				ProcessInitializeOnLoadMethodAttributes (22ms)
				AfterProcessingInitializeOnLoad (123ms)
				EditorAssembliesLoaded (0ms)
			ExecutionOrderSort2 (0ms)
			AwakeInstancesAfterBackupRestoration (48ms)
Platform modules already initialized, skipping
Refreshing native plugins compatible for Editor in 4.29 ms, found 3 plugins.
Preloading 0 native plugins for Editor in 0.00 ms.
Unloading 3283 Unused Serialized files (Serialized files now loaded: 0)
System memory in use before: 218.1 MB.
System memory in use after: 218.3 MB.

Unloading 15 unused Assets to reduce memory usage. Loaded Objects now: 3905.
Total: 29.857124 ms (FindLiveObjects: 1.953346 ms CreateObjectMapping: 0.842164 ms MarkObjects: 27.021640 ms  DeleteObjects: 0.036193 ms)

AssetImportParameters requested are different than current active one (requested -> active):
  custom:framework-win-MediaFoundation: 216162199b28c13a410421893ffa2e32 -> 
  custom:video-decoder-ogg-theora: a1e56fd34408186e4bbccfd4996cb3dc -> 
  custom:container-muxer-webm: aa71ff27fc2769a1b78a27578f13a17b -> 
  custom:container-demuxer-webm: 4f35f7cbe854078d1ac9338744f61a02 -> 
  custom:container-demuxer-ogg: 62fdf1f143b41e24485cea50d1cbac27 -> 
  custom:video-encoder-webm-vp8: eb34c28f22e8b96e1ab97ce403110664 -> 
  custom:video-codec-MediaFoundation-h265: 746d11721c4dcdbdad8f713fa42b33f4 -> 
  custom:video-decoder-webm-vp8: 9c59270c3fd7afecdb556c50c9e8de78 -> 
  custom:audio-decoder-ogg-vorbis: bf7c407c2cedff20999df2af8eb42d56 -> 
  custom:audio-encoder-webm-vorbis: bf7c407c2cedff20999df2af8eb42d56 -> 
========================================================================
Received Prepare
Registering precompiled user dll's ...
Registered in 0.096254 seconds.
Begin MonoManager ReloadAssembly
Native extension for WindowsStandalone target not found
Refreshing native plugins compatible for Editor in 1.94 ms, found 3 plugins.
Preloading 0 native plugins for Editor in 0.00 ms.
Mono: successfully reloaded assembly
- Completed reload, in  6.144 seconds
Domain Reload Profiling:
	ReloadAssembly (6145ms)
		BeginReloadAssembly (771ms)
			ExecutionOrderSort (0ms)
			DisableScriptedObjects (27ms)
			BackupInstance (0ms)
			ReleaseScriptingObjects (0ms)
			CreateAndSetChildDomain (140ms)
		EndReloadAssembly (4910ms)
			LoadAssemblies (1202ms)
			RebuildTransferFunctionScriptingTraits (0ms)
			SetupTypeCache (1347ms)
			ReleaseScriptCaches (3ms)
			RebuildScriptCaches (213ms)
			SetupLoadedEditorAssemblies (1879ms)
				LogAssemblyErrors (0ms)
				InitializePlatformSupportModulesInManaged (23ms)
				SetLoadedEditorAssemblies (2ms)
				RefreshPlugins (3ms)
				BeforeProcessingInitializeOnLoad (776ms)
				ProcessInitializeOnLoadAttributes (799ms)
				ProcessInitializeOnLoadMethodAttributes (65ms)
				AfterProcessingInitializeOnLoad (211ms)
				EditorAssembliesLoaded (0ms)
			ExecutionOrderSort2 (0ms)
			AwakeInstancesAfterBackupRestoration (58ms)
Platform modules already initialized, skipping
Refreshing native plugins compatible for Editor in 2.95 ms, found 3 plugins.
Preloading 0 native plugins for Editor in 0.00 ms.
Unloading 3283 Unused Serialized files (Serialized files now loaded: 0)
System memory in use before: 218.1 MB.
System memory in use after: 218.3 MB.

Unloading 15 unused Assets to reduce memory usage. Loaded Objects now: 3908.
Total: 27.177756 ms (FindLiveObjects: 3.987720 ms CreateObjectMapping: 0.548838 ms MarkObjects: 22.600683 ms  DeleteObjects: 0.037814 ms)

AssetImportParameters requested are different than current active one (requested -> active):
  custom:framework-win-MediaFoundation: 216162199b28c13a410421893ffa2e32 -> 
  custom:video-decoder-ogg-theora: a1e56fd34408186e4bbccfd4996cb3dc -> 
  custom:container-muxer-webm: aa71ff27fc2769a1b78a27578f13a17b -> 
  custom:container-demuxer-webm: 4f35f7cbe854078d1ac9338744f61a02 -> 
  custom:container-demuxer-ogg: 62fdf1f143b41e24485cea50d1cbac27 -> 
  custom:video-encoder-webm-vp8: eb34c28f22e8b96e1ab97ce403110664 -> 
  custom:video-codec-MediaFoundation-h265: 746d11721c4dcdbdad8f713fa42b33f4 -> 
  custom:video-decoder-webm-vp8: 9c59270c3fd7afecdb556c50c9e8de78 -> 
  custom:audio-decoder-ogg-vorbis: bf7c407c2cedff20999df2af8eb42d56 -> 
  custom:audio-encoder-webm-vorbis: bf7c407c2cedff20999df2af8eb42d56 -> 
========================================================================
Received Prepare
Registering precompiled user dll's ...
Registered in 0.038975 seconds.
Begin MonoManager ReloadAssembly
Native extension for WindowsStandalone target not found
Refreshing native plugins compatible for Editor in 2.95 ms, found 3 plugins.
Preloading 0 native plugins for Editor in 0.00 ms.
Mono: successfully reloaded assembly
- Completed reload, in  8.814 seconds
Domain Reload Profiling:
	ReloadAssembly (8816ms)
		BeginReloadAssembly (807ms)
			ExecutionOrderSort (0ms)
			DisableScriptedObjects (23ms)
			BackupInstance (0ms)
			ReleaseScriptingObjects (0ms)
			CreateAndSetChildDomain (148ms)
		EndReloadAssembly (7213ms)
			LoadAssemblies (890ms)
			RebuildTransferFunctionScriptingTraits (0ms)
			SetupTypeCache (2833ms)
			ReleaseScriptCaches (6ms)
			RebuildScriptCaches (252ms)
			SetupLoadedEditorAssemblies (2751ms)
				LogAssemblyErrors (0ms)
				InitializePlatformSupportModulesInManaged (28ms)
				SetLoadedEditorAssemblies (2ms)
				RefreshPlugins (3ms)
				BeforeProcessingInitializeOnLoad (1181ms)
				ProcessInitializeOnLoadAttributes (1339ms)
				ProcessInitializeOnLoadMethodAttributes (19ms)
				AfterProcessingInitializeOnLoad (178ms)
				EditorAssembliesLoaded (0ms)
			ExecutionOrderSort2 (0ms)
			AwakeInstancesAfterBackupRestoration (69ms)
Platform modules already initialized, skipping
Refreshing native plugins compatible for Editor in 6.27 ms, found 3 plugins.
Preloading 0 native plugins for Editor in 0.00 ms.
Unloading 3283 Unused Serialized files (Serialized files now loaded: 0)
System memory in use before: 218.1 MB.
System memory in use after: 218.4 MB.

Unloading 15 unused Assets to reduce memory usage. Loaded Objects now: 3911.
Total: 14.817012 ms (FindLiveObjects: 1.158178 ms CreateObjectMapping: 0.567205 ms MarkObjects: 13.045172 ms  DeleteObjects: 0.044296 ms)

AssetImportParameters requested are different than current active one (requested -> active):
  custom:framework-win-MediaFoundation: 216162199b28c13a410421893ffa2e32 -> 
  custom:video-decoder-ogg-theora: a1e56fd34408186e4bbccfd4996cb3dc -> 
  custom:container-muxer-webm: aa71ff27fc2769a1b78a27578f13a17b -> 
  custom:container-demuxer-webm: 4f35f7cbe854078d1ac9338744f61a02 -> 
  custom:container-demuxer-ogg: 62fdf1f143b41e24485cea50d1cbac27 -> 
  custom:video-encoder-webm-vp8: eb34c28f22e8b96e1ab97ce403110664 -> 
  custom:video-codec-MediaFoundation-h265: 746d11721c4dcdbdad8f713fa42b33f4 -> 
  custom:video-decoder-webm-vp8: 9c59270c3fd7afecdb556c50c9e8de78 -> 
  custom:audio-decoder-ogg-vorbis: bf7c407c2cedff20999df2af8eb42d56 -> 
  custom:audio-encoder-webm-vorbis: bf7c407c2cedff20999df2af8eb42d56 -> 
========================================================================
Received Prepare
Registering precompiled user dll's ...
Registered in 0.063075 seconds.
Begin MonoManager ReloadAssembly
Native extension for WindowsStandalone target not found
Refreshing native plugins compatible for Editor in 1.45 ms, found 3 plugins.
Preloading 0 native plugins for Editor in 0.00 ms.
Mono: successfully reloaded assembly
- Completed reload, in  5.635 seconds
Domain Reload Profiling:
	ReloadAssembly (5637ms)
		BeginReloadAssembly (734ms)
			ExecutionOrderSort (0ms)
			DisableScriptedObjects (27ms)
			BackupInstance (0ms)
			ReleaseScriptingObjects (0ms)
			CreateAndSetChildDomain (148ms)
		EndReloadAssembly (4527ms)
			LoadAssemblies (793ms)
			RebuildTransferFunctionScriptingTraits (0ms)
			SetupTypeCache (1403ms)
			ReleaseScriptCaches (4ms)
			RebuildScriptCaches (256ms)
			SetupLoadedEditorAssemblies (1737ms)
				LogAssemblyErrors (0ms)
				InitializePlatformSupportModulesInManaged (36ms)
				SetLoadedEditorAssemblies (1ms)
				RefreshPlugins (2ms)
				BeforeProcessingInitializeOnLoad (817ms)
				ProcessInitializeOnLoadAttributes (700ms)
				ProcessInitializeOnLoadMethodAttributes (20ms)
				AfterProcessingInitializeOnLoad (160ms)
				EditorAssembliesLoaded (0ms)
			ExecutionOrderSort2 (0ms)
			AwakeInstancesAfterBackupRestoration (56ms)
Platform modules already initialized, skipping
Refreshing native plugins compatible for Editor in 1.22 ms, found 3 plugins.
Preloading 0 native plugins for Editor in 0.00 ms.
Unloading 3283 Unused Serialized files (Serialized files now loaded: 0)
System memory in use before: 218.1 MB.
System memory in use after: 218.4 MB.

Unloading 15 unused Assets to reduce memory usage. Loaded Objects now: 3914.
Total: 20.047721 ms (FindLiveObjects: 0.539115 ms CreateObjectMapping: 0.761135 ms MarkObjects: 18.707497 ms  DeleteObjects: 0.037814 ms)

AssetImportParameters requested are different than current active one (requested -> active):
  custom:framework-win-MediaFoundation: 216162199b28c13a410421893ffa2e32 -> 
  custom:video-decoder-ogg-theora: a1e56fd34408186e4bbccfd4996cb3dc -> 
  custom:container-muxer-webm: aa71ff27fc2769a1b78a27578f13a17b -> 
  custom:container-demuxer-webm: 4f35f7cbe854078d1ac9338744f61a02 -> 
  custom:container-demuxer-ogg: 62fdf1f143b41e24485cea50d1cbac27 -> 
  custom:video-encoder-webm-vp8: eb34c28f22e8b96e1ab97ce403110664 -> 
  custom:video-codec-MediaFoundation-h265: 746d11721c4dcdbdad8f713fa42b33f4 -> 
  custom:video-decoder-webm-vp8: 9c59270c3fd7afecdb556c50c9e8de78 -> 
  custom:audio-decoder-ogg-vorbis: bf7c407c2cedff20999df2af8eb42d56 -> 
  custom:audio-encoder-webm-vorbis: bf7c407c2cedff20999df2af8eb42d56 -> 
========================================================================
Received Import Request.
  Time since last request: 13246.967397 seconds.
  path: Assets/Sprite/SpriteSheet/Golem_Armor_ArmorBreak.png
  artifactKey: Guid(c02f4366d90dea8448a49c34c5d063b3) Importer(815301076,1909f56bfc062723c751e8b465ee728b)
Start importing Assets/Sprite/SpriteSheet/Golem_Armor_ArmorBreak.png using Guid(c02f4366d90dea8448a49c34c5d063b3) Importer(815301076,1909f56bfc062723c751e8b465ee728b)  -> (artifact id: 'b8b37db5113045754c0b4380391b5fe3') in 2.561375 seconds 
  Import took 3.531273 seconds .

========================================================================
Received Import Request.
  Time since last request: 444.904285 seconds.
  path: Assets/Prefab/enemy/The Undone.prefab
  artifactKey: Guid(ead4eb2f35e5e874eb72a57c642ee407) Importer(815301076,1909f56bfc062723c751e8b465ee728b)
Start importing Assets/Prefab/enemy/The Undone.prefab using Guid(ead4eb2f35e5e874eb72a57c642ee407) Importer(815301076,1909f56bfc062723c751e8b465ee728b)  -> (artifact id: '7f278548fd16d05765f52854128d0bb1') in 1.487724 seconds 
  Import took 1.526217 seconds .

========================================================================
Received Import Request.
  Time since last request: 6.102548 seconds.
  path: Assets/Prefab/enemy/The Undone.prefab
  artifactKey: Guid(ead4eb2f35e5e874eb72a57c642ee407) Importer(815301076,1909f56bfc062723c751e8b465ee728b)
Start importing Assets/Prefab/enemy/The Undone.prefab using Guid(ead4eb2f35e5e874eb72a57c642ee407) Importer(815301076,1909f56bfc062723c751e8b465ee728b)  -> (artifact id: 'bb4bf816b0955b2e1320d1713464a4b3') in 0.314483 seconds 
  Import took 0.348490 seconds .

========================================================================
Received Import Request.
  Time since last request: 0.465663 seconds.
  path: Assets/Prefab/enemy/The Undone.prefab
  artifactKey: Guid(ead4eb2f35e5e874eb72a57c642ee407) Importer(815301076,1909f56bfc062723c751e8b465ee728b)
Start importing Assets/Prefab/enemy/The Undone.prefab using Guid(ead4eb2f35e5e874eb72a57c642ee407) Importer(815301076,1909f56bfc062723c751e8b465ee728b)  -> (artifact id: '51625fd451ea56e92808c7e854af7d59') in 0.501993 seconds 
  Import took 0.686499 seconds .

========================================================================
Received Import Request.
  Time since last request: 0.058789 seconds.
  path: Assets/Prefab/enemy/The Undone.prefab
  artifactKey: Guid(ead4eb2f35e5e874eb72a57c642ee407) Importer(815301076,1909f56bfc062723c751e8b465ee728b)
Start importing Assets/Prefab/enemy/The Undone.prefab using Guid(ead4eb2f35e5e874eb72a57c642ee407) Importer(815301076,1909f56bfc062723c751e8b465ee728b)  -> (artifact id: '905878801a8887a3281634d2e8f63609') in 0.296012 seconds 
  Import took 0.830618 seconds .

========================================================================
Received Import Request.
  Time since last request: 1486.016368 seconds.
  path: Assets/Prefab/enemy/The Undone.prefab
  artifactKey: Guid(ead4eb2f35e5e874eb72a57c642ee407) Importer(815301076,1909f56bfc062723c751e8b465ee728b)
Start importing Assets/Prefab/enemy/The Undone.prefab using Guid(ead4eb2f35e5e874eb72a57c642ee407) Importer(815301076,1909f56bfc062723c751e8b465ee728b)  -> (artifact id: 'e6a421e3a9a1c36a2b2494b413bd5eaf') in 0.189429 seconds 
  Import took 0.210392 seconds .

========================================================================
Received Import Request.
  Time since last request: 12.922999 seconds.
  path: Assets/Prefab/enemy/Boss Slime.prefab
  artifactKey: Guid(0146facc535677a4485b56772e517e5c) Importer(815301076,1909f56bfc062723c751e8b465ee728b)
Start importing Assets/Prefab/enemy/Boss Slime.prefab using Guid(0146facc535677a4485b56772e517e5c) Importer(815301076,1909f56bfc062723c751e8b465ee728b)  -> (artifact id: '04ff7c87e992b46f99f687f80e596674') in 0.335867 seconds 
  Import took 0.356231 seconds .

========================================================================
Received Import Request.
  Time since last request: 0.000883 seconds.
  path: Assets/Prefab/enemy/Slime.prefab
  artifactKey: Guid(421de2aaeac77ef41a80fd4d5321daf7) Importer(815301076,1909f56bfc062723c751e8b465ee728b)
Start importing Assets/Prefab/enemy/Slime.prefab using Guid(421de2aaeac77ef41a80fd4d5321daf7) Importer(815301076,1909f56bfc062723c751e8b465ee728b)  -> (artifact id: '71bc5929a1cf99797e1e524178562161') in 0.109231 seconds 
  Import took 0.239165 seconds .

========================================================================
Received Import Request.
  Time since last request: 5.361106 seconds.
  path: Assets/Prefab/enemy/Boss Crab.prefab
  artifactKey: Guid(df31ef5a455fec045b318fc5610199fc) Importer(815301076,1909f56bfc062723c751e8b465ee728b)
Start importing Assets/Prefab/enemy/Boss Crab.prefab using Guid(df31ef5a455fec045b318fc5610199fc) Importer(815301076,1909f56bfc062723c751e8b465ee728b)  -> (artifact id: '5d3e5f3691653aa93397f55b6676a161') in 0.237660 seconds 
  Import took 0.265693 seconds .

========================================================================
Received Import Request.
  Time since last request: 0.000873 seconds.
  path: Assets/Prefab/enemy/Crab.prefab
  artifactKey: Guid(fa225b58fa1f0ec49956f8e7dfc5e969) Importer(815301076,1909f56bfc062723c751e8b465ee728b)
Start importing Assets/Prefab/enemy/Crab.prefab using Guid(fa225b58fa1f0ec49956f8e7dfc5e969) Importer(815301076,1909f56bfc062723c751e8b465ee728b)  -> (artifact id: 'fd7be4624d22884e3086d0ab258514c9') in 0.391705 seconds 
  Import took 0.428328 seconds .

========================================================================
Received Import Request.
  Time since last request: 6.966150 seconds.
  path: Assets/Prefab/enemy/Bat.prefab
  artifactKey: Guid(ea8e0193dbc0f744d81395f33c202eab) Importer(815301076,1909f56bfc062723c751e8b465ee728b)
Start importing Assets/Prefab/enemy/Bat.prefab using Guid(ea8e0193dbc0f744d81395f33c202eab) Importer(815301076,1909f56bfc062723c751e8b465ee728b)  -> (artifact id: '7fd25cae1620ef7e05f648e1f7fa404b') in 0.387452 seconds 
  Import took 0.407674 seconds .

========================================================================
Received Import Request.
  Time since last request: 6.854565 seconds.
  path: Assets/Prefab/enemy/Armored Golem.prefab
  artifactKey: Guid(fc60fd375d4a1964b9ec4b6732953719) Importer(815301076,1909f56bfc062723c751e8b465ee728b)
Start importing Assets/Prefab/enemy/Armored Golem.prefab using Guid(fc60fd375d4a1964b9ec4b6732953719) Importer(815301076,1909f56bfc062723c751e8b465ee728b)  -> (artifact id: '99f7addcb209e34b1d19cf572090eae0') in 0.207248 seconds 
  Import took 1.157123 seconds .

========================================================================
Received Import Request.
  Time since last request: 0.000703 seconds.
  path: Assets/Prefab/enemy/Golem.prefab
  artifactKey: Guid(78aec2e707b38814e8ff8c7eda2d4053) Importer(815301076,1909f56bfc062723c751e8b465ee728b)
Start importing Assets/Prefab/enemy/Golem.prefab using Guid(78aec2e707b38814e8ff8c7eda2d4053) Importer(815301076,1909f56bfc062723c751e8b465ee728b)  -> (artifact id: 'b6119eca0aedb96d3413ae5f19ce1888') in 0.120909 seconds 
  Import took 0.222076 seconds .

========================================================================
Received Import Request.
  Time since last request: 0.000927 seconds.
  path: Assets/Prefab/enemy/Red Golem.prefab
  artifactKey: Guid(bdc29d8da08d642449980753a5cd61ed) Importer(815301076,1909f56bfc062723c751e8b465ee728b)
Start importing Assets/Prefab/enemy/Red Golem.prefab using Guid(bdc29d8da08d642449980753a5cd61ed) Importer(815301076,1909f56bfc062723c751e8b465ee728b)  -> (artifact id: '709c622e1cde0c4bd1048925c8df7aa5') in 0.276117 seconds 
  Import took 0.330831 seconds .

========================================================================
Received Import Request.
  Time since last request: 0.000750 seconds.
  path: Assets/Prefab/enemy/Boss Golem.prefab
  artifactKey: Guid(8ef3d8dc3499ba54cbb845f4557d9c0e) Importer(815301076,1909f56bfc062723c751e8b465ee728b)
Start importing Assets/Prefab/enemy/Boss Golem.prefab using Guid(8ef3d8dc3499ba54cbb845f4557d9c0e) Importer(815301076,1909f56bfc062723c751e8b465ee728b)  -> (artifact id: 'f0c9966f726d131340c3229bc5a0d716') in 0.205530 seconds 
  Import took 0.229479 seconds .

========================================================================
Received Import Request.
  Time since last request: 11.428206 seconds.
  path: Assets/Prefab/enemy/Blue Ball.prefab
  artifactKey: Guid(c493389f29865d3498178d3e91ee963b) Importer(815301076,1909f56bfc062723c751e8b465ee728b)
Start importing Assets/Prefab/enemy/Blue Ball.prefab using Guid(c493389f29865d3498178d3e91ee963b) Importer(815301076,1909f56bfc062723c751e8b465ee728b)  -> (artifact id: '85d98eb129e403dca04ad6dbaf1dce6f') in 0.136385 seconds 
  Import took 0.215088 seconds .

========================================================================
Received Import Request.
  Time since last request: 6.650476 seconds.
  path: Assets/Prefab/enemy/Blue Leg Man.prefab
  artifactKey: Guid(96602733de665b44b97fe296af005281) Importer(815301076,1909f56bfc062723c751e8b465ee728b)
Start importing Assets/Prefab/enemy/Blue Leg Man.prefab using Guid(96602733de665b44b97fe296af005281) Importer(815301076,1909f56bfc062723c751e8b465ee728b)  -> (artifact id: 'a8d7f54ae276e0083bfcc4c065bfd891') in 0.267514 seconds 
  Import took 0.320841 seconds .

========================================================================
Received Import Request.
  Time since last request: 0.000662 seconds.
  path: Assets/Prefab/enemy/Red Leg Man.prefab
  artifactKey: Guid(53256b7cc9d75f74cb4ed1f968c20dec) Importer(815301076,1909f56bfc062723c751e8b465ee728b)
Start importing Assets/Prefab/enemy/Red Leg Man.prefab using Guid(53256b7cc9d75f74cb4ed1f968c20dec) Importer(815301076,1909f56bfc062723c751e8b465ee728b)  -> (artifact id: '98203ed1c52906b461bf7e0e785d84ce') in 0.356648 seconds 
  Import took 0.375178 seconds .

========================================================================
Received Import Request.
  Time since last request: 0.000688 seconds.
  path: Assets/Prefab/enemy/Leg Man.prefab
  artifactKey: Guid(78b04ac38db6b314b9752213e707ac57) Importer(815301076,1909f56bfc062723c751e8b465ee728b)
Start importing Assets/Prefab/enemy/Leg Man.prefab using Guid(78b04ac38db6b314b9752213e707ac57) Importer(815301076,1909f56bfc062723c751e8b465ee728b)  -> (artifact id: '473e73158f4e3fdd6a74611e7368e181') in 0.261071 seconds 
  Import took 0.379093 seconds .

========================================================================
Received Import Request.
  Time since last request: 7.689146 seconds.
  path: Assets/Prefab/enemy/Dancing Dude.prefab
  artifactKey: Guid(d8c12cefaa689454d8fcbc2378e42272) Importer(815301076,1909f56bfc062723c751e8b465ee728b)
Start importing Assets/Prefab/enemy/Dancing Dude.prefab using Guid(d8c12cefaa689454d8fcbc2378e42272) Importer(815301076,1909f56bfc062723c751e8b465ee728b)  -> (artifact id: '7f70c9ffa0a67af08de9fe64639e5f85') in 0.627728 seconds 
  Import took 2.042558 seconds .

========================================================================
Received Import Request.
  Time since last request: 6.433820 seconds.
  path: Assets/Prefab/enemy/Evil Doge.prefab
  artifactKey: Guid(7e4e37e7328cb2c468d4cd1320345673) Importer(815301076,1909f56bfc062723c751e8b465ee728b)
Start importing Assets/Prefab/enemy/Evil Doge.prefab using Guid(7e4e37e7328cb2c468d4cd1320345673) Importer(815301076,1909f56bfc062723c751e8b465ee728b)  -> (artifact id: '3e04b822b1813a0fc347c7ff08ae9eb2') in 0.118068 seconds 
  Import took 0.135207 seconds .

========================================================================
Received Import Request.
  Time since last request: 4.983673 seconds.
  path: Assets/Prefab/enemy/Heavenly Doge.prefab
  artifactKey: Guid(7253c504596f7d14d97d056d89622915) Importer(815301076,1909f56bfc062723c751e8b465ee728b)
Start importing Assets/Prefab/enemy/Heavenly Doge.prefab using Guid(7253c504596f7d14d97d056d89622915) Importer(815301076,1909f56bfc062723c751e8b465ee728b)  -> (artifact id: 'edccf8828f7631a1eb9b146026541b7a') in 0.274475 seconds 
  Import took 0.307070 seconds .

========================================================================
Received Import Request.
  Time since last request: 13.444677 seconds.
  path: Assets/Prefab/enemy/THE SPHERE.prefab
  artifactKey: Guid(babdf7e0931081047befaf4c9e1052a8) Importer(815301076,1909f56bfc062723c751e8b465ee728b)
Start importing Assets/Prefab/enemy/THE SPHERE.prefab using Guid(babdf7e0931081047befaf4c9e1052a8) Importer(815301076,1909f56bfc062723c751e8b465ee728b)  -> (artifact id: 'd1c3af31bb2cf8456917627dcd801e34') in 0.360075 seconds 
  Import took 0.378936 seconds .

========================================================================
Received Import Request.
  Time since last request: 3.372631 seconds.
  path: Assets/Prefab/enemy/THE CUBE.prefab
  artifactKey: Guid(a3e6109a52920394db08f8d8be212686) Importer(815301076,1909f56bfc062723c751e8b465ee728b)
Start importing Assets/Prefab/enemy/THE CUBE.prefab using Guid(a3e6109a52920394db08f8d8be212686) Importer(815301076,1909f56bfc062723c751e8b465ee728b)  -> (artifact id: 'fa564da1365fce6c8372a97712b48777') in 0.193724 seconds 
  Import took 0.218912 seconds .

========================================================================
Received Import Request.
  Time since last request: 0.000682 seconds.
  path: Assets/Prefab/enemy/The Undone.prefab
  artifactKey: Guid(ead4eb2f35e5e874eb72a57c642ee407) Importer(815301076,1909f56bfc062723c751e8b465ee728b)
Start importing Assets/Prefab/enemy/The Undone.prefab using Guid(ead4eb2f35e5e874eb72a57c642ee407) Importer(815301076,1909f56bfc062723c751e8b465ee728b)  -> (artifact id: '1fbaa53577af6287cc0d4bd2a056307c') in 0.200954 seconds 
  Import took 0.218374 seconds .

========================================================================
Received Import Request.
  Time since last request: 1708.466097 seconds.
  path: Assets/Sprite/Enemies/TheUndone.png
  artifactKey: Guid(33f0babc39c119941a0763e232f195cf) Importer(815301076,1909f56bfc062723c751e8b465ee728b)
Start importing Assets/Sprite/Enemies/TheUndone.png using Guid(33f0babc39c119941a0763e232f195cf) Importer(815301076,1909f56bfc062723c751e8b465ee728b)  -> (artifact id: '960b1428e4c761fc51ebe373797f89e2') in 0.090454 seconds 
  Import took 0.133613 seconds .

========================================================================
Received Import Request.
  Time since last request: 7603.328653 seconds.
  path: Assets/Sprite/Enemies/TheUndone.png
  artifactKey: Guid(33f0babc39c119941a0763e232f195cf) Importer(815301076,1909f56bfc062723c751e8b465ee728b)
Start importing Assets/Sprite/Enemies/TheUndone.png using Guid(33f0babc39c119941a0763e232f195cf) Importer(815301076,1909f56bfc062723c751e8b465ee728b)  -> (artifact id: '7ff111394fa4ffd20dae75def4e244af') in 0.155367 seconds 
  Import took 0.193375 seconds .

========================================================================
Received Prepare
Registering precompiled user dll's ...
Registered in 0.049635 seconds.
Begin MonoManager ReloadAssembly
Native extension for WindowsStandalone target not found
Refreshing native plugins compatible for Editor in 1.29 ms, found 3 plugins.
Preloading 0 native plugins for Editor in 0.00 ms.
Mono: successfully reloaded assembly
- Completed reload, in  5.703 seconds
Domain Reload Profiling:
	ReloadAssembly (5712ms)
		BeginReloadAssembly (1669ms)
			ExecutionOrderSort (0ms)
			DisableScriptedObjects (152ms)
			BackupInstance (0ms)
			ReleaseScriptingObjects (1ms)
			CreateAndSetChildDomain (679ms)
		EndReloadAssembly (3570ms)
			LoadAssemblies (908ms)
			RebuildTransferFunctionScriptingTraits (0ms)
			SetupTypeCache (1126ms)
			ReleaseScriptCaches (6ms)
			RebuildScriptCaches (170ms)
			SetupLoadedEditorAssemblies (1343ms)
				LogAssemblyErrors (0ms)
				InitializePlatformSupportModulesInManaged (20ms)
				SetLoadedEditorAssemblies (1ms)
				RefreshPlugins (2ms)
				BeforeProcessingInitializeOnLoad (624ms)
				ProcessInitializeOnLoadAttributes (563ms)
				ProcessInitializeOnLoadMethodAttributes (26ms)
				AfterProcessingInitializeOnLoad (106ms)
				EditorAssembliesLoaded (0ms)
			ExecutionOrderSort2 (0ms)
			AwakeInstancesAfterBackupRestoration (44ms)
Platform modules already initialized, skipping
Refreshing native plugins compatible for Editor in 1.71 ms, found 3 plugins.
Preloading 0 native plugins for Editor in 0.00 ms.
Unloading 3283 Unused Serialized files (Serialized files now loaded: 0)
System memory in use before: 219.2 MB.
System memory in use after: 219.4 MB.

Unloading 15 unused Assets to reduce memory usage. Loaded Objects now: 3960.
Total: 11.160971 ms (FindLiveObjects: 2.035455 ms CreateObjectMapping: 0.925894 ms MarkObjects: 8.120753 ms  DeleteObjects: 0.075087 ms)

AssetImportParameters requested are different than current active one (requested -> active):
  custom:framework-win-MediaFoundation: 216162199b28c13a410421893ffa2e32 -> 
  custom:video-decoder-ogg-theora: a1e56fd34408186e4bbccfd4996cb3dc -> 
  custom:container-muxer-webm: aa71ff27fc2769a1b78a27578f13a17b -> 
  custom:container-demuxer-webm: 4f35f7cbe854078d1ac9338744f61a02 -> 
  custom:container-demuxer-ogg: 62fdf1f143b41e24485cea50d1cbac27 -> 
  custom:video-encoder-webm-vp8: eb34c28f22e8b96e1ab97ce403110664 -> 
  custom:video-codec-MediaFoundation-h265: 746d11721c4dcdbdad8f713fa42b33f4 -> 
  custom:video-decoder-webm-vp8: 9c59270c3fd7afecdb556c50c9e8de78 -> 
  custom:audio-decoder-ogg-vorbis: bf7c407c2cedff20999df2af8eb42d56 -> 
  custom:audio-encoder-webm-vorbis: bf7c407c2cedff20999df2af8eb42d56 -> 
========================================================================
Received Import Request.
  Time since last request: 3410.392194 seconds.
  path: Assets/Sprite/Enemies/TheUndone.png
  artifactKey: Guid(33f0babc39c119941a0763e232f195cf) Importer(815301076,1909f56bfc062723c751e8b465ee728b)
Start importing Assets/Sprite/Enemies/TheUndone.png using Guid(33f0babc39c119941a0763e232f195cf) Importer(815301076,1909f56bfc062723c751e8b465ee728b)  -> (artifact id: '91649f6a1f42a4851811bf8340a71a39') in 0.266465 seconds 
  Import took 0.292596 seconds .

========================================================================
Received Import Request.
  Time since last request: 4.731324 seconds.
  path: Assets/Sprite/Enemies/TheUndone.png
  artifactKey: Guid(33f0babc39c119941a0763e232f195cf) Importer(815301076,1909f56bfc062723c751e8b465ee728b)
Start importing Assets/Sprite/Enemies/TheUndone.png using Guid(33f0babc39c119941a0763e232f195cf) Importer(815301076,1909f56bfc062723c751e8b465ee728b)  -> (artifact id: '37d1debeac4db6c1c00cc9f0e3ea74df') in 0.101965 seconds 
  Import took 0.136034 seconds .

AssetImportWorkerClient::OnTransportError - code=2 error=End of file
